"File: app.c         Assembler  Version HGASM0202      Page 1


   1  0000              ; Generated by holtek-gcc v3.19, Tue Oct 18 18:45:22 2022
   2  0000              ; 
   3  0000              ; Configuration:
   4  0000              ;       with long instruction
   5  0000              ;       Single ROM, Multi-RAM
   6  0000              ;       bits_per_rom_unit:16
   7  0000              ;       with mp1
   8  0000              ;       with tbhp, address(0x9)
   9  0000              ;          Use tabrd-const
  10  0000              ;       
  11  0000              ; SFR address of long-instruction arch:
  12  0000              ;    mp0 = -1,1,0
  13  0000              ;    mp1 = 4,3,2
  14  0000              ;    mp2 = 14,13,12
  15  0000              ;    tbp = 9,7,8
  16  0000              ;    acc = 5
  17  0000              ;    pcl = 6
  18  0000              ;    status = 10
  19  0000              ;    bp = 11
  20  0000              ;    intc = 17
  21  0000              ;       
  22  0000              ;       
  23  0000              ; use 'tabrdc' instead of 'tabrd'
  24  0000              ;       
  25  0000              
  26  0000              #pragma translator "holtek-gcc 4.6.4" "3.19" "build 20130711"
  27  0000              ; Rebuild 718
  28  0000              
  29  0000              ir equ [2]
  30  0000              mp equ [3]
  31  0000              sbp equ [4]
  32  0000              acc equ [5]
  33  0000              bp equ [11]
  34  0000              tblp equ [7]
  35  0000              tbhp equ [9]
  36  0000              status equ [10]
  37  0000              c equ [10].0
  38  0000              ac equ [10].1
  39  0000              z equ [10].2
  40  0000              ov equ [10].3
  41  0000              cz equ [10].6
  42  0000              sc equ [10].7
  43  0000              intc equ [17]
  44  0000              
  45  0000              extern ra:byte
  46  0000              extern rb:byte
  47  0000              extern rc:byte
  48  0000              extern rd:byte
  49  0000              extern re:byte
  50  0000              extern rf:byte
  51  0000              extern rg:byte
  52  0000              extern rh:byte
  53  0000              extern _Crom2Prom:near
  54  0000              extern _Crom2PromNext:near
  55  0000              
  56  0000              RAMBANK 0 @BITDATASEC, @BITDATASEC1
  57  0000              @HCCINIT	.section 'data'
  58  0000              @HCCINIT0	.section 'data'
  59  0000              @BITDATASEC	 .section 'data'
"File: app.ASM       Assembler  Version HGASM0202      Page 2

  60  0000              @BITDATASEC1	 .section 'data'
  61  0000              
  62  0000              #pragma debug scope 1 1
  63  0000              	extern __DELAY3:near
  64  0000              	extern __DELAYX3:near
  65  0000              	extern __DELAYX6:near
  66  0000              	extern __DELAYY5:near
  67  0000              	extern __DELAYY3:near
  68  0000              	extern _builtin_holtek_delay_2:byte
  69  0000              public _delay
  70  0000              #pragma debug scope 2 1

  18  0000              #line 18 "c:\users\user\documents\htk_project\qbell_master_mb_v1_2_f10\app.c"
  18  0000              _delay .section 'code'
  18  0000              _delay proc
  18  0000              public _delay_2
  18  0000  0002[           local _delay_2 db 2 dup(?)	; 2,0
            00
            ]
  18  0002              #pragma debug variable 10 2 _delay_2+0 "time"
  22  0002              #line 22 "c:\users\user\documents\htk_project\qbell_master_mb_v1_2_f10\app.c"
  22  0000  1F00     E  	clr rb
  22  0001  1F00     E  	clr rc
  22  0002              _L2:
  22  0002              #line 22 "c:\users\user\documents\htk_project\qbell_master_mb_v1_2_f10\app.c"
  22  0002  0700     E  	mov a,rb
  22  0003  0200     R  	sub a,_delay_2[0]
  22  0004  0700     E  	mov a,rc
  22  0005  1200     R  	sbc a,_delay_2[1]
  22  0006  3F0A        	sz cz
  22  0007  2800     R  	jmp _L1
  22  0008  0F05        	mov a,5
  22  0009  0080     E  	mov ra,a
  22  000A              _L7:
  18  000A              #line 18 "c:\users\user\documents\htk_project\qbell_master_mb_v1_2_f10\app.c"
  18  000A  0F66        	mov a,102
  18  000B  0080     E  	mov rd,a
  18  000C              _L5:
  27  000C              #line 27 "c:\users\user\documents\htk_project\qbell_master_mb_v1_2_f10\app.c"
  27  000C              ;# 27 "c:\users\user\documents\htk_project\qbell_master_mb_v1_2_f10\app.c" 1
  27  000C  0000        	nop
  27  000D  1780     E  	sdz rd
  27  000E  2800     R  	jmp _L5
  27  000F  1780     E  	sdz ra
  27  0010  2800     R  	jmp _L7
  22  0011              #line 22 "c:\users\user\documents\htk_project\qbell_master_mb_v1_2_f10\app.c"
  22  0011  1480     E  	inc rb
  22  0012  3D0A        	sz z
  22  0013  1480     E  	inc rc
  22  0014  2800     R  	jmp _L2
  22  0015              _L1:
  22  0015  0003        	ret
  22  0016              _delay endp
  22  0016              #line 22 "c:\users\user\documents\htk_project\qbell_master_mb_v1_2_f10\app.c"
  22  0016              #pragma debug scope 1 1
  22  0016              ___pb equ [37]
  22  0000              @crom	.section 'crom'
  22  0000              _LC0:
  22  0000              	db 069h,06eh,020h,036h,030h,020h,06dh,06fh,064h,065h
  22  0005              	db 0ah,00h
"File: app.c         Assembler  Version HGASM0202      Page 3

  22  0006              @crom	.section 'crom'
  22  0006              _LC1:
  22  0006              	db 069h,06eh,020h,039h,030h,020h,06dh,06fh,064h,065h
  22  000B              	db 0ah,00h
  22  000C              @crom	.section 'crom'
  22  000C              _LC2:
  22  000C              	db 069h,06eh,020h,033h,030h,020h,06dh,06fh,064h,065h
  22  0011              	db 0ah,00h
  22  0012              public _sw0_status_check
  22  0012              #pragma debug scope 3 1
  50  0012              #line 50 "c:\users\user\documents\htk_project\qbell_master_mb_v1_2_f10\app.c"
  50  0000              _sw0_status_check .section 'code'
  50  0000              _sw0_status_check proc
  51  0000              #line 51 "c:\users\user\documents\htk_project\qbell_master_mb_v1_2_f10\app.c"
  51  0000  3825        	snz [37].0
  51  0001  2800     R  	jmp _L10
  51  0002              #line 51 "c:\users\user\documents\htk_project\qbell_master_mb_v1_2_f10\app.c"
  51  0002  38A5        	snz [37].1
  51  0003  2800     R  	jmp _L10
  53  0004              #line 53 "c:\users\user\documents\htk_project\qbell_master_mb_v1_2_f10\app.c"
  53  0004  0F00     R  	mov a,low offset _LC0
  53  0005  0080     E  	mov _uart_printf_2[0],a
  53  0006  0F00     R  	mov a,high offset _LC0
  53  0007  0080     E  	mov _uart_printf_2[1],a
  53  0008  2000     E  	call _uart_printf
  54  0009              #line 54 "c:\users\user\documents\htk_project\qbell_master_mb_v1_2_f10\app.c"
  54  0009  0F0A        	mov a,10
  54  000A  0080     E  	mov _intF[3],a
  54  000B  2800     R  	jmp _L11
  54  000C              _L10:
  56  000C              #line 56 "c:\users\user\documents\htk_project\qbell_master_mb_v1_2_f10\app.c"
  56  000C  3825        	snz [37].0
  56  000D  2800     R  	jmp _L12
  56  000E  3CA5        	sz [37].1
  56  000F  2800     R  	jmp _L12
  58  0010              #line 58 "c:\users\user\documents\htk_project\qbell_master_mb_v1_2_f10\app.c"
  58  0010  0F00     R  	mov a,low offset _LC1
  58  0011  0080     E  	mov _uart_printf_2[0],a
  58  0012  0F00     R  	mov a,high offset _LC1
  58  0013  0080     E  	mov _uart_printf_2[1],a
  58  0014  2000     E  	call _uart_printf
  59  0015              #line 59 "c:\users\user\documents\htk_project\qbell_master_mb_v1_2_f10\app.c"
  59  0015  0F0F        	mov a,15
  59  0016  0080     E  	mov _intF[3],a
  59  0017  2800     R  	jmp _L11
  59  0018              _L12:
  61  0018              #line 61 "c:\users\user\documents\htk_project\qbell_master_mb_v1_2_f10\app.c"
  61  0018  3C25        	sz [37].0
  61  0019  2800     R  	jmp _L13
  61  001A  0725        	mov a,[37]
  61  001B  0080     E  	mov ra,a
  61  001C              _L13:
  63  001C              #line 63 "c:\users\user\documents\htk_project\qbell_master_mb_v1_2_f10\app.c"
  63  001C  0F00     R  	mov a,low offset _LC2
  63  001D  0080     E  	mov _uart_printf_2[0],a
  63  001E  0F00     R  	mov a,high offset _LC2
  63  001F  0080     E  	mov _uart_printf_2[1],a
  63  0020  2000     E  	call _uart_printf
  64  0021              #line 64 "c:\users\user\documents\htk_project\qbell_master_mb_v1_2_f10\app.c"
  64  0021  0F05        	mov a,5
"File: app.c         Assembler  Version HGASM0202      Page 4

  64  0022  0080     E  	mov _intF[3],a
  64  0023              _L11:
  71  0023              #line 71 "c:\users\user\documents\htk_project\qbell_master_mb_v1_2_f10\app.c"
  71  0023  0FE8        	mov a,-24
  71  0024  0080     R  	mov _delay_2[0],a
  71  0025  0F03        	mov a,3
  71  0026  0080     R  	mov _delay_2[1],a
  71  0027  2000     R  	call _delay
  71  0028  0003        	ret
  71  0029              _sw0_status_check endp
  71  0029              #line 71 "c:\users\user\documents\htk_project\qbell_master_mb_v1_2_f10\app.c"
  71  0029              #pragma debug scope 1 1
  71  0029              ___wdtc equ [26]
  71  0029              public _sysInit
  71  0029              #pragma debug scope 4 1
  85  0029              #line 85 "c:\users\user\documents\htk_project\qbell_master_mb_v1_2_f10\app.c"
  85  0000              _sysInit .section 'code'
  85  0000              _sysInit proc
  86  0000              #line 86 "c:\users\user\documents\htk_project\qbell_master_mb_v1_2_f10\app.c"
  86  0000  0FA8        	mov a,168
  86  0001  009A        	mov [26],a
  90  0002              #line 90 "c:\users\user\documents\htk_project\qbell_master_mb_v1_2_f10\app.c"
  90  0002  0F0A        	mov a,10
  90  0003  0080     R  	mov _delay_2[0],a
  90  0004  1F00     R  	clr _delay_2[1]
  90  0005  2000     R  	call _delay
  91  0006              #line 91 "c:\users\user\documents\htk_project\qbell_master_mb_v1_2_f10\app.c"
  91  0006  2000     E  	call _adc_init
  92  0007              #line 92 "c:\users\user\documents\htk_project\qbell_master_mb_v1_2_f10\app.c"
  92  0007  2000     E  	call _IIC_Init
  93  0008              #line 93 "c:\users\user\documents\htk_project\qbell_master_mb_v1_2_f10\app.c"
  93  0008  2000     E  	call _ktd_en
  94  0009              #line 94 "c:\users\user\documents\htk_project\qbell_master_mb_v1_2_f10\app.c"
  94  0009  2000     E  	call _ktd_clear
  95  000A              #line 95 "c:\users\user\documents\htk_project\qbell_master_mb_v1_2_f10\app.c"
  95  000A  0F0A        	mov a,10
  95  000B  0080     R  	mov _delay_2[0],a
  95  000C  1F00     R  	clr _delay_2[1]
  95  000D  2000     R  	call _delay
  96  000E              #line 96 "c:\users\user\documents\htk_project\qbell_master_mb_v1_2_f10\app.c"
  96  000E  2000     E  	call _int_init
  97  000F              #line 97 "c:\users\user\documents\htk_project\qbell_master_mb_v1_2_f10\app.c"
  97  000F  0F0A        	mov a,10
  97  0010  0080     R  	mov _delay_2[0],a
  97  0011  1F00     R  	clr _delay_2[1]
  97  0012  2000     R  	call _delay
  98  0013              #line 98 "c:\users\user\documents\htk_project\qbell_master_mb_v1_2_f10\app.c"
  98  0013  2000     E  	call _RF_Init
  99  0014              #line 99 "c:\users\user\documents\htk_project\qbell_master_mb_v1_2_f10\app.c"
  99  0014  2000     E  	call _RF_Parameter_loading
 100  0015              #line 100 "c:\users\user\documents\htk_project\qbell_master_mb_v1_2_f10\app.c"
 100  0015  0FCD        	mov a,205
 100  0016  0080     E  	mov _SpiWriteRegCMD_2[0],a
 100  0017  0F07        	mov a,7
 100  0018  2000     E  	call _SpiWriteRegCMD
 101  0019              #line 101 "c:\users\user\documents\htk_project\qbell_master_mb_v1_2_f10\app.c"
 101  0019  0F05        	mov a,5
 101  001A  0080     E  	mov _BC3602_T[0],a
 103  001B              #line 103 "c:\users\user\documents\htk_project\qbell_master_mb_v1_2_f10\app.c"
 103  001B  0F0A        	mov a,10
"File: app.c         Assembler  Version HGASM0202      Page 5

 103  001C  0080     R  	mov _delay_2[0],a
 103  001D  1F00     R  	clr _delay_2[1]
 103  001E  2000     R  	call _delay
 105  001F              #line 105 "c:\users\user\documents\htk_project\qbell_master_mb_v1_2_f10\app.c"
 105  001F  2000     E  	call _ktd_clear
 106  0020              #line 106 "c:\users\user\documents\htk_project\qbell_master_mb_v1_2_f10\app.c"
 106  0020  0F0C        	mov a,12
 106  0021  0080     E  	mov _ktd_clockwise_ring_p1_2[5],a
 106  0022  0F01        	mov a,1
 106  0023  0080     E  	mov _ktd_clockwise_ring_p1_2[4],a
 106  0024  0F32        	mov a,50
 106  0025  0080     E  	mov _ktd_clockwise_ring_p1_2[2],a
 106  0026  1F00     E  	clr _ktd_clockwise_ring_p1_2[3]
 106  0027  1F00     E  	clr _ktd_clockwise_ring_p1_2[1]
 106  0028  0FC8        	mov a,200
 106  0029  0080     E  	mov _ktd_clockwise_ring_p1_2[0],a
 106  002A  0F00        	mov a,0
 106  002B  2000     E  	call _ktd_clockwise_ring_p1
 107  002C              #line 107 "c:\users\user\documents\htk_project\qbell_master_mb_v1_2_f10\app.c"
 107  002C  0F0C        	mov a,12
 107  002D  0080     E  	mov _ktd_anticlockwise_ring_p1_2[5],a
 107  002E  0F01        	mov a,1
 107  002F  0080     E  	mov _ktd_anticlockwise_ring_p1_2[4],a
 107  0030  0F32        	mov a,50
 107  0031  0080     E  	mov _ktd_anticlockwise_ring_p1_2[2],a
 107  0032  1F00     E  	clr _ktd_anticlockwise_ring_p1_2[3]
 107  0033  1F00     E  	clr _ktd_anticlockwise_ring_p1_2[1]
 107  0034  0FC8        	mov a,200
 107  0035  0080     E  	mov _ktd_anticlockwise_ring_p1_2[0],a
 107  0036  0F00        	mov a,0
 107  0037  2000     E  	call _ktd_anticlockwise_ring_p1
 108  0038              #line 108 "c:\users\user\documents\htk_project\qbell_master_mb_v1_2_f10\app.c"
 108  0038  0F0C        	mov a,12
 108  0039  0080     E  	mov _ktd_clockwise_ring_p1_2[5],a
 108  003A  0F01        	mov a,1
 108  003B  0080     E  	mov _ktd_clockwise_ring_p1_2[4],a
 108  003C  0F32        	mov a,50
 108  003D  0080     E  	mov _ktd_clockwise_ring_p1_2[2],a
 108  003E  1F00     E  	clr _ktd_clockwise_ring_p1_2[3]
 108  003F  0FC8        	mov a,200
 108  0040  0080     E  	mov _ktd_clockwise_ring_p1_2[1],a
 108  0041  1F00     E  	clr _ktd_clockwise_ring_p1_2[0]
 108  0042  0F00        	mov a,0
 108  0043  2000     E  	call _ktd_clockwise_ring_p1
 109  0044              #line 109 "c:\users\user\documents\htk_project\qbell_master_mb_v1_2_f10\app.c"
 109  0044  0F0C        	mov a,12
 109  0045  0080     E  	mov _ktd_anticlockwise_ring_p1_2[5],a
 109  0046  0F01        	mov a,1
 109  0047  0080     E  	mov _ktd_anticlockwise_ring_p1_2[4],a
 109  0048  0F32        	mov a,50
 109  0049  0080     E  	mov _ktd_anticlockwise_ring_p1_2[2],a
 109  004A  1F00     E  	clr _ktd_anticlockwise_ring_p1_2[3]
 109  004B  0FC8        	mov a,200
 109  004C  0080     E  	mov _ktd_anticlockwise_ring_p1_2[1],a
 109  004D  1F00     E  	clr _ktd_anticlockwise_ring_p1_2[0]
 109  004E  0F00        	mov a,0
 109  004F  2000     E  	call _ktd_anticlockwise_ring_p1
 110  0050              #line 110 "c:\users\user\documents\htk_project\qbell_master_mb_v1_2_f10\app.c"
 110  0050  0FE8        	mov a,-24
 110  0051  0080     R  	mov _delay_2[0],a
"File: app.c         Assembler  Version HGASM0202      Page 6

 110  0052  0F03        	mov a,3
 110  0053  0080     R  	mov _delay_2[1],a
 110  0054  2000     R  	call _delay
 111  0055              #line 111 "c:\users\user\documents\htk_project\qbell_master_mb_v1_2_f10\app.c"
 111  0055  2000     E  	call _ktd_clear
 111  0056  0003        	ret
 111  0057              _sysInit endp
 111  0057              #line 111 "c:\users\user\documents\htk_project\qbell_master_mb_v1_2_f10\app.c"
 111  0057              #pragma debug scope 1 1
 111  0012              @crom	.section 'crom'
 111  0012              _LC3:
 111  0012              	db 043h,068h,065h,063h,06bh,069h,06eh,067h,020h,044h
 111  0017              	db 065h,076h,069h,063h,065h,020h,041h,064h,064h,072h
 111  001C              	db 065h,073h,073h,03ah,020h,00h
 111  001F              @crom	.section 'crom'
 111  001F              _LC4:
 111  001F              	db 0ah,054h,068h,069h,073h,020h,064h,065h,076h,069h
 111  0024              	db 063h,065h,020h,061h,064h,064h,072h,065h,073h,073h
 111  0029              	db 020h,069h,073h,020h,063h,06fh,070h,069h,065h,064h
 111  002E              	db 020h,061h,06ch,072h,065h,061h,064h,079h,0ah,00h
 111  0033              @crom	.section 'crom'
 111  0033              _LC5:
 111  0033              	db 044h,065h,076h,069h,063h,065h,020h,041h,064h,064h
 111  0038              	db 072h,065h,073h,073h,020h,043h,06fh,070h,079h,03ah
 111  003D              	db 020h,00h
 111  003E              @crom	.section 'crom'
 111  003E              _LC6:
 111  003E              	db 0ah,043h,06fh,06dh,070h,061h,072h,069h,06eh,067h
 111  0043              	db 020h,074h,068h,065h,020h,041h,064h,064h,072h,065h
 111  0048              	db 073h,073h,020h,061h,06eh,064h,020h,041h,064h,064h
 111  004D              	db 072h,065h,073h,073h,020h,043h,06fh,070h,079h,0ah
 111  0052              	db 00h
 111  0053              @crom	.section 'crom'
 111  0053              _LC7:
 111  0053              	db 041h,064h,064h,072h,065h,073h,073h,020h,04dh,061h
 111  0058              	db 074h,063h,068h,069h,06eh,067h,0ah,00h
 111  005C              @crom	.section 'crom'
 111  005C              _LC8:
 111  005C              	db 041h,064h,064h,072h,065h,073h,073h,020h,04eh,06fh
 111  0061              	db 074h,020h,04dh,061h,074h,063h,068h,069h,06eh,067h
 111  0066              	db 0ah,00h
 111  0067              @crom	.section 'crom'
 111  0067              _LC9:
 111  0067              	db 054h,068h,065h,020h,044h,065h,076h,069h,063h,065h
 111  006C              	db 020h,061h,064h,064h,072h,065h,073h,073h,020h,069h
 111  0071              	db 073h,020h,06eh,06fh,074h,020h,043h,06fh,070h,069h
 111  0076              	db 065h,064h,020h,079h,065h,074h,0ah,043h,068h,065h
 111  007B              	db 063h,06bh,069h,06eh,067h,020h,066h,06fh,072h,020h
 111  0080              	db 074h,068h,065h,020h,066h,069h,072h,073h,074h,020h
 111  0085              	db 062h,06fh,06fh,074h,03ah,020h,00h
 111  0088              @crom	.section 'crom'
 111  0088              _LC10:
 111  0088              	db 044h,065h,076h,069h,063h,065h,020h,069h,073h,020h
 111  008D              	db 062h,06fh,06fh,074h,020h,066h,06fh,072h,020h,066h
 111  0092              	db 069h,072h,073h,074h,020h,074h,069h,06dh,065h,0ah
 111  0097              	db 00h
 111  0098              @crom	.section 'crom'
 111  0098              _LC11:
 111  0098              	db 054h,068h,069h,073h,020h,044h,065h,076h,069h,063h
 111  009D              	db 065h,020h,069h,073h,020h,06eh,06fh,074h,020h,042h
"File: app.c         Assembler  Version HGASM0202      Page 7

 111  00A2              	db 06fh,06fh,074h,069h,06eh,067h,020h,066h,06fh,072h
 111  00A7              	db 020h,066h,069h,072h,073h,074h,020h,074h,069h,06dh
 111  00AC              	db 065h,02ch,020h,073h,06fh,06dh,065h,020h,06fh,074h
 111  00B1              	db 068h,065h,072h,020h,069h,073h,073h,075h,065h,0ah
 111  00B6              	db 00h
 111  00B6              public _app_eeprom_check
 111  00B6              #pragma debug scope 5 1
 115  00B6              #line 115 "c:\users\user\documents\htk_project\qbell_master_mb_v1_2_f10\app.c"
 115  0000              _app_eeprom_check .section 'code'
 115  0000              _app_eeprom_check proc
 131  0000              #line 131 "c:\users\user\documents\htk_project\qbell_master_mb_v1_2_f10\app.c"
 131  0000  0F00     R  	mov a,low offset _LC3
 131  0001  0080     E  	mov _uart_printf_2[0],a
 131  0002  0F00     R  	mov a,high offset _LC3
 131  0003  0080     E  	mov _uart_printf_2[1],a
 131  0004  2000     E  	call _uart_printf
 132  0005              #line 132 "c:\users\user\documents\htk_project\qbell_master_mb_v1_2_f10\app.c"
 132  0005  2000     E  	call _eepromDeviceAddrRead
 133  0006              #line 133 "c:\users\user\documents\htk_project\qbell_master_mb_v1_2_f10\app.c"
 133  0006  0F00     E  	mov a,low (offset _intF+6)
 133  0007  0080     E  	mov _uart_printf_2[0],a
 133  0008  0F00     E  	mov a,high (offset _intF+6)
 133  0009  0080     E  	mov _uart_printf_2[1],a
 133  000A  2000     E  	call _uart_printf
 138  000B              #line 138 "c:\users\user\documents\htk_project\qbell_master_mb_v1_2_f10\app.c"
 138  000B  0700     E  	mov a,_intF[6]
 138  000C  0A40        	sub a,64
 138  000D  390A        	snz z
 138  000E  2800     R  	jmp _L25
 140  000F              #line 140 "c:\users\user\documents\htk_project\qbell_master_mb_v1_2_f10\app.c"
 140  000F  0F00     R  	mov a,low offset _LC4
 140  0010  0080     E  	mov _uart_printf_2[0],a
 140  0011  0F00     R  	mov a,high offset _LC4
 140  0012  0080     E  	mov _uart_printf_2[1],a
 140  0013  2000     E  	call _uart_printf
 141  0014              #line 141 "c:\users\user\documents\htk_project\qbell_master_mb_v1_2_f10\app.c"
 141  0014  2000     E  	call _eepromDeviceAddrCpyRead
 142  0015              #line 142 "c:\users\user\documents\htk_project\qbell_master_mb_v1_2_f10\app.c"
 142  0015  0F00     R  	mov a,low offset _LC5
 142  0016  0080     E  	mov _uart_printf_2[0],a
 142  0017  0F00     R  	mov a,high offset _LC5
 142  0018  0080     E  	mov _uart_printf_2[1],a
 142  0019  2000     E  	call _uart_printf
 143  001A              #line 143 "c:\users\user\documents\htk_project\qbell_master_mb_v1_2_f10\app.c"
 143  001A  0F00     E  	mov a,low (offset _intF+33)
 143  001B  0080     E  	mov _uart_printf_2[0],a
 143  001C  0F00     E  	mov a,high (offset _intF+33)
 143  001D  0080     E  	mov _uart_printf_2[1],a
 143  001E  2000     E  	call _uart_printf
 144  001F              #line 144 "c:\users\user\documents\htk_project\qbell_master_mb_v1_2_f10\app.c"
 144  001F  0F00     R  	mov a,low offset _LC6
 144  0020  0080     E  	mov _uart_printf_2[0],a
 144  0021  0F00     R  	mov a,high offset _LC6
 144  0022  0080     E  	mov _uart_printf_2[1],a
 144  0023  2000     E  	call _uart_printf
 146  0024              #line 146 "c:\users\user\documents\htk_project\qbell_master_mb_v1_2_f10\app.c"
 146  0024  0F05        	mov a,5
 146  0025  0080     E  	mov _memcmp_2[4],a
 146  0026  1F00     E  	clr _memcmp_2[5]
 146  0027  0F00     E  	mov a,low (offset _intF+33)
"File: app.c         Assembler  Version HGASM0202      Page 8

 146  0028  0080     E  	mov _memcmp_2[2],a
 146  0029  0F00     E  	mov a,high (offset _intF+33)
 146  002A  0080     E  	mov _memcmp_2[3],a
 146  002B  0F00     E  	mov a,low (offset _intF+6)
 146  002C  0080     E  	mov _memcmp_2[0],a
 146  002D  0F00     E  	mov a,high (offset _intF+6)
 146  002E  0080     E  	mov _memcmp_2[1],a
 146  002F  2000     E  	call _memcmp
 146  0030  0700     E  	mov a,ra
 146  0031  0500     E  	or a,rb
 146  0032  390A        	snz z
 146  0033  2800     R  	jmp _L26
 148  0034              #line 148 "c:\users\user\documents\htk_project\qbell_master_mb_v1_2_f10\app.c"
 148  0034  0F00     R  	mov a,low offset _LC7
 148  0035  0080     E  	mov _uart_printf_2[0],a
 148  0036  0F00     R  	mov a,high offset _LC7
 148  0037  0080     E  	mov _uart_printf_2[1],a
 148  0038  2000     E  	call _uart_printf
 148  0039  2800     R  	jmp _L30
 148  003A              _L26:
 153  003A              #line 153 "c:\users\user\documents\htk_project\qbell_master_mb_v1_2_f10\app.c"
 153  003A  0F00     R  	mov a,low offset _LC8
 153  003B  0080     E  	mov _uart_printf_2[0],a
 153  003C  0F00     R  	mov a,high offset _LC8
 153  003D  0080     E  	mov _uart_printf_2[1],a
 153  003E  2800     R  	jmp _L29
 153  003F              _L25:
 160  003F              #line 160 "c:\users\user\documents\htk_project\qbell_master_mb_v1_2_f10\app.c"
 160  003F  0F00     R  	mov a,low offset _LC9
 160  0040  0080     E  	mov _uart_printf_2[0],a
 160  0041  0F00     R  	mov a,high offset _LC9
 160  0042  0080     E  	mov _uart_printf_2[1],a
 160  0043  2000     E  	call _uart_printf
 161  0044              #line 161 "c:\users\user\documents\htk_project\qbell_master_mb_v1_2_f10\app.c"
 161  0044  0700     E  	mov a,_intF[6]
 161  0045  2000     E  	call _uart_send
 163  0046              #line 163 "c:\users\user\documents\htk_project\qbell_master_mb_v1_2_f10\app.c"
 163  0046  0700     E  	mov a,_intF[6]
 163  0047  0A41        	sub a,65
 163  0048  390A        	snz z
 163  0049  2800     R  	jmp _L28
 165  004A              #line 165 "c:\users\user\documents\htk_project\qbell_master_mb_v1_2_f10\app.c"
 165  004A  0F00     R  	mov a,low offset _LC10
 165  004B  0080     E  	mov _uart_printf_2[0],a
 165  004C  0F00     R  	mov a,high offset _LC10
 165  004D  0080     E  	mov _uart_printf_2[1],a
 165  004E  2000     E  	call _uart_printf
 166  004F              #line 166 "c:\users\user\documents\htk_project\qbell_master_mb_v1_2_f10\app.c"
 166  004F  0F40        	mov a,64
 166  0050  0080     E  	mov _eeprom_write_2[0],a
 166  0051  0F00        	mov a,0
 166  0052  2000     E  	call _eeprom_write
 167  0053              #line 167 "c:\users\user\documents\htk_project\qbell_master_mb_v1_2_f10\app.c"
 167  0053  0F01        	mov a,1
 167  0054  0080     R  	mov _delay_2[0],a
 167  0055  1F00     R  	clr _delay_2[1]
 167  0056  2000     R  	call _delay
 168  0057              #line 168 "c:\users\user\documents\htk_project\qbell_master_mb_v1_2_f10\app.c"
 168  0057  2000     E  	call _eepromDeviceAddrRead
 169  0058              #line 169 "c:\users\user\documents\htk_project\qbell_master_mb_v1_2_f10\app.c"
"File: app.c         Assembler  Version HGASM0202      Page 9

 169  0058  0F01        	mov a,1
 169  0059  0080     R  	mov _delay_2[0],a
 169  005A  1F00     R  	clr _delay_2[1]
 169  005B  2000     R  	call _delay
 171  005C              #line 171 "c:\users\user\documents\htk_project\qbell_master_mb_v1_2_f10\app.c"
 171  005C  0F01        	mov a,1
 171  005D  0080     R  	mov _delay_2[0],a
 171  005E  1F00     R  	clr _delay_2[1]
 171  005F  2000     R  	call _delay
 172  0060              #line 172 "c:\users\user\documents\htk_project\qbell_master_mb_v1_2_f10\app.c"
 172  0060  2000     E  	call _eepromDeviceAddrCpyWrite
 173  0061              #line 173 "c:\users\user\documents\htk_project\qbell_master_mb_v1_2_f10\app.c"
 173  0061  0F01        	mov a,1
 173  0062  0080     R  	mov _delay_2[0],a
 173  0063  1F00     R  	clr _delay_2[1]
 173  0064  2000     R  	call _delay
 173  0065              _L30:
 174  0065              #line 174 "c:\users\user\documents\htk_project\qbell_master_mb_v1_2_f10\app.c"
 174  0065  1F00     E  	clr _intF[38]
 174  0066  2800     R  	jmp _L24
 174  0067              _L28:
 178  0067              #line 178 "c:\users\user\documents\htk_project\qbell_master_mb_v1_2_f10\app.c"
 178  0067  0F00     R  	mov a,low offset _LC11
 178  0068  0080     E  	mov _uart_printf_2[0],a
 178  0069  0F00     R  	mov a,high offset _LC11
 178  006A  0080     E  	mov _uart_printf_2[1],a
 178  006B              _L29:
 178  006B  2000     E  	call _uart_printf
 179  006C              #line 179 "c:\users\user\documents\htk_project\qbell_master_mb_v1_2_f10\app.c"
 179  006C  0F01        	mov a,1
 179  006D  0080     E  	mov _intF[38],a
 179  006E              _L24:
 179  006E  0003        	ret
 179  006F              _app_eeprom_check endp
 179  006F              #line 179 "c:\users\user\documents\htk_project\qbell_master_mb_v1_2_f10\app.c"
 179  006F              #pragma debug scope 1 1
 179  00B6              @crom	.section 'crom'
 179  00B6              _LC12:
 179  00B6              	db 04eh,06fh,074h,069h,066h,069h,063h,061h,074h,069h
 179  00BB              	db 06fh,06eh,020h,052h,065h,063h,065h,069h,076h,065h
 179  00C0              	db 064h,020h,066h,072h,06fh,06dh,020h,050h,061h,069h
 179  00C5              	db 072h,065h,064h,020h,044h,065h,076h,069h,063h,065h
 179  00CA              	db 0ah,00h
 179  00CB              @crom	.section 'crom'
 179  00CB              _LC13:
 179  00CB              	db 04ch,06fh,077h,020h,056h,06fh,06ch,074h,061h,067h
 179  00D0              	db 065h,020h,044h,065h,074h,065h,063h,074h,065h,064h
 179  00D5              	db 0ah,00h
 179  00D6              public _app
 179  00D6              #pragma debug scope 6 1
 186  00D6              #line 186 "c:\users\user\documents\htk_project\qbell_master_mb_v1_2_f10\app.c"
 186  0000              _app .section 'code'
 186  0000              _app proc
 186  0000  00              local _app_2 db 1 dup(?)	; 0,1
 202  0001              #line 202 "c:\users\user\documents\htk_project\qbell_master_mb_v1_2_f10\app.c"
 202  0000  1E00     E  	snz _intF[0]
 202  0001  2800     R  	jmp _L32
 202  0002              #pragma debug scope 7 6
 202  0002              ;begin block, line: 202.-1
 204  0002              #line 204 "c:\users\user\documents\htk_project\qbell_master_mb_v1_2_f10\app.c"
"File: app.c         Assembler  Version HGASM0202      Page 10

 204  0002  1F00     E  	clr _intF[0]
 208  0003              #line 208 "c:\users\user\documents\htk_project\qbell_master_mb_v1_2_f10\app.c"
 208  0003  0700     E  	mov a,_intF[13]
 208  0004  0080     E  	mov rc,a
 208  0005  0700     E  	mov a,_intF[14]
 208  0006  0080     E  	mov rb,a
 208  0007  0700     E  	mov a,_intF[15]
 208  0008  0080     E  	mov ra,a
 211  0009              #line 211 "c:\users\user\documents\htk_project\qbell_master_mb_v1_2_f10\app.c"
 211  0009  0700     E  	mov a,_intF[12]
 211  000A  0A30        	sub a,48
 211  000B  390A        	snz z
 211  000C  2800     R  	jmp _L32
 211  000D  0700     E  	mov a,_intF[7]
 211  000E  0200     E  	sub a,rc
 211  000F  390A        	snz z
 211  0010  2800     R  	jmp _L32
 211  0011  0700     E  	mov a,_intF[8]
 211  0012  0200     E  	sub a,rb
 211  0013  390A        	snz z
 211  0014  2800     R  	jmp _L32
 212  0015              #line 212 "c:\users\user\documents\htk_project\qbell_master_mb_v1_2_f10\app.c"
 212  0015  0700     E  	mov a,_intF[9]
 212  0016  0200     E  	sub a,ra
 212  0017  390A        	snz z
 212  0018  2800     R  	jmp _L32
 212  0019              #pragma debug scope 8 7
 212  0019              ;begin block, line: 212.-1
 212  0019              #pragma debug variable 8 8 _app_2+0 "i"
 218  0019              #line 218 "c:\users\user\documents\htk_project\qbell_master_mb_v1_2_f10\app.c"
 218  0019  0F00     R  	mov a,low offset _LC12
 218  001A  0080     E  	mov _uart_printf_2[0],a
 218  001B  0F00     R  	mov a,high offset _LC12
 218  001C  0080     E  	mov _uart_printf_2[1],a
 218  001D  2000     E  	call _uart_printf
 219  001E              #line 219 "c:\users\user\documents\htk_project\qbell_master_mb_v1_2_f10\app.c"
 219  001E  2000     R  	call _sw0_status_check
 221  001F              #line 221 "c:\users\user\documents\htk_project\qbell_master_mb_v1_2_f10\app.c"
 221  001F  36A5        	clr [37].5
 222  0020              #line 222 "c:\users\user\documents\htk_project\qbell_master_mb_v1_2_f10\app.c"
 222  0020  1F00     R  	clr _app_2[0]
 222  0021              _L34:
 222  0021  0700     R  	mov a,_app_2[0]
 222  0022  0200     E  	sub a,_intF[3]
 222  0023  3C0A        	sz c
 222  0024  2800     R  	jmp _L37
 224  0025              #line 224 "c:\users\user\documents\htk_project\qbell_master_mb_v1_2_f10\app.c"
 224  0025  0F09        	mov a,9
 224  0026  0200     R  	sub a,_app_2[0]
 224  0027  380A        	snz c
 224  0028  2800     R  	jmp _L35
 226  0029              #line 226 "c:\users\user\documents\htk_project\qbell_master_mb_v1_2_f10\app.c"
 226  0029  32A5        	set [37].5
 227  002A              #line 227 "c:\users\user\documents\htk_project\qbell_master_mb_v1_2_f10\app.c"
 227  002A  3E25        	sz [37].4
 227  002B  2800     R  	jmp _L36
 227  002C              _L37:
 280  002C              #line 280 "c:\users\user\documents\htk_project\qbell_master_mb_v1_2_f10\app.c"
 280  002C  2000     E  	call _ktd_en
 281  002D              #line 281 "c:\users\user\documents\htk_project\qbell_master_mb_v1_2_f10\app.c"
"File: app.c         Assembler  Version HGASM0202      Page 11

 281  002D  2000     E  	call _ktd_clear
 282  002E              #line 282 "c:\users\user\documents\htk_project\qbell_master_mb_v1_2_f10\app.c"
 282  002E  36A5        	clr [37].5
 284  002F              #line 284 "c:\users\user\documents\htk_project\qbell_master_mb_v1_2_f10\app.c"
 284  002F  0700     E  	mov a,_intF[4]
 284  0030  2000     E  	call _rgb_mode
 285  0031              #line 285 "c:\users\user\documents\htk_project\qbell_master_mb_v1_2_f10\app.c"
 285  0031  0F88        	mov a,-120
 285  0032  0080     R  	mov _delay_2[0],a
 285  0033  0F13        	mov a,19
 285  0034  0080     R  	mov _delay_2[1],a
 285  0035  2000     R  	call _delay
 286  0036              #line 286 "c:\users\user\documents\htk_project\qbell_master_mb_v1_2_f10\app.c"
 286  0036  2000     E  	call _led_clear
 286  0037  2800     R  	jmp _L32
 286  0038              _L36:
 229  0038              #line 229 "c:\users\user\documents\htk_project\qbell_master_mb_v1_2_f10\app.c"
 229  0038  0F0C        	mov a,12
 229  0039  0080     E  	mov _ktd_clockwise_ring_p1_2[5],a
 229  003A  0F01        	mov a,1
 229  003B  0080     E  	mov _ktd_clockwise_ring_p1_2[4],a
 229  003C  0F0A        	mov a,10
 229  003D  0080     E  	mov _ktd_clockwise_ring_p1_2[2],a
 229  003E  1F00     E  	clr _ktd_clockwise_ring_p1_2[3]
 229  003F  0F97        	mov a,151
 229  0040  0080     E  	mov _ktd_clockwise_ring_p1_2[1],a
 229  0041  0F2B        	mov a,43
 229  0042  0080     E  	mov _ktd_clockwise_ring_p1_2[0],a
 229  0043  0F8C        	mov a,140
 229  0044  2000     E  	call _ktd_clockwise_ring_p1
 230  0045              #line 230 "c:\users\user\documents\htk_project\qbell_master_mb_v1_2_f10\app.c"
 230  0045  3A25        	snz [37].4
 230  0046  2800     R  	jmp _L37
 232  0047              #line 232 "c:\users\user\documents\htk_project\qbell_master_mb_v1_2_f10\app.c"
 232  0047  0F0C        	mov a,12
 232  0048  0080     E  	mov _ktd_anticlockwise_ring_p1_2[5],a
 232  0049  0F01        	mov a,1
 232  004A  0080     E  	mov _ktd_anticlockwise_ring_p1_2[4],a
 232  004B  0F0A        	mov a,10
 232  004C  0080     E  	mov _ktd_anticlockwise_ring_p1_2[2],a
 232  004D  1F00     E  	clr _ktd_anticlockwise_ring_p1_2[3]
 232  004E  0F97        	mov a,151
 232  004F  0080     E  	mov _ktd_anticlockwise_ring_p1_2[1],a
 232  0050  0F2B        	mov a,43
 232  0051  0080     E  	mov _ktd_anticlockwise_ring_p1_2[0],a
 232  0052  0F8C        	mov a,140
 232  0053  2000     E  	call _ktd_anticlockwise_ring_p1
 234  0054              #line 234 "c:\users\user\documents\htk_project\qbell_master_mb_v1_2_f10\app.c"
 234  0054  3A25        	snz [37].4
 234  0055  2800     R  	jmp _L37
 236  0056              #line 236 "c:\users\user\documents\htk_project\qbell_master_mb_v1_2_f10\app.c"
 236  0056  36A5        	clr [37].5
 237  0057              #line 237 "c:\users\user\documents\htk_project\qbell_master_mb_v1_2_f10\app.c"
 237  0057  0F0C        	mov a,12
 237  0058  0080     E  	mov _ktd_clockwise_ring_p1_2[5],a
 237  0059  0F01        	mov a,1
 237  005A  0080     E  	mov _ktd_clockwise_ring_p1_2[4],a
 237  005B  0F0A        	mov a,10
 237  005C  0080     E  	mov _ktd_clockwise_ring_p1_2[2],a
 237  005D  1F00     E  	clr _ktd_clockwise_ring_p1_2[3]
"File: app.c         Assembler  Version HGASM0202      Page 12

 237  005E  0FD9        	mov a,217
 237  005F  0080     E  	mov _ktd_clockwise_ring_p1_2[1],a
 237  0060  0F27        	mov a,39
 237  0061  0080     E  	mov _ktd_clockwise_ring_p1_2[0],a
 237  0062  0F16        	mov a,22
 237  0063  2000     E  	call _ktd_clockwise_ring_p1
 238  0064              #line 238 "c:\users\user\documents\htk_project\qbell_master_mb_v1_2_f10\app.c"
 238  0064  3A25        	snz [37].4
 238  0065  2800     R  	jmp _L37
 240  0066              #line 240 "c:\users\user\documents\htk_project\qbell_master_mb_v1_2_f10\app.c"
 240  0066  0F0C        	mov a,12
 240  0067  0080     E  	mov _ktd_anticlockwise_ring_p1_2[5],a
 240  0068  0F01        	mov a,1
 240  0069  0080     E  	mov _ktd_anticlockwise_ring_p1_2[4],a
 240  006A  0F0A        	mov a,10
 240  006B  0080     E  	mov _ktd_anticlockwise_ring_p1_2[2],a
 240  006C  1F00     E  	clr _ktd_anticlockwise_ring_p1_2[3]
 240  006D  0FD9        	mov a,217
 240  006E  0080     E  	mov _ktd_anticlockwise_ring_p1_2[1],a
 240  006F  0F27        	mov a,39
 240  0070  0080     E  	mov _ktd_anticlockwise_ring_p1_2[0],a
 240  0071  0F16        	mov a,22
 240  0072  2000     E  	call _ktd_anticlockwise_ring_p1
 242  0073              #line 242 "c:\users\user\documents\htk_project\qbell_master_mb_v1_2_f10\app.c"
 242  0073  3A25        	snz [37].4
 242  0074  2800     R  	jmp _L37
 244  0075              #line 244 "c:\users\user\documents\htk_project\qbell_master_mb_v1_2_f10\app.c"
 244  0075  32A5        	set [37].5
 245  0076              #line 245 "c:\users\user\documents\htk_project\qbell_master_mb_v1_2_f10\app.c"
 245  0076  0F0C        	mov a,12
 245  0077  0080     E  	mov _ktd_clockwise_ring_p1_2[5],a
 245  0078  0F01        	mov a,1
 245  0079  0080     E  	mov _ktd_clockwise_ring_p1_2[4],a
 245  007A  0F0A        	mov a,10
 245  007B  0080     E  	mov _ktd_clockwise_ring_p1_2[2],a
 245  007C  1F00     E  	clr _ktd_clockwise_ring_p1_2[3]
 245  007D  0F14        	mov a,20
 245  007E  0080     E  	mov _ktd_clockwise_ring_p1_2[1],a
 245  007F  0FBA        	mov a,186
 245  0080  0080     E  	mov _ktd_clockwise_ring_p1_2[0],a
 245  0081  0F11        	mov a,17
 245  0082  2000     E  	call _ktd_clockwise_ring_p1
 246  0083              #line 246 "c:\users\user\documents\htk_project\qbell_master_mb_v1_2_f10\app.c"
 246  0083  3A25        	snz [37].4
 246  0084  2800     R  	jmp _L37
 248  0085              #line 248 "c:\users\user\documents\htk_project\qbell_master_mb_v1_2_f10\app.c"
 248  0085  0F0C        	mov a,12
 248  0086  0080     E  	mov _ktd_anticlockwise_ring_p1_2[5],a
 248  0087  0F01        	mov a,1
 248  0088  0080     E  	mov _ktd_anticlockwise_ring_p1_2[4],a
 248  0089  0F0A        	mov a,10
 248  008A  0080     E  	mov _ktd_anticlockwise_ring_p1_2[2],a
 248  008B  1F00     E  	clr _ktd_anticlockwise_ring_p1_2[3]
 248  008C  0F14        	mov a,20
 248  008D  0080     E  	mov _ktd_anticlockwise_ring_p1_2[1],a
 248  008E  0FBA        	mov a,186
 248  008F  0080     E  	mov _ktd_anticlockwise_ring_p1_2[0],a
 248  0090  0F11        	mov a,17
 248  0091  2000     E  	call _ktd_anticlockwise_ring_p1
 250  0092              #line 250 "c:\users\user\documents\htk_project\qbell_master_mb_v1_2_f10\app.c"
"File: app.c         Assembler  Version HGASM0202      Page 13

 250  0092  3A25        	snz [37].4
 250  0093  2800     R  	jmp _L37
 252  0094              #line 252 "c:\users\user\documents\htk_project\qbell_master_mb_v1_2_f10\app.c"
 252  0094  36A5        	clr [37].5
 253  0095              #line 253 "c:\users\user\documents\htk_project\qbell_master_mb_v1_2_f10\app.c"
 253  0095  0F0A        	mov a,10
 253  0096  0080     R  	mov _delay_2[0],a
 253  0097  1F00     R  	clr _delay_2[1]
 253  0098  2800     R  	jmp _L83
 253  0099              _L35:
 257  0099              #line 257 "c:\users\user\documents\htk_project\qbell_master_mb_v1_2_f10\app.c"
 257  0099  0F24        	mov a,36
 257  009A  0080     E  	mov _ktd_ctrl_2[0],a
 257  009B  0F80        	mov a,128
 257  009C  2000     E  	call _ktd_ctrl
 258  009D              #line 258 "c:\users\user\documents\htk_project\qbell_master_mb_v1_2_f10\app.c"
 258  009D  32A5        	set [37].5
 259  009E              #line 259 "c:\users\user\documents\htk_project\qbell_master_mb_v1_2_f10\app.c"
 259  009E  3A25        	snz [37].4
 259  009F  2800     R  	jmp _L37
 261  00A0              #line 261 "c:\users\user\documents\htk_project\qbell_master_mb_v1_2_f10\app.c"
 261  00A0  1F00     E  	clr _ktd_rgb_ctrl_2[1]
 261  00A1  1F00     E  	clr _ktd_rgb_ctrl_2[0]
 261  00A2  0FFF        	mov a,255
 261  00A3  2000     E  	call _ktd_rgb_ctrl
 262  00A4              #line 262 "c:\users\user\documents\htk_project\qbell_master_mb_v1_2_f10\app.c"
 262  00A4  0FE8        	mov a,-24
 262  00A5  0080     R  	mov _delay_2[0],a
 262  00A6  0F03        	mov a,3
 262  00A7  0080     R  	mov _delay_2[1],a
 262  00A8  2000     R  	call _delay
 263  00A9              #line 263 "c:\users\user\documents\htk_project\qbell_master_mb_v1_2_f10\app.c"
 263  00A9  3A25        	snz [37].4
 263  00AA  2800     R  	jmp _L37
 265  00AB              #line 265 "c:\users\user\documents\htk_project\qbell_master_mb_v1_2_f10\app.c"
 265  00AB  1F00     E  	clr _ktd_rgb_ctrl_2[1]
 265  00AC  1F80     E  	set _ktd_rgb_ctrl_2[0]
 265  00AD  0F00        	mov a,0
 265  00AE  2000     E  	call _ktd_rgb_ctrl
 266  00AF              #line 266 "c:\users\user\documents\htk_project\qbell_master_mb_v1_2_f10\app.c"
 266  00AF  0FE8        	mov a,-24
 266  00B0  0080     R  	mov _delay_2[0],a
 266  00B1  0F03        	mov a,3
 266  00B2  0080     R  	mov _delay_2[1],a
 266  00B3  2000     R  	call _delay
 267  00B4              #line 267 "c:\users\user\documents\htk_project\qbell_master_mb_v1_2_f10\app.c"
 267  00B4  3A25        	snz [37].4
 267  00B5  2800     R  	jmp _L37
 269  00B6              #line 269 "c:\users\user\documents\htk_project\qbell_master_mb_v1_2_f10\app.c"
 269  00B6  1F80     E  	set _ktd_rgb_ctrl_2[1]
 269  00B7  1F00     E  	clr _ktd_rgb_ctrl_2[0]
 269  00B8  0F00        	mov a,0
 269  00B9  2000     E  	call _ktd_rgb_ctrl
 270  00BA              #line 270 "c:\users\user\documents\htk_project\qbell_master_mb_v1_2_f10\app.c"
 270  00BA  0FE8        	mov a,-24
 270  00BB  0080     R  	mov _delay_2[0],a
 270  00BC  0F03        	mov a,3
 270  00BD  0080     R  	mov _delay_2[1],a
 270  00BE  2000     R  	call _delay
 271  00BF              #line 271 "c:\users\user\documents\htk_project\qbell_master_mb_v1_2_f10\app.c"
"File: app.c         Assembler  Version HGASM0202      Page 14

 271  00BF  3A25        	snz [37].4
 271  00C0  2800     R  	jmp _L37
 273  00C1              #line 273 "c:\users\user\documents\htk_project\qbell_master_mb_v1_2_f10\app.c"
 273  00C1  36A5        	clr [37].5
 274  00C2              #line 274 "c:\users\user\documents\htk_project\qbell_master_mb_v1_2_f10\app.c"
 274  00C2  2000     E  	call _ktd_clear
 275  00C3              #line 275 "c:\users\user\documents\htk_project\qbell_master_mb_v1_2_f10\app.c"
 275  00C3  3A25        	snz [37].4
 275  00C4  2800     R  	jmp _L37
 277  00C5              #line 277 "c:\users\user\documents\htk_project\qbell_master_mb_v1_2_f10\app.c"
 277  00C5  0FD0        	mov a,-48
 277  00C6  0080     R  	mov _delay_2[0],a
 277  00C7  0F07        	mov a,7
 277  00C8  0080     R  	mov _delay_2[1],a
 277  00C9              _L83:
 277  00C9  2000     R  	call _delay
 222  00CA              #line 222 "c:\users\user\documents\htk_project\qbell_master_mb_v1_2_f10\app.c"
 222  00CA  1480     R  	inc _app_2[0]
 222  00CB  2800     R  	jmp _L34
 222  00CC              _L32:
 222  00CC              #pragma debug scope 7 6
 222  00CC              #pragma debug scope 6 1
 315  00CC              #line 315 "c:\users\user\documents\htk_project\qbell_master_mb_v1_2_f10\app.c"
 315  00CC  2000     E  	call _lvd_read
 317  00CD              #line 317 "c:\users\user\documents\htk_project\qbell_master_mb_v1_2_f10\app.c"
 317  00CD  1080     E  	sz _intF[31]
 317  00CE  2800     R  	jmp _L40
 317  00CF              _L48:
 348  00CF              #line 348 "c:\users\user\documents\htk_project\qbell_master_mb_v1_2_f10\app.c"
 348  00CF  0700     E  	mov a,_BC3602_T[0]
 348  00D0  0A04        	sub a,4
 348  00D1  390A        	snz z
 348  00D2  2800     R  	jmp _L42
 349  00D3              #line 349 "c:\users\user\documents\htk_project\qbell_master_mb_v1_2_f10\app.c"
 349  00D3  0F00     E  	mov a,low offset _BC3602_T
 349  00D4  0080     E  	mov _ExtendFIFO_TX_Process_2[0],a
 349  00D5  0F00     E  	mov a,high offset _BC3602_T
 349  00D6  0080     E  	mov _ExtendFIFO_TX_Process_2[1],a
 349  00D7  2000     E  	call _ExtendFIFO_TX_Process
 349  00D8  2800     R  	jmp _L42
 349  00D9              _L40:
 317  00D9              #line 317 "c:\users\user\documents\htk_project\qbell_master_mb_v1_2_f10\app.c"
 317  00D9  0F0B        	mov a,11
 317  00DA  0080     R  	mov _app_2[0],a
 317  00DB              _L43:
 317  00DB              #pragma debug scope 9 6
 317  00DB              ;begin block, line: 317.-1
 317  00DB              #pragma debug variable 8 9 _app_2+0 "tempCount"
 321  00DB              #line 321 "c:\users\user\documents\htk_project\qbell_master_mb_v1_2_f10\app.c"
 321  00DB  1E00     E  	snz _intF[31]
 321  00DC  2800     R  	jmp _L48
 323  00DD              #line 323 "c:\users\user\documents\htk_project\qbell_master_mb_v1_2_f10\app.c"
 323  00DD  0F09        	mov a,9
 323  00DE  0200     R  	sub a,_app_2[0]
 323  00DF  3C0A        	sz c
 323  00E0  2800     R  	jmp _L44
 323  00E1  0F05        	mov a,5
 323  00E2  0080     R  	mov _app_2[0],a
 323  00E3              _L46:
 323  00E3              #pragma debug scope 10 9
"File: app.c         Assembler  Version HGASM0202      Page 15

 323  00E3              ;begin block, line: 323.-1
 330  00E3              #line 330 "c:\users\user\documents\htk_project\qbell_master_mb_v1_2_f10\app.c"
 330  00E3  0F11        	mov a,17
 330  00E4  2000     E  	call _rgb_mode
 331  00E5              #line 331 "c:\users\user\documents\htk_project\qbell_master_mb_v1_2_f10\app.c"
 331  00E5  0FE8        	mov a,-24
 331  00E6  0080     R  	mov _delay_2[0],a
 331  00E7  0F03        	mov a,3
 331  00E8  0080     R  	mov _delay_2[1],a
 331  00E9  2000     R  	call _delay
 332  00EA              #line 332 "c:\users\user\documents\htk_project\qbell_master_mb_v1_2_f10\app.c"
 332  00EA  2000     E  	call _led_clear
 333  00EB              #line 333 "c:\users\user\documents\htk_project\qbell_master_mb_v1_2_f10\app.c"
 333  00EB  0FE8        	mov a,-24
 333  00EC  0080     R  	mov _delay_2[0],a
 333  00ED  0F03        	mov a,3
 333  00EE  0080     R  	mov _delay_2[1],a
 333  00EF  2000     R  	call _delay
 333  00F0  1780     R  	sdz _app_2[0]
 333  00F1  2800     R  	jmp _L46
 339  00F2              #line 339 "c:\users\user\documents\htk_project\qbell_master_mb_v1_2_f10\app.c"
 339  00F2  2000     E  	call _ktd_clear
 325  00F3              #line 325 "c:\users\user\documents\htk_project\qbell_master_mb_v1_2_f10\app.c"
 325  00F3  1F00     R  	clr _app_2[0]
 325  00F4              _L44:
 325  00F4              #pragma debug scope 9 6
 341  00F4              #line 341 "c:\users\user\documents\htk_project\qbell_master_mb_v1_2_f10\app.c"
 341  00F4  1480     R  	inc _app_2[0]
 342  00F5              #line 342 "c:\users\user\documents\htk_project\qbell_master_mb_v1_2_f10\app.c"
 342  00F5  2000     E  	call _lvd_read
 343  00F6              #line 343 "c:\users\user\documents\htk_project\qbell_master_mb_v1_2_f10\app.c"
 343  00F6  0F00     R  	mov a,low offset _LC13
 343  00F7  0080     E  	mov _uart_printf_2[0],a
 343  00F8  0F00     R  	mov a,high offset _LC13
 343  00F9  0080     E  	mov _uart_printf_2[1],a
 343  00FA  2000     E  	call _uart_printf
 344  00FB              #line 344 "c:\users\user\documents\htk_project\qbell_master_mb_v1_2_f10\app.c"
 344  00FB  0FE8        	mov a,-24
 344  00FC  0080     R  	mov _delay_2[0],a
 344  00FD  0F03        	mov a,3
 344  00FE  0080     R  	mov _delay_2[1],a
 344  00FF  2000     R  	call _delay
 344  0100  2800     R  	jmp _L43
 344  0101              _L42:
 344  0101              #pragma debug scope 6 1
 351  0101              #line 351 "c:\users\user\documents\htk_project\qbell_master_mb_v1_2_f10\app.c"
 351  0101  0700     E  	mov a,_BC3602_T[0]
 351  0102  0A05        	sub a,5
 351  0103  390A        	snz z
 351  0104  2800     R  	jmp _L49
 352  0105              #line 352 "c:\users\user\documents\htk_project\qbell_master_mb_v1_2_f10\app.c"
 352  0105  0F00     E  	mov a,low offset _BC3602_T
 352  0106  0080     E  	mov _ExtendFIFO_RX_Process_2[0],a
 352  0107  0F00     E  	mov a,high offset _BC3602_T
 352  0108  0080     E  	mov _ExtendFIFO_RX_Process_2[1],a
 352  0109  2000     E  	call _ExtendFIFO_RX_Process
 352  010A              _L49:
 354  010A              #line 354 "c:\users\user\documents\htk_project\qbell_master_mb_v1_2_f10\app.c"
 354  010A  0F00     E  	mov a,low offset _BC3602_T
 354  010B  0080     E  	mov _RF_Finished_Process_2[0],a
"File: app.c         Assembler  Version HGASM0202      Page 16

 354  010C  0F00     E  	mov a,high offset _BC3602_T
 354  010D  0080     E  	mov _RF_Finished_Process_2[1],a
 354  010E  2000     E  	call _RF_Finished_Process
 354  010F  0003        	ret
 354  0110              _app endp
 354  0110              #line 354 "c:\users\user\documents\htk_project\qbell_master_mb_v1_2_f10\app.c"
 354  0110              #pragma debug scope 1 1
 354  0110              #pragma debug struct_end
 354  0110              #pragma debug struct_end
 354  0110              #pragma debug union_end
 354  0110              #pragma debug union_end
 354  0110              #pragma debug variable 43 1 ___wdtc "__wdtc" 1
 354  0110              #pragma debug struct_end
 354  0110              #pragma debug struct_end
 354  0110              #pragma debug union_end
 354  0110              #pragma debug union_end
 354  0110              #pragma debug variable 45 1 ___pb "__pb" 1
 354  0110              
 354  0110              ; output external variables
 354  0110              extern _BC3602_T:byte
 354  0110              extern _intF:byte
 354  0110              extern _uart_printf_2:byte
 354  0110              extern _uart_printf:near
 354  0110              extern _adc_init:near
 354  0110              extern _IIC_Init:near
 354  0110              extern _ktd_en:near
 354  0110              extern _ktd_clear:near
 354  0110              extern _int_init:near
 354  0110              extern _RF_Init:near
 354  0110              extern _RF_Parameter_loading:near
 354  0110              extern _SpiWriteRegCMD_2:byte
 354  0110              extern _SpiWriteRegCMD:near
 354  0110              extern _ktd_clockwise_ring_p1_2:byte
 354  0110              extern _ktd_clockwise_ring_p1:near
 354  0110              extern _ktd_anticlockwise_ring_p1_2:byte
 354  0110              extern _ktd_anticlockwise_ring_p1:near
 354  0110              extern _eepromDeviceAddrRead:near
 354  0110              extern _eepromDeviceAddrCpyRead:near
 354  0110              extern _memcmp_2:byte
 354  0110              extern _memcmp:near
 354  0110              extern _uart_send:near
 354  0110              extern _eeprom_write_2:byte
 354  0110              extern _eeprom_write:near
 354  0110              extern _eepromDeviceAddrCpyWrite:near
 354  0110              extern _rgb_mode:near
 354  0110              extern _led_clear:near
 354  0110              extern _ktd_ctrl_2:byte
 354  0110              extern _ktd_ctrl:near
 354  0110              extern _ktd_rgb_ctrl_2:byte
 354  0110              extern _ktd_rgb_ctrl:near
 354  0110              extern _lvd_read:near
 354  0110              extern _ExtendFIFO_TX_Process_2:byte
 354  0110              extern _ExtendFIFO_TX_Process:near
 354  0110              extern _ExtendFIFO_RX_Process_2:byte
 354  0110              extern _ExtendFIFO_RX_Process:near
 354  0110              extern _RF_Finished_Process_2:byte
 354  0110              extern _RF_Finished_Process:near
 354  0110              
 354  0110              ; 
 354  0110              ; Generated by holtek-gcc v3.19, Tue Oct 18 18:45:23 2022
"File: app.c         Assembler  Version HGASM0202      Page 17

 354  0110              ; Rebuild 718
 354  0110              ; end of file


        0 Errors, 0