"File: hal_gpio.c    Assembler  Version HGASM0202      Page 1


   1  0000              ; Generated by holtek-gcc v3.19, Tue Oct 18 18:45:17 2022
   2  0000              ; 
   3  0000              ; Configuration:
   4  0000              ;       with long instruction
   5  0000              ;       Single ROM, Multi-RAM
   6  0000              ;       bits_per_rom_unit:16
   7  0000              ;       with mp1
   8  0000              ;       with tbhp, address(0x9)
   9  0000              ;          Use tabrd-const
  10  0000              ;       
  11  0000              ; SFR address of long-instruction arch:
  12  0000              ;    mp0 = -1,1,0
  13  0000              ;    mp1 = 4,3,2
  14  0000              ;    mp2 = 14,13,12
  15  0000              ;    tbp = 9,7,8
  16  0000              ;    acc = 5
  17  0000              ;    pcl = 6
  18  0000              ;    status = 10
  19  0000              ;    bp = 11
  20  0000              ;    intc = 17
  21  0000              ;       
  22  0000              ;       
  23  0000              ; use 'tabrdc' instead of 'tabrd'
  24  0000              ;       
  25  0000              
  26  0000              #pragma translator "holtek-gcc 4.6.4" "3.19" "build 20130711"
  27  0000              ; Rebuild 718
  28  0000              
  29  0000              ir equ [2]
  30  0000              mp equ [3]
  31  0000              sbp equ [4]
  32  0000              acc equ [5]
  33  0000              bp equ [11]
  34  0000              tblp equ [7]
  35  0000              tbhp equ [9]
  36  0000              status equ [10]
  37  0000              c equ [10].0
  38  0000              ac equ [10].1
  39  0000              z equ [10].2
  40  0000              ov equ [10].3
  41  0000              cz equ [10].6
  42  0000              sc equ [10].7
  43  0000              intc equ [17]
  44  0000              
  45  0000              extern ra:byte
  46  0000              extern rb:byte
  47  0000              extern rc:byte
  48  0000              extern rd:byte
  49  0000              extern re:byte
  50  0000              extern rf:byte
  51  0000              extern rg:byte
  52  0000              extern rh:byte
  53  0000              extern _Crom2Prom:near
  54  0000              extern _Crom2PromNext:near
  55  0000              
  56  0000              RAMBANK 0 @BITDATASEC, @BITDATASEC1
  57  0000              @HCCINIT	.section 'data'
  58  0000              @HCCINIT0	.section 'data'
  59  0000              @BITDATASEC	 .section 'data'
"File: hal_gpio.ASM  Assembler  Version HGASM0202      Page 2

  60  0000              @BITDATASEC1	 .section 'data'
  61  0000              
  62  0000              #pragma debug scope 1 1
  63  0000              	extern __DELAY3:near
  64  0000              	extern __DELAYX3:near
  65  0000              	extern __DELAYX6:near
  66  0000              	extern __DELAYY5:near
  67  0000              	extern __DELAYY3:near
  68  0000              	extern _builtin_holtek_delay_2:byte
  69  0000              ___pb equ [37]
  70  0000              public _buzzer_ctrl
  71  0000              #pragma debug scope 2 1

  83  0000              #line 83 "c:\users\user\documents\htk_project\qbell_master_mb_v1_2_f10\hal_gpio.c"
  83  0000              _buzzer_ctrl .section 'code'
  83  0000              _buzzer_ctrl proc
  83  0000  00              local _buzzer_ctrl_2 db 1 dup(?)	; 0,1
  83  0000  0080     E  	mov ra,a
  83  0001  0080     R  	mov _buzzer_ctrl_2[0],a
  83  0002              #pragma debug variable 8 2 _buzzer_ctrl_2+0 "value"
  84  0002              #line 84 "c:\users\user\documents\htk_project\qbell_master_mb_v1_2_f10\hal_gpio.c"
  84  0002  1E00     E  	snz ra
  84  0003  2800     R  	jmp _L2
  85  0004              #line 85 "c:\users\user\documents\htk_project\qbell_master_mb_v1_2_f10\hal_gpio.c"
  85  0004  31A5        	set [37].3
  85  0005  2800     R  	jmp _L1
  85  0006              _L2:
  87  0006              #line 87 "c:\users\user\documents\htk_project\qbell_master_mb_v1_2_f10\hal_gpio.c"
  87  0006  35A5        	clr [37].3
  87  0007              _L1:
  87  0007  0003        	ret
  87  0008              _buzzer_ctrl endp
  87  0008              #line 87 "c:\users\user\documents\htk_project\qbell_master_mb_v1_2_f10\hal_gpio.c"
  87  0008              #pragma debug scope 1 1
  87  0008              public _motor_ctrl
  87  0008              #pragma debug scope 3 1
 102  0008              #line 102 "c:\users\user\documents\htk_project\qbell_master_mb_v1_2_f10\hal_gpio.c"
 102  0000              _motor_ctrl .section 'code'
 102  0000              _motor_ctrl proc
 102  0000  00              local _motor_ctrl_2 db 1 dup(?)	; 0,1
 102  0000  0080     E  	mov ra,a
 102  0001  0080     R  	mov _motor_ctrl_2[0],a
 102  0002              #pragma debug variable 8 3 _motor_ctrl_2+0 "value"
 103  0002              #line 103 "c:\users\user\documents\htk_project\qbell_master_mb_v1_2_f10\hal_gpio.c"
 103  0002  1E00     E  	snz ra
 103  0003  2800     R  	jmp _L6
 104  0004              #line 104 "c:\users\user\documents\htk_project\qbell_master_mb_v1_2_f10\hal_gpio.c"
 104  0004  32A5        	set [37].5
 104  0005  2800     R  	jmp _L5
 104  0006              _L6:
 106  0006              #line 106 "c:\users\user\documents\htk_project\qbell_master_mb_v1_2_f10\hal_gpio.c"
 106  0006  36A5        	clr [37].5
 106  0007              _L5:
 106  0007  0003        	ret
 106  0008              _motor_ctrl endp
 106  0008              #line 106 "c:\users\user\documents\htk_project\qbell_master_mb_v1_2_f10\hal_gpio.c"
 106  0008              #pragma debug scope 1 1
 106  0008              ___pd equ [82]
 106  0008              public _led_clear
 106  0008              #pragma debug scope 4 1
"File: hal_gpio.c    Assembler  Version HGASM0202      Page 3

 111  0008              #line 111 "c:\users\user\documents\htk_project\qbell_master_mb_v1_2_f10\hal_gpio.c"
 111  0000              _led_clear .section 'code'
 111  0000              _led_clear proc
 112  0000              #line 112 "c:\users\user\documents\htk_project\qbell_master_mb_v1_2_f10\hal_gpio.c"
 112  0000  3452        	clr [82].0
 113  0001              #line 113 "c:\users\user\documents\htk_project\qbell_master_mb_v1_2_f10\hal_gpio.c"
 113  0001  34D2        	clr [82].1
 114  0002              #line 114 "c:\users\user\documents\htk_project\qbell_master_mb_v1_2_f10\hal_gpio.c"
 114  0002  3552        	clr [82].2
 114  0003  0003        	ret
 114  0004              _led_clear endp
 114  0004              #line 114 "c:\users\user\documents\htk_project\qbell_master_mb_v1_2_f10\hal_gpio.c"
 114  0004              #pragma debug scope 1 1
 114  0004              ___pbc equ [38]
 114  0004              ___pbpu equ [39]
 114  0004              ___pbs0 equ [93]
 114  0004              ___pa equ [20]
 114  0004              ___pac equ [21]
 114  0004              ___papu equ [22]
 114  0004              ___pawu equ [23]
 114  0004              ___pdc equ [83]
 114  0004              public _gpio_init
 114  0004              #pragma debug scope 5 1
  17  0004              #line 17 "c:\users\user\documents\htk_project\qbell_master_mb_v1_2_f10\hal_gpio.c"
  17  0000              _gpio_init .section 'code'
  17  0000              _gpio_init proc
  19  0000              #line 19 "c:\users\user\documents\htk_project\qbell_master_mb_v1_2_f10\hal_gpio.c"
  19  0000  3026        	set [38].0
  19  0001  3027        	set [39].0
  20  0002              #line 20 "c:\users\user\documents\htk_project\qbell_master_mb_v1_2_f10\hal_gpio.c"
  20  0002  34DD        	clr [93].1
  20  0003  345D        	clr [93].0
  23  0004              #line 23 "c:\users\user\documents\htk_project\qbell_master_mb_v1_2_f10\hal_gpio.c"
  23  0004  30A6        	set [38].1
  23  0005  30A7        	set [39].1
  24  0006              #line 24 "c:\users\user\documents\htk_project\qbell_master_mb_v1_2_f10\hal_gpio.c"
  24  0006  35DD        	clr [93].3
  24  0007  355D        	clr [93].2
  28  0008              #line 28 "c:\users\user\documents\htk_project\qbell_master_mb_v1_2_f10\hal_gpio.c"
  28  0008  35A5        	clr [37].3
  29  0009              #line 29 "c:\users\user\documents\htk_project\qbell_master_mb_v1_2_f10\hal_gpio.c"
  29  0009  35A6        	clr [38].3
  31  000A              #line 31 "c:\users\user\documents\htk_project\qbell_master_mb_v1_2_f10\hal_gpio.c"
  31  000A  36A5        	clr [37].5
  32  000B              #line 32 "c:\users\user\documents\htk_project\qbell_master_mb_v1_2_f10\hal_gpio.c"
  32  000B  36A6        	clr [38].5
  34  000C              #line 34 "c:\users\user\documents\htk_project\qbell_master_mb_v1_2_f10\hal_gpio.c"
  34  000C  3625        	clr [37].4
  35  000D              #line 35 "c:\users\user\documents\htk_project\qbell_master_mb_v1_2_f10\hal_gpio.c"
  35  000D  3226        	set [38].4
  35  000E  3227        	set [39].4
  37  000F              #line 37 "c:\users\user\documents\htk_project\qbell_master_mb_v1_2_f10\hal_gpio.c"
  37  000F  3714        	clr [20].6
  38  0010              #line 38 "c:\users\user\documents\htk_project\qbell_master_mb_v1_2_f10\hal_gpio.c"
  38  0010  3315        	set [21].6
  38  0011  3316        	set [22].6
  38  0012  3317        	set [23].6
  41  0013              #line 41 "c:\users\user\documents\htk_project\qbell_master_mb_v1_2_f10\hal_gpio.c"
  41  0013  2000     R  	call _led_clear
  42  0014              #line 42 "c:\users\user\documents\htk_project\qbell_master_mb_v1_2_f10\hal_gpio.c"
"File: hal_gpio.c    Assembler  Version HGASM0202      Page 4

  42  0014  3453        	clr [83].0
  42  0015  34D3        	clr [83].1
  42  0016  3553        	clr [83].2
  42  0017  0003        	ret
  42  0018              _gpio_init endp
  42  0018              #line 42 "c:\users\user\documents\htk_project\qbell_master_mb_v1_2_f10\hal_gpio.c"
  42  0018              #pragma debug scope 1 1
  42  0018              ___integ equ [16]
  42  0018              ___intc0 equ [17]
  42  0018              ___intc2 equ [19]
  42  0018              public _int_init
  42  0018              #pragma debug scope 6 1
  59  0018              #line 59 "c:\users\user\documents\htk_project\qbell_master_mb_v1_2_f10\hal_gpio.c"
  59  0000              _int_init .section 'code'
  59  0000              _int_init proc
  60  0000              #line 60 "c:\users\user\documents\htk_project\qbell_master_mb_v1_2_f10\hal_gpio.c"
  60  0000  2000     R  	call _gpio_init
  61  0001              #line 61 "c:\users\user\documents\htk_project\qbell_master_mb_v1_2_f10\hal_gpio.c"
  61  0001  3090        	set [16].1
  61  0002  3410        	clr [16].0
  62  0003              #line 62 "c:\users\user\documents\htk_project\qbell_master_mb_v1_2_f10\hal_gpio.c"
  62  0003  3190        	set [16].3
  62  0004  3110        	set [16].2
  63  0005              #line 63 "c:\users\user\documents\htk_project\qbell_master_mb_v1_2_f10\hal_gpio.c"
  63  0005  3611        	clr [17].4
  64  0006              #line 64 "c:\users\user\documents\htk_project\qbell_master_mb_v1_2_f10\hal_gpio.c"
  64  0006  3693        	clr [19].5
  65  0007              #line 65 "c:\users\user\documents\htk_project\qbell_master_mb_v1_2_f10\hal_gpio.c"
  65  0007  3091        	set [17].1
  66  0008              #line 66 "c:\users\user\documents\htk_project\qbell_master_mb_v1_2_f10\hal_gpio.c"
  66  0008  3093        	set [19].1
  68  0009              #line 68 "c:\users\user\documents\htk_project\qbell_master_mb_v1_2_f10\hal_gpio.c"
  68  0009  3011        	set [17].0
  68  000A  0003        	ret
  68  000B              _int_init endp
  68  000B              #line 68 "c:\users\user\documents\htk_project\qbell_master_mb_v1_2_f10\hal_gpio.c"
  68  000B              #pragma debug scope 1 1
  68  000B              public _INT0_proc
  68  000B              #pragma debug scope 7 1
 118  000B              #line 118 "c:\users\user\documents\htk_project\qbell_master_mb_v1_2_f10\hal_gpio.c"
 118  0000              @INT0_proc_code .section at 4 'code'
 118  0000              ifdef INTERRUPT_DELAY
 118  0000              	nop
 118  0000              endif
 118  0000  0080     E  	mov r1,a
 118  0001  070A        	mov a,status
 118  0002              ifndef INTERRUPT_DELAY
 118  0002  0080     E  	mov r2,a
 118  0003              endif
 118  0003  2800     R  	jmp _INT0_proc
 118  0004              #pragma debug scope 1 1
 118  0004              @dummy4 endp
 118  0004              #pragma debug scope 8 1
 118  0000              _INT0_proc .section 'code'
 118  0000              _INT0_proc proc
 118  0000              ifdef INTERRUPT_DELAY
 118  0000              	mov r2,a
 118  0000              endif
 120  0000              #line 120 "c:\users\user\documents\htk_project\qbell_master_mb_v1_2_f10\hal_gpio.c"
 120  0000  0F01        	mov a,1
"File: hal_gpio.c    Assembler  Version HGASM0202      Page 5

 120  0001  0080     R  	mov _intF[2],a
 120  0002  0700     E  	mov a,r2
 120  0003  008A        	mov status,a
 120  0004  0700     E  	mov a,r1
 120  0005  0004        	reti
 120  0006              _INT0_proc endp
 120  0006              
 120  0006              #line 120 "c:\users\user\documents\htk_project\qbell_master_mb_v1_2_f10\hal_gpio.c"
 120  0006              #pragma debug scope 1 1
   3  0006              #line 3 "c:\users\user\documents\htk_project\qbell_master_mb_v1_2_f10\hal_gpio.c"
   3  0006              public _intF
   3  0000              @HCCINIT0_intF .section 'data'
   3  0000  0027[       _intF	db 39 dup(0)
            00
            ]
   3  0027              #pragma debug struct_end
   3  0027              #pragma debug struct_end
   3  0027              #pragma debug variable 42 1 _intF "intF"
   3  0027              
   3  0000              @HCCINIT .section 'data'
   3  0000              #pragma debug struct_end
   3  0000              #pragma debug struct_end
   3  0000              #pragma debug union_end
   3  0000              #pragma debug union_end
   3  0000              #pragma debug variable 44 1 ___integ "__integ" 1
   3  0000              #pragma debug struct_end
   3  0000              #pragma debug struct_end
   3  0000              #pragma debug union_end
   3  0000              #pragma debug union_end
   3  0000              #pragma debug variable 46 1 ___intc0 "__intc0" 1
   3  0000              #pragma debug struct_end
   3  0000              #pragma debug struct_end
   3  0000              #pragma debug union_end
   3  0000              #pragma debug union_end
   3  0000              #pragma debug variable 48 1 ___intc2 "__intc2" 1
   3  0000              #pragma debug struct_end
   3  0000              #pragma debug struct_end
   3  0000              #pragma debug union_end
   3  0000              #pragma debug union_end
   3  0000              #pragma debug variable 50 1 ___pa "__pa" 1
   3  0000              #pragma debug struct_end
   3  0000              #pragma debug struct_end
   3  0000              #pragma debug union_end
   3  0000              #pragma debug union_end
   3  0000              #pragma debug variable 52 1 ___pac "__pac" 1
   3  0000              #pragma debug struct_end
   3  0000              #pragma debug struct_end
   3  0000              #pragma debug union_end
   3  0000              #pragma debug union_end
   3  0000              #pragma debug variable 54 1 ___papu "__papu" 1
   3  0000              #pragma debug struct_end
   3  0000              #pragma debug struct_end
   3  0000              #pragma debug union_end
   3  0000              #pragma debug union_end
   3  0000              #pragma debug variable 56 1 ___pawu "__pawu" 1
   3  0000              #pragma debug struct_end
   3  0000              #pragma debug struct_end
   3  0000              #pragma debug union_end
   3  0000              #pragma debug union_end
   3  0000              #pragma debug variable 58 1 ___pb "__pb" 1
"File: hal_gpio.c    Assembler  Version HGASM0202      Page 6

   3  0000              #pragma debug struct_end
   3  0000              #pragma debug struct_end
   3  0000              #pragma debug union_end
   3  0000              #pragma debug union_end
   3  0000              #pragma debug variable 60 1 ___pbc "__pbc" 1
   3  0000              #pragma debug struct_end
   3  0000              #pragma debug struct_end
   3  0000              #pragma debug union_end
   3  0000              #pragma debug union_end
   3  0000              #pragma debug variable 62 1 ___pbpu "__pbpu" 1
   3  0000              #pragma debug struct_end
   3  0000              #pragma debug struct_end
   3  0000              #pragma debug union_end
   3  0000              #pragma debug union_end
   3  0000              #pragma debug variable 64 1 ___pd "__pd" 1
   3  0000              #pragma debug struct_end
   3  0000              #pragma debug struct_end
   3  0000              #pragma debug union_end
   3  0000              #pragma debug union_end
   3  0000              #pragma debug variable 66 1 ___pdc "__pdc" 1
   3  0000              #pragma debug struct_end
   3  0000              #pragma debug struct_end
   3  0000              #pragma debug union_end
   3  0000              #pragma debug union_end
   3  0000              #pragma debug variable 68 1 ___pbs0 "__pbs0" 1
   3  0000              extern r1:byte
   3  0000              extern r2:byte
   3  0000              
   3  0000              ; 
   3  0000              ; Generated by holtek-gcc v3.19, Tue Oct 18 18:45:17 2022
   3  0000              ; Rebuild 718
   3  0000              ; end of file


        0 Errors, 0