"File: hal_ktd.c     Assembler  Version HGASM0202      Page 1


   1  0000              ; Generated by holtek-gcc v3.19, Tue Oct 18 18:45:18 2022
   2  0000              ; 
   3  0000              ; Configuration:
   4  0000              ;       with long instruction
   5  0000              ;       Single ROM, Multi-RAM
   6  0000              ;       bits_per_rom_unit:16
   7  0000              ;       with mp1
   8  0000              ;       with tbhp, address(0x9)
   9  0000              ;          Use tabrd-const
  10  0000              ;       
  11  0000              ; SFR address of long-instruction arch:
  12  0000              ;    mp0 = -1,1,0
  13  0000              ;    mp1 = 4,3,2
  14  0000              ;    mp2 = 14,13,12
  15  0000              ;    tbp = 9,7,8
  16  0000              ;    acc = 5
  17  0000              ;    pcl = 6
  18  0000              ;    status = 10
  19  0000              ;    bp = 11
  20  0000              ;    intc = 17
  21  0000              ;       
  22  0000              ;       
  23  0000              ; use 'tabrdc' instead of 'tabrd'
  24  0000              ;       
  25  0000              
  26  0000              #pragma translator "holtek-gcc 4.6.4" "3.19" "build 20130711"
  27  0000              ; Rebuild 718
  28  0000              
  29  0000              ir equ [2]
  30  0000              mp equ [3]
  31  0000              sbp equ [4]
  32  0000              acc equ [5]
  33  0000              bp equ [11]
  34  0000              tblp equ [7]
  35  0000              tbhp equ [9]
  36  0000              status equ [10]
  37  0000              c equ [10].0
  38  0000              ac equ [10].1
  39  0000              z equ [10].2
  40  0000              ov equ [10].3
  41  0000              cz equ [10].6
  42  0000              sc equ [10].7
  43  0000              intc equ [17]
  44  0000              
  45  0000              extern ra:byte
  46  0000              extern rb:byte
  47  0000              extern rc:byte
  48  0000              extern rd:byte
  49  0000              extern re:byte
  50  0000              extern rf:byte
  51  0000              extern rg:byte
  52  0000              extern rh:byte
  53  0000              extern _Crom2Prom:near
  54  0000              extern _Crom2PromNext:near
  55  0000              
  56  0000              RAMBANK 0 @BITDATASEC, @BITDATASEC1
  57  0000              @HCCINIT	.section 'data'
  58  0000              @HCCINIT0	.section 'data'
  59  0000              @BITDATASEC	 .section 'data'
"File: hal_ktd.ASM   Assembler  Version HGASM0202      Page 2

  60  0000              @BITDATASEC1	 .section 'data'
  61  0000              
  62  0000              #pragma debug scope 1 1
  63  0000              	extern __DELAY3:near
  64  0000              	extern __DELAYX3:near
  65  0000              	extern __DELAYX6:near
  66  0000              	extern __DELAYY5:near
  67  0000              	extern __DELAYY3:near
  68  0000              	extern _builtin_holtek_delay_2:byte
  69  0000              public _ktd_en
  70  0000              #pragma debug scope 2 1

  16  0000              #line 16 "c:\users\user\documents\htk_project\qbell_master_mb_v1_2_f10\hal_ktd.c"
  16  0000              _ktd_en .section 'code'
  16  0000              _ktd_en proc
  17  0000              #line 17 "c:\users\user\documents\htk_project\qbell_master_mb_v1_2_f10\hal_ktd.c"
  17  0000  1F00     E  	clr _WriteI2C_Int_2[4]
  17  0001  1F00     E  	clr _WriteI2C_Int_2[5]
  17  0002  0F02        	mov a,2
  17  0003  0080     E  	mov _WriteI2C_Int_2[2],a
  17  0004  1F00     E  	clr _WriteI2C_Int_2[3]
  17  0005  0F68        	mov a,104
  17  0006  0080     E  	mov _WriteI2C_Int_2[0],a
  17  0007  1F00     E  	clr _WriteI2C_Int_2[1]
  17  0008  2000     E  	call _WriteI2C_Int
  18  0009              #line 18 "c:\users\user\documents\htk_project\qbell_master_mb_v1_2_f10\hal_ktd.c"
  18  0009  0F01        	mov a,1
  18  000A  0080     E  	mov _delay_2[0],a
  18  000B  1F00     E  	clr _delay_2[1]
  18  000C  2000     E  	call _delay
  19  000D              #line 19 "c:\users\user\documents\htk_project\qbell_master_mb_v1_2_f10\hal_ktd.c"
  19  000D  0FA1        	mov a,-95
  19  000E  0080     E  	mov _WriteI2C_Int_2[4],a
  19  000F  1F00     E  	clr _WriteI2C_Int_2[5]
  19  0010  0F02        	mov a,2
  19  0011  0080     E  	mov _WriteI2C_Int_2[2],a
  19  0012  1F00     E  	clr _WriteI2C_Int_2[3]
  19  0013  0F68        	mov a,104
  19  0014  0080     E  	mov _WriteI2C_Int_2[0],a
  19  0015  1F00     E  	clr _WriteI2C_Int_2[1]
  19  0016  2000     E  	call _WriteI2C_Int
  20  0017              #line 20 "c:\users\user\documents\htk_project\qbell_master_mb_v1_2_f10\hal_ktd.c"
  20  0017  0F01        	mov a,1
  20  0018  0080     E  	mov _delay_2[0],a
  20  0019  1F00     E  	clr _delay_2[1]
  20  001A  2000     E  	call _delay
  20  001B  0003        	ret
  20  001C              _ktd_en endp
  20  001C              #line 20 "c:\users\user\documents\htk_project\qbell_master_mb_v1_2_f10\hal_ktd.c"
  20  001C              #pragma debug scope 1 1
  20  001C              public _ktd_ctrl
  20  001C              #pragma debug scope 3 1
  24  001C              #line 24 "c:\users\user\documents\htk_project\qbell_master_mb_v1_2_f10\hal_ktd.c"
  24  0000              _ktd_ctrl .section 'code'
  24  0000              _ktd_ctrl proc
  24  0000              public _ktd_ctrl_2
  24  0000  0002[           local _ktd_ctrl_2 db 2 dup(?)	; 1,1
            00
            ]
  24  0000  0080     E  	mov ra,a
"File: hal_ktd.c     Assembler  Version HGASM0202      Page 3

  24  0001              #pragma debug variable 8 3 _ktd_ctrl_2+1 "mode"
  24  0001              #pragma debug variable 8 3 _ktd_ctrl_2+0 "fade"
  25  0001              #line 25 "c:\users\user\documents\htk_project\qbell_master_mb_v1_2_f10\hal_ktd.c"
  25  0001  0700     R  	mov a,_ktd_ctrl_2[0]
  25  0002  0580     E  	orm a,ra
  25  0003  0700     E  	mov a,ra
  25  0004  0080     E  	mov _WriteI2C_Int_2[4],a
  25  0005  1F00     E  	clr _WriteI2C_Int_2[5]
  25  0006  0F02        	mov a,2
  25  0007  0080     E  	mov _WriteI2C_Int_2[2],a
  25  0008  1F00     E  	clr _WriteI2C_Int_2[3]
  25  0009  0F68        	mov a,104
  25  000A  0080     E  	mov _WriteI2C_Int_2[0],a
  25  000B  1F00     E  	clr _WriteI2C_Int_2[1]
  25  000C  2000     E  	call _WriteI2C_Int
  26  000D              #line 26 "c:\users\user\documents\htk_project\qbell_master_mb_v1_2_f10\hal_ktd.c"
  26  000D  0F01        	mov a,1
  26  000E  0080     E  	mov _delay_2[0],a
  26  000F  1F00     E  	clr _delay_2[1]
  26  0010  2000     E  	call _delay
  26  0011  0003        	ret
  26  0012              _ktd_ctrl endp
  26  0012              #line 26 "c:\users\user\documents\htk_project\qbell_master_mb_v1_2_f10\hal_ktd.c"
  26  0012              #pragma debug scope 1 1
  26  0012              public _ktd_clear
  26  0012              #pragma debug scope 4 1
  40  0012              #line 40 "c:\users\user\documents\htk_project\qbell_master_mb_v1_2_f10\hal_ktd.c"
  40  0000              _ktd_clear .section 'code'
  40  0000              _ktd_clear proc
  41  0000              #line 41 "c:\users\user\documents\htk_project\qbell_master_mb_v1_2_f10\hal_ktd.c"
  41  0000  1F00     E  	clr _WriteI2C_Int_2[4]
  41  0001  1F00     E  	clr _WriteI2C_Int_2[5]
  41  0002  0F03        	mov a,3
  41  0003  0080     E  	mov _WriteI2C_Int_2[2],a
  41  0004  1F00     E  	clr _WriteI2C_Int_2[3]
  41  0005  0F68        	mov a,104
  41  0006  0080     E  	mov _WriteI2C_Int_2[0],a
  41  0007  1F00     E  	clr _WriteI2C_Int_2[1]
  41  0008  2000     E  	call _WriteI2C_Int
  43  0009              #line 43 "c:\users\user\documents\htk_project\qbell_master_mb_v1_2_f10\hal_ktd.c"
  43  0009  1F00     E  	clr _WriteI2C_Int_2[4]
  43  000A  1F00     E  	clr _WriteI2C_Int_2[5]
  43  000B  0F04        	mov a,4
  43  000C  0080     E  	mov _WriteI2C_Int_2[2],a
  43  000D  1F00     E  	clr _WriteI2C_Int_2[3]
  43  000E  0F68        	mov a,104
  43  000F  0080     E  	mov _WriteI2C_Int_2[0],a
  43  0010  1F00     E  	clr _WriteI2C_Int_2[1]
  43  0011  2000     E  	call _WriteI2C_Int
  45  0012              #line 45 "c:\users\user\documents\htk_project\qbell_master_mb_v1_2_f10\hal_ktd.c"
  45  0012  1F00     E  	clr _WriteI2C_Int_2[4]
  45  0013  1F00     E  	clr _WriteI2C_Int_2[5]
  45  0014  0F05        	mov a,5
  45  0015  0080     E  	mov _WriteI2C_Int_2[2],a
  45  0016  1F00     E  	clr _WriteI2C_Int_2[3]
  45  0017  0F68        	mov a,104
  45  0018  0080     E  	mov _WriteI2C_Int_2[0],a
  45  0019  1F00     E  	clr _WriteI2C_Int_2[1]
  45  001A  2000     E  	call _WriteI2C_Int
  47  001B              #line 47 "c:\users\user\documents\htk_project\qbell_master_mb_v1_2_f10\hal_ktd.c"
"File: hal_ktd.c     Assembler  Version HGASM0202      Page 4

  47  001B  1F00     E  	clr _WriteI2C_Int_2[4]
  47  001C  1F00     E  	clr _WriteI2C_Int_2[5]
  47  001D  0F06        	mov a,6
  47  001E  0080     E  	mov _WriteI2C_Int_2[2],a
  47  001F  1F00     E  	clr _WriteI2C_Int_2[3]
  47  0020  0F68        	mov a,104
  47  0021  0080     E  	mov _WriteI2C_Int_2[0],a
  47  0022  1F00     E  	clr _WriteI2C_Int_2[1]
  47  0023  2000     E  	call _WriteI2C_Int
  49  0024              #line 49 "c:\users\user\documents\htk_project\qbell_master_mb_v1_2_f10\hal_ktd.c"
  49  0024  1F00     E  	clr _WriteI2C_Int_2[4]
  49  0025  1F00     E  	clr _WriteI2C_Int_2[5]
  49  0026  0F07        	mov a,7
  49  0027  0080     E  	mov _WriteI2C_Int_2[2],a
  49  0028  1F00     E  	clr _WriteI2C_Int_2[3]
  49  0029  0F68        	mov a,104
  49  002A  0080     E  	mov _WriteI2C_Int_2[0],a
  49  002B  1F00     E  	clr _WriteI2C_Int_2[1]
  49  002C  2000     E  	call _WriteI2C_Int
  51  002D              #line 51 "c:\users\user\documents\htk_project\qbell_master_mb_v1_2_f10\hal_ktd.c"
  51  002D  1F00     E  	clr _WriteI2C_Int_2[4]
  51  002E  1F00     E  	clr _WriteI2C_Int_2[5]
  51  002F  0F08        	mov a,8
  51  0030  0080     E  	mov _WriteI2C_Int_2[2],a
  51  0031  1F00     E  	clr _WriteI2C_Int_2[3]
  51  0032  0F68        	mov a,104
  51  0033  0080     E  	mov _WriteI2C_Int_2[0],a
  51  0034  1F00     E  	clr _WriteI2C_Int_2[1]
  51  0035  2000     E  	call _WriteI2C_Int
  54  0036              #line 54 "c:\users\user\documents\htk_project\qbell_master_mb_v1_2_f10\hal_ktd.c"
  54  0036  1F00     E  	clr _WriteI2C_Int_2[4]
  54  0037  1F00     E  	clr _WriteI2C_Int_2[5]
  54  0038  0F09        	mov a,9
  54  0039  0080     E  	mov _WriteI2C_Int_2[2],a
  54  003A  1F00     E  	clr _WriteI2C_Int_2[3]
  54  003B  0F68        	mov a,104
  54  003C  0080     E  	mov _WriteI2C_Int_2[0],a
  54  003D  1F00     E  	clr _WriteI2C_Int_2[1]
  54  003E  2000     E  	call _WriteI2C_Int
  56  003F              #line 56 "c:\users\user\documents\htk_project\qbell_master_mb_v1_2_f10\hal_ktd.c"
  56  003F  1F00     E  	clr _WriteI2C_Int_2[4]
  56  0040  1F00     E  	clr _WriteI2C_Int_2[5]
  56  0041  0F0A        	mov a,10
  56  0042  0080     E  	mov _WriteI2C_Int_2[2],a
  56  0043  1F00     E  	clr _WriteI2C_Int_2[3]
  56  0044  0F68        	mov a,104
  56  0045  0080     E  	mov _WriteI2C_Int_2[0],a
  56  0046  1F00     E  	clr _WriteI2C_Int_2[1]
  56  0047  2000     E  	call _WriteI2C_Int
  58  0048              #line 58 "c:\users\user\documents\htk_project\qbell_master_mb_v1_2_f10\hal_ktd.c"
  58  0048  1F00     E  	clr _WriteI2C_Int_2[4]
  58  0049  1F00     E  	clr _WriteI2C_Int_2[5]
  58  004A  0F0B        	mov a,11
  58  004B  0080     E  	mov _WriteI2C_Int_2[2],a
  58  004C  1F00     E  	clr _WriteI2C_Int_2[3]
  58  004D  0F68        	mov a,104
  58  004E  0080     E  	mov _WriteI2C_Int_2[0],a
  58  004F  1F00     E  	clr _WriteI2C_Int_2[1]
  58  0050  2000     E  	call _WriteI2C_Int
  60  0051              #line 60 "c:\users\user\documents\htk_project\qbell_master_mb_v1_2_f10\hal_ktd.c"
"File: hal_ktd.c     Assembler  Version HGASM0202      Page 5

  60  0051  1F00     E  	clr _WriteI2C_Int_2[4]
  60  0052  1F00     E  	clr _WriteI2C_Int_2[5]
  60  0053  0F0C        	mov a,12
  60  0054  0080     E  	mov _WriteI2C_Int_2[2],a
  60  0055  1F00     E  	clr _WriteI2C_Int_2[3]
  60  0056  0F68        	mov a,104
  60  0057  0080     E  	mov _WriteI2C_Int_2[0],a
  60  0058  1F00     E  	clr _WriteI2C_Int_2[1]
  60  0059  2000     E  	call _WriteI2C_Int
  62  005A              #line 62 "c:\users\user\documents\htk_project\qbell_master_mb_v1_2_f10\hal_ktd.c"
  62  005A  1F00     E  	clr _WriteI2C_Int_2[4]
  62  005B  1F00     E  	clr _WriteI2C_Int_2[5]
  62  005C  0F0D        	mov a,13
  62  005D  0080     E  	mov _WriteI2C_Int_2[2],a
  62  005E  1F00     E  	clr _WriteI2C_Int_2[3]
  62  005F  0F68        	mov a,104
  62  0060  0080     E  	mov _WriteI2C_Int_2[0],a
  62  0061  1F00     E  	clr _WriteI2C_Int_2[1]
  62  0062  2000     E  	call _WriteI2C_Int
  64  0063              #line 64 "c:\users\user\documents\htk_project\qbell_master_mb_v1_2_f10\hal_ktd.c"
  64  0063  1F00     E  	clr _WriteI2C_Int_2[4]
  64  0064  1F00     E  	clr _WriteI2C_Int_2[5]
  64  0065  0F0E        	mov a,14
  64  0066  0080     E  	mov _WriteI2C_Int_2[2],a
  64  0067  1F00     E  	clr _WriteI2C_Int_2[3]
  64  0068  0F68        	mov a,104
  64  0069  0080     E  	mov _WriteI2C_Int_2[0],a
  64  006A  1F00     E  	clr _WriteI2C_Int_2[1]
  64  006B  2000     E  	call _WriteI2C_Int
  64  006C  0003        	ret
  64  006D              _ktd_clear endp
  64  006D              #line 64 "c:\users\user\documents\htk_project\qbell_master_mb_v1_2_f10\hal_ktd.c"
  64  006D              #pragma debug scope 1 1
  64  006D              public _ktd_rgb_ctrl
  64  006D              #pragma debug scope 5 1
  80  006D              #line 80 "c:\users\user\documents\htk_project\qbell_master_mb_v1_2_f10\hal_ktd.c"
  80  0000              _ktd_rgb_ctrl .section 'code'
  80  0000              _ktd_rgb_ctrl proc
  80  0000              public _ktd_rgb_ctrl_2
  80  0000  0008[           local _ktd_rgb_ctrl_2 db 8 dup(?)	; 2,6
            00
            ]
  80  0000  0080     E  	mov ra,a
  80  0001              #pragma debug variable 8 5 _ktd_rgb_ctrl_2+2 "r"
  80  0001              #pragma debug variable 8 5 _ktd_rgb_ctrl_2+0 "g"
  80  0001              #pragma debug variable 8 5 _ktd_rgb_ctrl_2+1 "b"
  81  0001              #line 81 "c:\users\user\documents\htk_project\qbell_master_mb_v1_2_f10\hal_ktd.c"
  81  0001  0700     E  	mov a,ra
  81  0002  0080     R  	mov _ktd_rgb_ctrl_2[7],a
  81  0003  0700     R  	mov a,_ktd_rgb_ctrl_2[7]
  81  0004  0080     E  	mov _WriteI2C_Int_2[4],a
  81  0005  1F00     E  	clr _WriteI2C_Int_2[5]
  81  0006  0F03        	mov a,3
  81  0007  0080     E  	mov _WriteI2C_Int_2[2],a
  81  0008  1F00     E  	clr _WriteI2C_Int_2[3]
  81  0009  0F68        	mov a,104
  81  000A  0080     E  	mov _WriteI2C_Int_2[0],a
  81  000B  1F00     E  	clr _WriteI2C_Int_2[1]
  81  000C  2000     E  	call _WriteI2C_Int
  83  000D              #line 83 "c:\users\user\documents\htk_project\qbell_master_mb_v1_2_f10\hal_ktd.c"
"File: hal_ktd.c     Assembler  Version HGASM0202      Page 6

  83  000D  0700     R  	mov a,_ktd_rgb_ctrl_2[0]
  83  000E  0080     R  	mov _ktd_rgb_ctrl_2[3],a
  83  000F  1F00     R  	clr _ktd_rgb_ctrl_2[4]
  83  0010  0700     R  	mov a,_ktd_rgb_ctrl_2[3]
  83  0011  0080     E  	mov _WriteI2C_Int_2[4],a
  83  0012  0700     R  	mov a,_ktd_rgb_ctrl_2[4]
  83  0013  0080     E  	mov _WriteI2C_Int_2[5],a
  83  0014  0F04        	mov a,4
  83  0015  0080     E  	mov _WriteI2C_Int_2[2],a
  83  0016  1F00     E  	clr _WriteI2C_Int_2[3]
  83  0017  0F68        	mov a,104
  83  0018  0080     E  	mov _WriteI2C_Int_2[0],a
  83  0019  1F00     E  	clr _WriteI2C_Int_2[1]
  83  001A  2000     E  	call _WriteI2C_Int
  85  001B              #line 85 "c:\users\user\documents\htk_project\qbell_master_mb_v1_2_f10\hal_ktd.c"
  85  001B  0700     R  	mov a,_ktd_rgb_ctrl_2[1]
  85  001C  0080     R  	mov _ktd_rgb_ctrl_2[5],a
  85  001D  1F00     R  	clr _ktd_rgb_ctrl_2[6]
  85  001E  0700     R  	mov a,_ktd_rgb_ctrl_2[5]
  85  001F  0080     E  	mov _WriteI2C_Int_2[4],a
  85  0020  0700     R  	mov a,_ktd_rgb_ctrl_2[6]
  85  0021  0080     E  	mov _WriteI2C_Int_2[5],a
  85  0022  0F05        	mov a,5
  85  0023  0080     E  	mov _WriteI2C_Int_2[2],a
  85  0024  1F00     E  	clr _WriteI2C_Int_2[3]
  85  0025  0F68        	mov a,104
  85  0026  0080     E  	mov _WriteI2C_Int_2[0],a
  85  0027  1F00     E  	clr _WriteI2C_Int_2[1]
  85  0028  2000     E  	call _WriteI2C_Int
  88  0029              #line 88 "c:\users\user\documents\htk_project\qbell_master_mb_v1_2_f10\hal_ktd.c"
  88  0029  0700     R  	mov a,_ktd_rgb_ctrl_2[7]
  88  002A  0080     E  	mov _WriteI2C_Int_2[4],a
  88  002B  1F00     E  	clr _WriteI2C_Int_2[5]
  88  002C  0F06        	mov a,6
  88  002D  0080     E  	mov _WriteI2C_Int_2[2],a
  88  002E  1F00     E  	clr _WriteI2C_Int_2[3]
  88  002F  0F68        	mov a,104
  88  0030  0080     E  	mov _WriteI2C_Int_2[0],a
  88  0031  1F00     E  	clr _WriteI2C_Int_2[1]
  88  0032  2000     E  	call _WriteI2C_Int
  90  0033              #line 90 "c:\users\user\documents\htk_project\qbell_master_mb_v1_2_f10\hal_ktd.c"
  90  0033  0700     R  	mov a,_ktd_rgb_ctrl_2[3]
  90  0034  0080     E  	mov _WriteI2C_Int_2[4],a
  90  0035  0700     R  	mov a,_ktd_rgb_ctrl_2[4]
  90  0036  0080     E  	mov _WriteI2C_Int_2[5],a
  90  0037  0F07        	mov a,7
  90  0038  0080     E  	mov _WriteI2C_Int_2[2],a
  90  0039  1F00     E  	clr _WriteI2C_Int_2[3]
  90  003A  0F68        	mov a,104
  90  003B  0080     E  	mov _WriteI2C_Int_2[0],a
  90  003C  1F00     E  	clr _WriteI2C_Int_2[1]
  90  003D  2000     E  	call _WriteI2C_Int
  92  003E              #line 92 "c:\users\user\documents\htk_project\qbell_master_mb_v1_2_f10\hal_ktd.c"
  92  003E  0700     R  	mov a,_ktd_rgb_ctrl_2[5]
  92  003F  0080     E  	mov _WriteI2C_Int_2[4],a
  92  0040  0700     R  	mov a,_ktd_rgb_ctrl_2[6]
  92  0041  0080     E  	mov _WriteI2C_Int_2[5],a
  92  0042  0F08        	mov a,8
  92  0043  0080     E  	mov _WriteI2C_Int_2[2],a
  92  0044  1F00     E  	clr _WriteI2C_Int_2[3]
"File: hal_ktd.c     Assembler  Version HGASM0202      Page 7

  92  0045  0F68        	mov a,104
  92  0046  0080     E  	mov _WriteI2C_Int_2[0],a
  92  0047  1F00     E  	clr _WriteI2C_Int_2[1]
  92  0048  2000     E  	call _WriteI2C_Int
  95  0049              #line 95 "c:\users\user\documents\htk_project\qbell_master_mb_v1_2_f10\hal_ktd.c"
  95  0049  1F80     E  	set _WriteI2C_Int_2[4]
  95  004A  1F00     E  	clr _WriteI2C_Int_2[5]
  95  004B  0F09        	mov a,9
  95  004C  0080     E  	mov _WriteI2C_Int_2[2],a
  95  004D  1F00     E  	clr _WriteI2C_Int_2[3]
  95  004E  0F68        	mov a,104
  95  004F  0080     E  	mov _WriteI2C_Int_2[0],a
  95  0050  1F00     E  	clr _WriteI2C_Int_2[1]
  95  0051  2000     E  	call _WriteI2C_Int
  97  0052              #line 97 "c:\users\user\documents\htk_project\qbell_master_mb_v1_2_f10\hal_ktd.c"
  97  0052  1F80     E  	set _WriteI2C_Int_2[4]
  97  0053  1F00     E  	clr _WriteI2C_Int_2[5]
  97  0054  0F0A        	mov a,10
  97  0055  0080     E  	mov _WriteI2C_Int_2[2],a
  97  0056  1F00     E  	clr _WriteI2C_Int_2[3]
  97  0057  0F68        	mov a,104
  97  0058  0080     E  	mov _WriteI2C_Int_2[0],a
  97  0059  1F00     E  	clr _WriteI2C_Int_2[1]
  97  005A  2000     E  	call _WriteI2C_Int
  99  005B              #line 99 "c:\users\user\documents\htk_project\qbell_master_mb_v1_2_f10\hal_ktd.c"
  99  005B  1F80     E  	set _WriteI2C_Int_2[4]
  99  005C  1F00     E  	clr _WriteI2C_Int_2[5]
  99  005D  0F0B        	mov a,11
  99  005E  0080     E  	mov _WriteI2C_Int_2[2],a
  99  005F  1F00     E  	clr _WriteI2C_Int_2[3]
  99  0060  0F68        	mov a,104
  99  0061  0080     E  	mov _WriteI2C_Int_2[0],a
  99  0062  1F00     E  	clr _WriteI2C_Int_2[1]
  99  0063  2000     E  	call _WriteI2C_Int
 101  0064              #line 101 "c:\users\user\documents\htk_project\qbell_master_mb_v1_2_f10\hal_ktd.c"
 101  0064  1F80     E  	set _WriteI2C_Int_2[4]
 101  0065  1F00     E  	clr _WriteI2C_Int_2[5]
 101  0066  0F0C        	mov a,12
 101  0067  0080     E  	mov _WriteI2C_Int_2[2],a
 101  0068  1F00     E  	clr _WriteI2C_Int_2[3]
 101  0069  0F68        	mov a,104
 101  006A  0080     E  	mov _WriteI2C_Int_2[0],a
 101  006B  1F00     E  	clr _WriteI2C_Int_2[1]
 101  006C  2000     E  	call _WriteI2C_Int
 103  006D              #line 103 "c:\users\user\documents\htk_project\qbell_master_mb_v1_2_f10\hal_ktd.c"
 103  006D  1F80     E  	set _WriteI2C_Int_2[4]
 103  006E  1F00     E  	clr _WriteI2C_Int_2[5]
 103  006F  0F0D        	mov a,13
 103  0070  0080     E  	mov _WriteI2C_Int_2[2],a
 103  0071  1F00     E  	clr _WriteI2C_Int_2[3]
 103  0072  0F68        	mov a,104
 103  0073  0080     E  	mov _WriteI2C_Int_2[0],a
 103  0074  1F00     E  	clr _WriteI2C_Int_2[1]
 103  0075  2000     E  	call _WriteI2C_Int
 105  0076              #line 105 "c:\users\user\documents\htk_project\qbell_master_mb_v1_2_f10\hal_ktd.c"
 105  0076  1F80     E  	set _WriteI2C_Int_2[4]
 105  0077  1F00     E  	clr _WriteI2C_Int_2[5]
 105  0078  0F0E        	mov a,14
 105  0079  0080     E  	mov _WriteI2C_Int_2[2],a
 105  007A  1F00     E  	clr _WriteI2C_Int_2[3]
"File: hal_ktd.c     Assembler  Version HGASM0202      Page 8

 105  007B  0F68        	mov a,104
 105  007C  0080     E  	mov _WriteI2C_Int_2[0],a
 105  007D  1F00     E  	clr _WriteI2C_Int_2[1]
 105  007E  2000     E  	call _WriteI2C_Int
 105  007F  0003        	ret
 105  0080              _ktd_rgb_ctrl endp
 105  0080              #line 105 "c:\users\user\documents\htk_project\qbell_master_mb_v1_2_f10\hal_ktd.c"
 105  0080              #pragma debug scope 1 1
 105  0080              public _ktd_ring
 105  0080              #pragma debug scope 6 1
 127  0080              #line 127 "c:\users\user\documents\htk_project\qbell_master_mb_v1_2_f10\hal_ktd.c"
 127  0000              _ktd_ring .section 'code'
 127  0000              _ktd_ring proc
 127  0000              public _ktd_ring_2
 127  0000  000F[           local _ktd_ring_2 db 15 dup(?)	; 8,7
            00
            ]
 127  0000  0080     R  	mov _ktd_ring_2[8],a
 127  0001              #pragma debug variable 8 6 _ktd_ring_2+8 "g"
 127  0001              #pragma debug variable 8 6 _ktd_ring_2+0 "r"
 127  0001              #pragma debug variable 8 6 _ktd_ring_2+1 "b"
 127  0001              #pragma debug variable 8 6 _ktd_ring_2+2 "a12"
 127  0001              #pragma debug variable 8 6 _ktd_ring_2+3 "a34"
 127  0001              #pragma debug variable 8 6 _ktd_ring_2+4 "b12"
 127  0001              #pragma debug variable 8 6 _ktd_ring_2+5 "b34"
 127  0001              #pragma debug variable 8 6 _ktd_ring_2+6 "c12"
 127  0001              #pragma debug variable 8 6 _ktd_ring_2+7 "c34"
 128  0001              #line 128 "c:\users\user\documents\htk_project\qbell_master_mb_v1_2_f10\hal_ktd.c"
 128  0001  0700     R  	mov a,_ktd_ring_2[0]
 128  0002  0080     R  	mov _ktd_ring_2[9],a
 128  0003  1F00     R  	clr _ktd_ring_2[10]
 128  0004  0700     R  	mov a,_ktd_ring_2[9]
 128  0005  0080     E  	mov _WriteI2C_Int_2[4],a
 128  0006  0700     R  	mov a,_ktd_ring_2[10]
 128  0007  0080     E  	mov _WriteI2C_Int_2[5],a
 128  0008  0F03        	mov a,3
 128  0009  0080     E  	mov _WriteI2C_Int_2[2],a
 128  000A  1F00     E  	clr _WriteI2C_Int_2[3]
 128  000B  0F68        	mov a,104
 128  000C  0080     E  	mov _WriteI2C_Int_2[0],a
 128  000D  1F00     E  	clr _WriteI2C_Int_2[1]
 128  000E  2000     E  	call _WriteI2C_Int
 130  000F              #line 130 "c:\users\user\documents\htk_project\qbell_master_mb_v1_2_f10\hal_ktd.c"
 130  000F  0700     R  	mov a,_ktd_ring_2[8]
 130  0010  0080     R  	mov _ktd_ring_2[11],a
 130  0011  1F00     R  	clr _ktd_ring_2[12]
 130  0012  0700     R  	mov a,_ktd_ring_2[11]
 130  0013  0080     E  	mov _WriteI2C_Int_2[4],a
 130  0014  0700     R  	mov a,_ktd_ring_2[12]
 130  0015  0080     E  	mov _WriteI2C_Int_2[5],a
 130  0016  0F04        	mov a,4
 130  0017  0080     E  	mov _WriteI2C_Int_2[2],a
 130  0018  1F00     E  	clr _WriteI2C_Int_2[3]
 130  0019  0F68        	mov a,104
 130  001A  0080     E  	mov _WriteI2C_Int_2[0],a
 130  001B  1F00     E  	clr _WriteI2C_Int_2[1]
 130  001C  2000     E  	call _WriteI2C_Int
 132  001D              #line 132 "c:\users\user\documents\htk_project\qbell_master_mb_v1_2_f10\hal_ktd.c"
 132  001D  0700     R  	mov a,_ktd_ring_2[1]
 132  001E  0080     R  	mov _ktd_ring_2[13],a
"File: hal_ktd.c     Assembler  Version HGASM0202      Page 9

 132  001F  1F00     R  	clr _ktd_ring_2[14]
 132  0020  0700     R  	mov a,_ktd_ring_2[13]
 132  0021  0080     E  	mov _WriteI2C_Int_2[4],a
 132  0022  0700     R  	mov a,_ktd_ring_2[14]
 132  0023  0080     E  	mov _WriteI2C_Int_2[5],a
 132  0024  0F05        	mov a,5
 132  0025  0080     E  	mov _WriteI2C_Int_2[2],a
 132  0026  1F00     E  	clr _WriteI2C_Int_2[3]
 132  0027  0F68        	mov a,104
 132  0028  0080     E  	mov _WriteI2C_Int_2[0],a
 132  0029  1F00     E  	clr _WriteI2C_Int_2[1]
 132  002A  2000     E  	call _WriteI2C_Int
 135  002B              #line 135 "c:\users\user\documents\htk_project\qbell_master_mb_v1_2_f10\hal_ktd.c"
 135  002B  0700     R  	mov a,_ktd_ring_2[9]
 135  002C  0080     E  	mov _WriteI2C_Int_2[4],a
 135  002D  0700     R  	mov a,_ktd_ring_2[10]
 135  002E  0080     E  	mov _WriteI2C_Int_2[5],a
 135  002F  0F06        	mov a,6
 135  0030  0080     E  	mov _WriteI2C_Int_2[2],a
 135  0031  1F00     E  	clr _WriteI2C_Int_2[3]
 135  0032  0F68        	mov a,104
 135  0033  0080     E  	mov _WriteI2C_Int_2[0],a
 135  0034  1F00     E  	clr _WriteI2C_Int_2[1]
 135  0035  2000     E  	call _WriteI2C_Int
 137  0036              #line 137 "c:\users\user\documents\htk_project\qbell_master_mb_v1_2_f10\hal_ktd.c"
 137  0036  0700     R  	mov a,_ktd_ring_2[11]
 137  0037  0080     E  	mov _WriteI2C_Int_2[4],a
 137  0038  0700     R  	mov a,_ktd_ring_2[12]
 137  0039  0080     E  	mov _WriteI2C_Int_2[5],a
 137  003A  0F07        	mov a,7
 137  003B  0080     E  	mov _WriteI2C_Int_2[2],a
 137  003C  1F00     E  	clr _WriteI2C_Int_2[3]
 137  003D  0F68        	mov a,104
 137  003E  0080     E  	mov _WriteI2C_Int_2[0],a
 137  003F  1F00     E  	clr _WriteI2C_Int_2[1]
 137  0040  2000     E  	call _WriteI2C_Int
 139  0041              #line 139 "c:\users\user\documents\htk_project\qbell_master_mb_v1_2_f10\hal_ktd.c"
 139  0041  0700     R  	mov a,_ktd_ring_2[13]
 139  0042  0080     E  	mov _WriteI2C_Int_2[4],a
 139  0043  0700     R  	mov a,_ktd_ring_2[14]
 139  0044  0080     E  	mov _WriteI2C_Int_2[5],a
 139  0045  0F08        	mov a,8
 139  0046  0080     E  	mov _WriteI2C_Int_2[2],a
 139  0047  1F00     E  	clr _WriteI2C_Int_2[3]
 139  0048  0F68        	mov a,104
 139  0049  0080     E  	mov _WriteI2C_Int_2[0],a
 139  004A  1F00     E  	clr _WriteI2C_Int_2[1]
 139  004B  2000     E  	call _WriteI2C_Int
 142  004C              #line 142 "c:\users\user\documents\htk_project\qbell_master_mb_v1_2_f10\hal_ktd.c"
 142  004C  0700     R  	mov a,_ktd_ring_2[2]
 142  004D  0080     E  	mov _WriteI2C_Int_2[4],a
 142  004E  1F00     E  	clr _WriteI2C_Int_2[5]
 142  004F  0F09        	mov a,9
 142  0050  0080     E  	mov _WriteI2C_Int_2[2],a
 142  0051  1F00     E  	clr _WriteI2C_Int_2[3]
 142  0052  0F68        	mov a,104
 142  0053  0080     E  	mov _WriteI2C_Int_2[0],a
 142  0054  1F00     E  	clr _WriteI2C_Int_2[1]
 142  0055  2000     E  	call _WriteI2C_Int
 144  0056              #line 144 "c:\users\user\documents\htk_project\qbell_master_mb_v1_2_f10\hal_ktd.c"
"File: hal_ktd.c     Assembler  Version HGASM0202      Page 10

 144  0056  0700     R  	mov a,_ktd_ring_2[3]
 144  0057  0080     E  	mov _WriteI2C_Int_2[4],a
 144  0058  1F00     E  	clr _WriteI2C_Int_2[5]
 144  0059  0F0A        	mov a,10
 144  005A  0080     E  	mov _WriteI2C_Int_2[2],a
 144  005B  1F00     E  	clr _WriteI2C_Int_2[3]
 144  005C  0F68        	mov a,104
 144  005D  0080     E  	mov _WriteI2C_Int_2[0],a
 144  005E  1F00     E  	clr _WriteI2C_Int_2[1]
 144  005F  2000     E  	call _WriteI2C_Int
 146  0060              #line 146 "c:\users\user\documents\htk_project\qbell_master_mb_v1_2_f10\hal_ktd.c"
 146  0060  0700     R  	mov a,_ktd_ring_2[4]
 146  0061  0080     E  	mov _WriteI2C_Int_2[4],a
 146  0062  1F00     E  	clr _WriteI2C_Int_2[5]
 146  0063  0F0B        	mov a,11
 146  0064  0080     E  	mov _WriteI2C_Int_2[2],a
 146  0065  1F00     E  	clr _WriteI2C_Int_2[3]
 146  0066  0F68        	mov a,104
 146  0067  0080     E  	mov _WriteI2C_Int_2[0],a
 146  0068  1F00     E  	clr _WriteI2C_Int_2[1]
 146  0069  2000     E  	call _WriteI2C_Int
 148  006A              #line 148 "c:\users\user\documents\htk_project\qbell_master_mb_v1_2_f10\hal_ktd.c"
 148  006A  0700     R  	mov a,_ktd_ring_2[5]
 148  006B  0080     E  	mov _WriteI2C_Int_2[4],a
 148  006C  1F00     E  	clr _WriteI2C_Int_2[5]
 148  006D  0F0C        	mov a,12
 148  006E  0080     E  	mov _WriteI2C_Int_2[2],a
 148  006F  1F00     E  	clr _WriteI2C_Int_2[3]
 148  0070  0F68        	mov a,104
 148  0071  0080     E  	mov _WriteI2C_Int_2[0],a
 148  0072  1F00     E  	clr _WriteI2C_Int_2[1]
 148  0073  2000     E  	call _WriteI2C_Int
 150  0074              #line 150 "c:\users\user\documents\htk_project\qbell_master_mb_v1_2_f10\hal_ktd.c"
 150  0074  0700     R  	mov a,_ktd_ring_2[6]
 150  0075  0080     E  	mov _WriteI2C_Int_2[4],a
 150  0076  1F00     E  	clr _WriteI2C_Int_2[5]
 150  0077  0F0D        	mov a,13
 150  0078  0080     E  	mov _WriteI2C_Int_2[2],a
 150  0079  1F00     E  	clr _WriteI2C_Int_2[3]
 150  007A  0F68        	mov a,104
 150  007B  0080     E  	mov _WriteI2C_Int_2[0],a
 150  007C  1F00     E  	clr _WriteI2C_Int_2[1]
 150  007D  2000     E  	call _WriteI2C_Int
 152  007E              #line 152 "c:\users\user\documents\htk_project\qbell_master_mb_v1_2_f10\hal_ktd.c"
 152  007E  0700     R  	mov a,_ktd_ring_2[7]
 152  007F  0080     E  	mov _WriteI2C_Int_2[4],a
 152  0080  1F00     E  	clr _WriteI2C_Int_2[5]
 152  0081  0F0E        	mov a,14
 152  0082  0080     E  	mov _WriteI2C_Int_2[2],a
 152  0083  1F00     E  	clr _WriteI2C_Int_2[3]
 152  0084  0F68        	mov a,104
 152  0085  0080     E  	mov _WriteI2C_Int_2[0],a
 152  0086  1F00     E  	clr _WriteI2C_Int_2[1]
 152  0087  2000     E  	call _WriteI2C_Int
 152  0088  0003        	ret
 152  0089              _ktd_ring endp
 152  0089              #line 152 "c:\users\user\documents\htk_project\qbell_master_mb_v1_2_f10\hal_ktd.c"
 152  0089              #pragma debug scope 1 1
 152  0089              public _ktd_clockwise_ring
 152  0089              #pragma debug scope 7 1
"File: hal_ktd.c     Assembler  Version HGASM0202      Page 11

 166  0089              #line 166 "c:\users\user\documents\htk_project\qbell_master_mb_v1_2_f10\hal_ktd.c"
 166  0000              _ktd_clockwise_ring .section 'code'
 166  0000              _ktd_clockwise_ring proc
 166  0000              public _ktd_clockwise_ring_2
 166  0000  0009[           local _ktd_clockwise_ring_2 db 9 dup(?)	; 6,3
            00
            ]
 166  0000  0080     R  	mov _ktd_clockwise_ring_2[6],a
 166  0001              #pragma debug variable 8 7 _ktd_clockwise_ring_2+6 "g"
 166  0001              #pragma debug variable 8 7 _ktd_clockwise_ring_2+0 "r"
 166  0001              #pragma debug variable 8 7 _ktd_clockwise_ring_2+1 "b"
 166  0001              #pragma debug variable 11 7 _ktd_clockwise_ring_2+2 "msDelay"
 166  0001              #pragma debug variable 8 7 _ktd_clockwise_ring_2+4 "start"
 166  0001              #pragma debug variable 8 7 _ktd_clockwise_ring_2+5 "end"
 166  0001              #pragma debug variable 11 7 _ktd_clockwise_ring_2+7 "i"
 168  0001              #line 168 "c:\users\user\documents\htk_project\qbell_master_mb_v1_2_f10\hal_ktd.c"
 168  0001  0700     R  	mov a,_ktd_clockwise_ring_2[4]
 168  0002  0080     R  	mov _ktd_clockwise_ring_2[7],a
 168  0003  1F00     R  	clr _ktd_clockwise_ring_2[8]
 168  0004  2800     R  	jmp _L7
 168  0005              _L21:
 170  0005              #line 170 "c:\users\user\documents\htk_project\qbell_master_mb_v1_2_f10\hal_ktd.c"
 170  0005  0700     R  	mov a,_ktd_clockwise_ring_2[7]
 170  0006  0C01        	xor a,1
 170  0007  0500     R  	or a,_ktd_clockwise_ring_2[8]
 170  0008  3D0A        	sz z
 170  0009  2800     R  	jmp _L9
 170  000A  0700     R  	mov a,_ktd_clockwise_ring_2[7]
 170  000B  0C02        	xor a,2
 170  000C  0500     R  	or a,_ktd_clockwise_ring_2[8]
 170  000D  3D0A        	sz z
 170  000E  2800     R  	jmp _L10
 170  000F  0700     R  	mov a,_ktd_clockwise_ring_2[7]
 170  0010  0C03        	xor a,3
 170  0011  0500     R  	or a,_ktd_clockwise_ring_2[8]
 170  0012  3D0A        	sz z
 170  0013  2800     R  	jmp _L11
 170  0014  0700     R  	mov a,_ktd_clockwise_ring_2[7]
 170  0015  0C04        	xor a,4
 170  0016  0500     R  	or a,_ktd_clockwise_ring_2[8]
 170  0017  3D0A        	sz z
 170  0018  2800     R  	jmp _L12
 170  0019  0700     R  	mov a,_ktd_clockwise_ring_2[7]
 170  001A  0C05        	xor a,5
 170  001B  0500     R  	or a,_ktd_clockwise_ring_2[8]
 170  001C  3D0A        	sz z
 170  001D  2800     R  	jmp _L13
 170  001E  0700     R  	mov a,_ktd_clockwise_ring_2[7]
 170  001F  0C06        	xor a,6
 170  0020  0500     R  	or a,_ktd_clockwise_ring_2[8]
 170  0021  3D0A        	sz z
 170  0022  2800     R  	jmp _L14
 170  0023  0700     R  	mov a,_ktd_clockwise_ring_2[7]
 170  0024  0C07        	xor a,7
 170  0025  0500     R  	or a,_ktd_clockwise_ring_2[8]
 170  0026  3D0A        	sz z
 170  0027  2800     R  	jmp _L15
 170  0028  0700     R  	mov a,_ktd_clockwise_ring_2[7]
 170  0029  0C08        	xor a,8
 170  002A  0500     R  	or a,_ktd_clockwise_ring_2[8]
"File: hal_ktd.c     Assembler  Version HGASM0202      Page 12

 170  002B  3D0A        	sz z
 170  002C  2800     R  	jmp _L16
 170  002D  0700     R  	mov a,_ktd_clockwise_ring_2[7]
 170  002E  0C09        	xor a,9
 170  002F  0500     R  	or a,_ktd_clockwise_ring_2[8]
 170  0030  3D0A        	sz z
 170  0031  2800     R  	jmp _L17
 170  0032  0700     R  	mov a,_ktd_clockwise_ring_2[7]
 170  0033  0C0A        	xor a,10
 170  0034  0500     R  	or a,_ktd_clockwise_ring_2[8]
 170  0035  3D0A        	sz z
 170  0036  2800     R  	jmp _L18
 170  0037  0700     R  	mov a,_ktd_clockwise_ring_2[7]
 170  0038  0C0B        	xor a,11
 170  0039  0500     R  	or a,_ktd_clockwise_ring_2[8]
 170  003A  3D0A        	sz z
 170  003B  2800     R  	jmp _L19
 170  003C  0700     R  	mov a,_ktd_clockwise_ring_2[7]
 170  003D  0C0C        	xor a,12
 170  003E  0500     R  	or a,_ktd_clockwise_ring_2[8]
 170  003F  390A        	snz z
 170  0040  2800     R  	jmp _L8
 249  0041              #line 249 "c:\users\user\documents\htk_project\qbell_master_mb_v1_2_f10\hal_ktd.c"
 249  0041  0F08        	mov a,8
 249  0042  0080     R  	mov _ktd_ring_2[7],a
 249  0043  2800     R  	jmp _L23
 249  0044              _L9:
 173  0044              #line 173 "c:\users\user\documents\htk_project\qbell_master_mb_v1_2_f10\hal_ktd.c"
 173  0044  1F00     R  	clr _ktd_ring_2[7]
 173  0045  1F00     R  	clr _ktd_ring_2[6]
 173  0046  1F00     R  	clr _ktd_ring_2[5]
 173  0047  1F00     R  	clr _ktd_ring_2[4]
 173  0048  1F00     R  	clr _ktd_ring_2[3]
 173  0049  0F80        	mov a,128
 173  004A  0080     R  	mov _ktd_ring_2[2],a
 173  004B  2800     R  	jmp _L22
 173  004C              _L10:
 180  004C              #line 180 "c:\users\user\documents\htk_project\qbell_master_mb_v1_2_f10\hal_ktd.c"
 180  004C  1F00     R  	clr _ktd_ring_2[7]
 180  004D  1F00     R  	clr _ktd_ring_2[6]
 180  004E  1F00     R  	clr _ktd_ring_2[5]
 180  004F  1F00     R  	clr _ktd_ring_2[4]
 180  0050  1F00     R  	clr _ktd_ring_2[3]
 180  0051  0F08        	mov a,8
 180  0052  0080     R  	mov _ktd_ring_2[2],a
 180  0053  2800     R  	jmp _L22
 180  0054              _L11:
 187  0054              #line 187 "c:\users\user\documents\htk_project\qbell_master_mb_v1_2_f10\hal_ktd.c"
 187  0054  1F00     R  	clr _ktd_ring_2[7]
 187  0055  1F00     R  	clr _ktd_ring_2[6]
 187  0056  1F00     R  	clr _ktd_ring_2[5]
 187  0057  1F00     R  	clr _ktd_ring_2[4]
 187  0058  0F80        	mov a,128
 187  0059  0080     R  	mov _ktd_ring_2[3],a
 187  005A  2800     R  	jmp _L27
 187  005B              _L12:
 194  005B              #line 194 "c:\users\user\documents\htk_project\qbell_master_mb_v1_2_f10\hal_ktd.c"
 194  005B  1F00     R  	clr _ktd_ring_2[7]
 194  005C  1F00     R  	clr _ktd_ring_2[6]
 194  005D  1F00     R  	clr _ktd_ring_2[5]
"File: hal_ktd.c     Assembler  Version HGASM0202      Page 13

 194  005E  1F00     R  	clr _ktd_ring_2[4]
 194  005F  0F08        	mov a,8
 194  0060  0080     R  	mov _ktd_ring_2[3],a
 194  0061  2800     R  	jmp _L27
 194  0062              _L13:
 200  0062              #line 200 "c:\users\user\documents\htk_project\qbell_master_mb_v1_2_f10\hal_ktd.c"
 200  0062  1F00     R  	clr _ktd_ring_2[7]
 200  0063  1F00     R  	clr _ktd_ring_2[6]
 200  0064  1F00     R  	clr _ktd_ring_2[5]
 200  0065  0F80        	mov a,128
 200  0066  0080     R  	mov _ktd_ring_2[4],a
 200  0067  2800     R  	jmp _L26
 200  0068              _L14:
 207  0068              #line 207 "c:\users\user\documents\htk_project\qbell_master_mb_v1_2_f10\hal_ktd.c"
 207  0068  1F00     R  	clr _ktd_ring_2[7]
 207  0069  1F00     R  	clr _ktd_ring_2[6]
 207  006A  1F00     R  	clr _ktd_ring_2[5]
 207  006B  0F08        	mov a,8
 207  006C  0080     R  	mov _ktd_ring_2[4],a
 207  006D  2800     R  	jmp _L26
 207  006E              _L15:
 214  006E              #line 214 "c:\users\user\documents\htk_project\qbell_master_mb_v1_2_f10\hal_ktd.c"
 214  006E  1F00     R  	clr _ktd_ring_2[7]
 214  006F  1F00     R  	clr _ktd_ring_2[6]
 214  0070  0F80        	mov a,128
 214  0071  0080     R  	mov _ktd_ring_2[5],a
 214  0072  2800     R  	jmp _L25
 214  0073              _L16:
 221  0073              #line 221 "c:\users\user\documents\htk_project\qbell_master_mb_v1_2_f10\hal_ktd.c"
 221  0073  1F00     R  	clr _ktd_ring_2[7]
 221  0074  1F00     R  	clr _ktd_ring_2[6]
 221  0075  0F08        	mov a,8
 221  0076  0080     R  	mov _ktd_ring_2[5],a
 221  0077  2800     R  	jmp _L25
 221  0078              _L17:
 228  0078              #line 228 "c:\users\user\documents\htk_project\qbell_master_mb_v1_2_f10\hal_ktd.c"
 228  0078  1F00     R  	clr _ktd_ring_2[7]
 228  0079  0F80        	mov a,128
 228  007A  0080     R  	mov _ktd_ring_2[6],a
 228  007B  2800     R  	jmp _L24
 228  007C              _L18:
 235  007C              #line 235 "c:\users\user\documents\htk_project\qbell_master_mb_v1_2_f10\hal_ktd.c"
 235  007C  1F00     R  	clr _ktd_ring_2[7]
 235  007D  0F08        	mov a,8
 235  007E  0080     R  	mov _ktd_ring_2[6],a
 235  007F  2800     R  	jmp _L24
 235  0080              _L19:
 242  0080              #line 242 "c:\users\user\documents\htk_project\qbell_master_mb_v1_2_f10\hal_ktd.c"
 242  0080  0F80        	mov a,128
 242  0081  0080     R  	mov _ktd_ring_2[7],a
 242  0082              _L23:
 249  0082              #line 249 "c:\users\user\documents\htk_project\qbell_master_mb_v1_2_f10\hal_ktd.c"
 249  0082  1F00     R  	clr _ktd_ring_2[6]
 249  0083              _L24:
 249  0083  1F00     R  	clr _ktd_ring_2[5]
 249  0084              _L25:
 249  0084  1F00     R  	clr _ktd_ring_2[4]
 249  0085              _L26:
 249  0085  1F00     R  	clr _ktd_ring_2[3]
 249  0086              _L27:
"File: hal_ktd.c     Assembler  Version HGASM0202      Page 14

 249  0086  1F00     R  	clr _ktd_ring_2[2]
 249  0087              _L22:
 249  0087  0700     R  	mov a,_ktd_clockwise_ring_2[1]
 249  0088  0080     R  	mov _ktd_ring_2[1],a
 249  0089  0700     R  	mov a,_ktd_clockwise_ring_2[6]
 249  008A  0080     R  	mov _ktd_ring_2[0],a
 249  008B  0700     R  	mov a,_ktd_clockwise_ring_2[0]
 249  008C  2000     R  	call _ktd_ring
 249  008D              _L8:
 255  008D              #line 255 "c:\users\user\documents\htk_project\qbell_master_mb_v1_2_f10\hal_ktd.c"
 255  008D  0700     R  	mov a,_ktd_clockwise_ring_2[2]
 255  008E  0080     E  	mov _delay_2[0],a
 255  008F  0700     R  	mov a,_ktd_clockwise_ring_2[3]
 255  0090  0080     E  	mov _delay_2[1],a
 255  0091  2000     E  	call _delay
 168  0092              #line 168 "c:\users\user\documents\htk_project\qbell_master_mb_v1_2_f10\hal_ktd.c"
 168  0092  1480     R  	inc _ktd_clockwise_ring_2[7]
 168  0093  3D0A        	sz z
 168  0094  1480     R  	inc _ktd_clockwise_ring_2[8]
 168  0095              _L7:
 168  0095  0700     R  	mov a,_ktd_clockwise_ring_2[5]
 168  0096  0080     E  	mov rb,a
 168  0097  1F00     E  	clr rc
 168  0098  0700     E  	mov a,rb
 168  0099  0200     R  	sub a,_ktd_clockwise_ring_2[7]
 168  009A  0700     E  	mov a,rc
 168  009B  1200     R  	sbc a,_ktd_clockwise_ring_2[8]
 168  009C  3B8A        	snz sc
 168  009D  2800     R  	jmp _L21
 168  009E  0003        	ret
 168  009F              _ktd_clockwise_ring endp
 168  009F              #line 168 "c:\users\user\documents\htk_project\qbell_master_mb_v1_2_f10\hal_ktd.c"
 168  009F              #pragma debug scope 1 1
 168  009F              public _ktd_anticlockwise_ring
 168  009F              #pragma debug scope 8 1
 269  009F              #line 269 "c:\users\user\documents\htk_project\qbell_master_mb_v1_2_f10\hal_ktd.c"
 269  0000              _ktd_anticlockwise_ring .section 'code'
 269  0000              _ktd_anticlockwise_ring proc
 269  0000              public _ktd_anticlockwise_ring_2
 269  0000  0009[           local _ktd_anticlockwise_ring_2 db 9 dup(?)	; 6,3
            00
            ]
 269  0000  0080     R  	mov _ktd_anticlockwise_ring_2[6],a
 269  0001              #pragma debug variable 8 8 _ktd_anticlockwise_ring_2+6 "g"
 269  0001              #pragma debug variable 8 8 _ktd_anticlockwise_ring_2+0 "r"
 269  0001              #pragma debug variable 8 8 _ktd_anticlockwise_ring_2+1 "b"
 269  0001              #pragma debug variable 11 8 _ktd_anticlockwise_ring_2+2 "msDelay"
 269  0001              #pragma debug variable 8 8 _ktd_anticlockwise_ring_2+4 "start"
 269  0001              #pragma debug variable 8 8 _ktd_anticlockwise_ring_2+5 "end"
 269  0001              #pragma debug variable 11 8 _ktd_anticlockwise_ring_2+7 "i"
 271  0001              #line 271 "c:\users\user\documents\htk_project\qbell_master_mb_v1_2_f10\hal_ktd.c"
 271  0001  0700     R  	mov a,_ktd_anticlockwise_ring_2[4]
 271  0002  0080     R  	mov _ktd_anticlockwise_ring_2[7],a
 271  0003  1F00     R  	clr _ktd_anticlockwise_ring_2[8]
 271  0004  2800     R  	jmp _L30
 271  0005              _L44:
 273  0005              #line 273 "c:\users\user\documents\htk_project\qbell_master_mb_v1_2_f10\hal_ktd.c"
 273  0005  0700     R  	mov a,_ktd_anticlockwise_ring_2[7]
 273  0006  0C01        	xor a,1
 273  0007  0500     R  	or a,_ktd_anticlockwise_ring_2[8]
"File: hal_ktd.c     Assembler  Version HGASM0202      Page 15

 273  0008  3D0A        	sz z
 273  0009  2800     R  	jmp _L32
 273  000A  0700     R  	mov a,_ktd_anticlockwise_ring_2[7]
 273  000B  0C02        	xor a,2
 273  000C  0500     R  	or a,_ktd_anticlockwise_ring_2[8]
 273  000D  3D0A        	sz z
 273  000E  2800     R  	jmp _L33
 273  000F  0700     R  	mov a,_ktd_anticlockwise_ring_2[7]
 273  0010  0C03        	xor a,3
 273  0011  0500     R  	or a,_ktd_anticlockwise_ring_2[8]
 273  0012  3D0A        	sz z
 273  0013  2800     R  	jmp _L34
 273  0014  0700     R  	mov a,_ktd_anticlockwise_ring_2[7]
 273  0015  0C04        	xor a,4
 273  0016  0500     R  	or a,_ktd_anticlockwise_ring_2[8]
 273  0017  3D0A        	sz z
 273  0018  2800     R  	jmp _L35
 273  0019  0700     R  	mov a,_ktd_anticlockwise_ring_2[7]
 273  001A  0C05        	xor a,5
 273  001B  0500     R  	or a,_ktd_anticlockwise_ring_2[8]
 273  001C  3D0A        	sz z
 273  001D  2800     R  	jmp _L36
 273  001E  0700     R  	mov a,_ktd_anticlockwise_ring_2[7]
 273  001F  0C06        	xor a,6
 273  0020  0500     R  	or a,_ktd_anticlockwise_ring_2[8]
 273  0021  3D0A        	sz z
 273  0022  2800     R  	jmp _L37
 273  0023  0700     R  	mov a,_ktd_anticlockwise_ring_2[7]
 273  0024  0C07        	xor a,7
 273  0025  0500     R  	or a,_ktd_anticlockwise_ring_2[8]
 273  0026  3D0A        	sz z
 273  0027  2800     R  	jmp _L38
 273  0028  0700     R  	mov a,_ktd_anticlockwise_ring_2[7]
 273  0029  0C08        	xor a,8
 273  002A  0500     R  	or a,_ktd_anticlockwise_ring_2[8]
 273  002B  3D0A        	sz z
 273  002C  2800     R  	jmp _L39
 273  002D  0700     R  	mov a,_ktd_anticlockwise_ring_2[7]
 273  002E  0C09        	xor a,9
 273  002F  0500     R  	or a,_ktd_anticlockwise_ring_2[8]
 273  0030  3D0A        	sz z
 273  0031  2800     R  	jmp _L40
 273  0032  0700     R  	mov a,_ktd_anticlockwise_ring_2[7]
 273  0033  0C0A        	xor a,10
 273  0034  0500     R  	or a,_ktd_anticlockwise_ring_2[8]
 273  0035  3D0A        	sz z
 273  0036  2800     R  	jmp _L41
 273  0037  0700     R  	mov a,_ktd_anticlockwise_ring_2[7]
 273  0038  0C0B        	xor a,11
 273  0039  0500     R  	or a,_ktd_anticlockwise_ring_2[8]
 273  003A  3D0A        	sz z
 273  003B  2800     R  	jmp _L42
 273  003C  0700     R  	mov a,_ktd_anticlockwise_ring_2[7]
 273  003D  0C0C        	xor a,12
 273  003E  0500     R  	or a,_ktd_anticlockwise_ring_2[8]
 273  003F  390A        	snz z
 273  0040  2800     R  	jmp _L31
 276  0041              #line 276 "c:\users\user\documents\htk_project\qbell_master_mb_v1_2_f10\hal_ktd.c"
 276  0041  1F00     R  	clr _ktd_ring_2[7]
 276  0042  1F00     R  	clr _ktd_ring_2[6]
"File: hal_ktd.c     Assembler  Version HGASM0202      Page 16

 276  0043  1F00     R  	clr _ktd_ring_2[5]
 276  0044  1F00     R  	clr _ktd_ring_2[4]
 276  0045  1F00     R  	clr _ktd_ring_2[3]
 276  0046  0F80        	mov a,128
 276  0047  0080     R  	mov _ktd_ring_2[2],a
 276  0048  2800     R  	jmp _L45
 276  0049              _L42:
 283  0049              #line 283 "c:\users\user\documents\htk_project\qbell_master_mb_v1_2_f10\hal_ktd.c"
 283  0049  1F00     R  	clr _ktd_ring_2[7]
 283  004A  1F00     R  	clr _ktd_ring_2[6]
 283  004B  1F00     R  	clr _ktd_ring_2[5]
 283  004C  1F00     R  	clr _ktd_ring_2[4]
 283  004D  1F00     R  	clr _ktd_ring_2[3]
 283  004E  0F08        	mov a,8
 283  004F  0080     R  	mov _ktd_ring_2[2],a
 283  0050  2800     R  	jmp _L45
 283  0051              _L41:
 290  0051              #line 290 "c:\users\user\documents\htk_project\qbell_master_mb_v1_2_f10\hal_ktd.c"
 290  0051  1F00     R  	clr _ktd_ring_2[7]
 290  0052  1F00     R  	clr _ktd_ring_2[6]
 290  0053  1F00     R  	clr _ktd_ring_2[5]
 290  0054  1F00     R  	clr _ktd_ring_2[4]
 290  0055  0F80        	mov a,128
 290  0056  0080     R  	mov _ktd_ring_2[3],a
 290  0057  2800     R  	jmp _L50
 290  0058              _L40:
 297  0058              #line 297 "c:\users\user\documents\htk_project\qbell_master_mb_v1_2_f10\hal_ktd.c"
 297  0058  1F00     R  	clr _ktd_ring_2[7]
 297  0059  1F00     R  	clr _ktd_ring_2[6]
 297  005A  1F00     R  	clr _ktd_ring_2[5]
 297  005B  1F00     R  	clr _ktd_ring_2[4]
 297  005C  0F08        	mov a,8
 297  005D  0080     R  	mov _ktd_ring_2[3],a
 297  005E  2800     R  	jmp _L50
 297  005F              _L39:
 304  005F              #line 304 "c:\users\user\documents\htk_project\qbell_master_mb_v1_2_f10\hal_ktd.c"
 304  005F  1F00     R  	clr _ktd_ring_2[7]
 304  0060  1F00     R  	clr _ktd_ring_2[6]
 304  0061  1F00     R  	clr _ktd_ring_2[5]
 304  0062  0F80        	mov a,128
 304  0063  0080     R  	mov _ktd_ring_2[4],a
 304  0064  2800     R  	jmp _L49
 304  0065              _L38:
 311  0065              #line 311 "c:\users\user\documents\htk_project\qbell_master_mb_v1_2_f10\hal_ktd.c"
 311  0065  1F00     R  	clr _ktd_ring_2[7]
 311  0066  1F00     R  	clr _ktd_ring_2[6]
 311  0067  1F00     R  	clr _ktd_ring_2[5]
 311  0068  0F08        	mov a,8
 311  0069  0080     R  	mov _ktd_ring_2[4],a
 311  006A  2800     R  	jmp _L49
 311  006B              _L37:
 318  006B              #line 318 "c:\users\user\documents\htk_project\qbell_master_mb_v1_2_f10\hal_ktd.c"
 318  006B  1F00     R  	clr _ktd_ring_2[7]
 318  006C  1F00     R  	clr _ktd_ring_2[6]
 318  006D  0F80        	mov a,128
 318  006E  0080     R  	mov _ktd_ring_2[5],a
 318  006F  2800     R  	jmp _L48
 318  0070              _L36:
 325  0070              #line 325 "c:\users\user\documents\htk_project\qbell_master_mb_v1_2_f10\hal_ktd.c"
 325  0070  1F00     R  	clr _ktd_ring_2[7]
"File: hal_ktd.c     Assembler  Version HGASM0202      Page 17

 325  0071  1F00     R  	clr _ktd_ring_2[6]
 325  0072  0F08        	mov a,8
 325  0073  0080     R  	mov _ktd_ring_2[5],a
 325  0074  2800     R  	jmp _L48
 325  0075              _L35:
 332  0075              #line 332 "c:\users\user\documents\htk_project\qbell_master_mb_v1_2_f10\hal_ktd.c"
 332  0075  1F00     R  	clr _ktd_ring_2[7]
 332  0076  0F80        	mov a,128
 332  0077  0080     R  	mov _ktd_ring_2[6],a
 332  0078  2800     R  	jmp _L47
 332  0079              _L34:
 339  0079              #line 339 "c:\users\user\documents\htk_project\qbell_master_mb_v1_2_f10\hal_ktd.c"
 339  0079  1F00     R  	clr _ktd_ring_2[7]
 339  007A  0F08        	mov a,8
 339  007B  0080     R  	mov _ktd_ring_2[6],a
 339  007C  2800     R  	jmp _L47
 339  007D              _L33:
 346  007D              #line 346 "c:\users\user\documents\htk_project\qbell_master_mb_v1_2_f10\hal_ktd.c"
 346  007D  0F80        	mov a,128
 346  007E  0080     R  	mov _ktd_ring_2[7],a
 346  007F  2800     R  	jmp _L46
 346  0080              _L32:
 353  0080              #line 353 "c:\users\user\documents\htk_project\qbell_master_mb_v1_2_f10\hal_ktd.c"
 353  0080  0F08        	mov a,8
 353  0081  0080     R  	mov _ktd_ring_2[7],a
 353  0082              _L46:
 353  0082  1F00     R  	clr _ktd_ring_2[6]
 353  0083              _L47:
 353  0083  1F00     R  	clr _ktd_ring_2[5]
 353  0084              _L48:
 353  0084  1F00     R  	clr _ktd_ring_2[4]
 353  0085              _L49:
 353  0085  1F00     R  	clr _ktd_ring_2[3]
 353  0086              _L50:
 353  0086  1F00     R  	clr _ktd_ring_2[2]
 353  0087              _L45:
 353  0087  0700     R  	mov a,_ktd_anticlockwise_ring_2[1]
 353  0088  0080     R  	mov _ktd_ring_2[1],a
 353  0089  0700     R  	mov a,_ktd_anticlockwise_ring_2[6]
 353  008A  0080     R  	mov _ktd_ring_2[0],a
 353  008B  0700     R  	mov a,_ktd_anticlockwise_ring_2[0]
 353  008C  2000     R  	call _ktd_ring
 353  008D              _L31:
 359  008D              #line 359 "c:\users\user\documents\htk_project\qbell_master_mb_v1_2_f10\hal_ktd.c"
 359  008D  0700     R  	mov a,_ktd_anticlockwise_ring_2[2]
 359  008E  0080     E  	mov _delay_2[0],a
 359  008F  0700     R  	mov a,_ktd_anticlockwise_ring_2[3]
 359  0090  0080     E  	mov _delay_2[1],a
 359  0091  2000     E  	call _delay
 271  0092              #line 271 "c:\users\user\documents\htk_project\qbell_master_mb_v1_2_f10\hal_ktd.c"
 271  0092  1480     R  	inc _ktd_anticlockwise_ring_2[7]
 271  0093  3D0A        	sz z
 271  0094  1480     R  	inc _ktd_anticlockwise_ring_2[8]
 271  0095              _L30:
 271  0095  0700     R  	mov a,_ktd_anticlockwise_ring_2[5]
 271  0096  0080     E  	mov rb,a
 271  0097  1F00     E  	clr rc
 271  0098  0700     E  	mov a,rb
 271  0099  0200     R  	sub a,_ktd_anticlockwise_ring_2[7]
 271  009A  0700     E  	mov a,rc
"File: hal_ktd.c     Assembler  Version HGASM0202      Page 18

 271  009B  1200     R  	sbc a,_ktd_anticlockwise_ring_2[8]
 271  009C  3B8A        	snz sc
 271  009D  2800     R  	jmp _L44
 271  009E  0003        	ret
 271  009F              _ktd_anticlockwise_ring endp
 271  009F              #line 271 "c:\users\user\documents\htk_project\qbell_master_mb_v1_2_f10\hal_ktd.c"
 271  009F              #pragma debug scope 1 1
 271  009F              public _ktd_clockwise_ring_p1
 271  009F              #pragma debug scope 9 1
 374  009F              #line 374 "c:\users\user\documents\htk_project\qbell_master_mb_v1_2_f10\hal_ktd.c"
 374  0000              _ktd_clockwise_ring_p1 .section 'code'
 374  0000              _ktd_clockwise_ring_p1 proc
 374  0000              public _ktd_clockwise_ring_p1_2
 374  0000  0009[           local _ktd_clockwise_ring_p1_2 db 9 dup(?)	; 6,3
            00
            ]
 374  0000  0080     R  	mov _ktd_clockwise_ring_p1_2[6],a
 374  0001              #pragma debug variable 8 9 _ktd_clockwise_ring_p1_2+6 "g"
 374  0001              #pragma debug variable 8 9 _ktd_clockwise_ring_p1_2+0 "r"
 374  0001              #pragma debug variable 8 9 _ktd_clockwise_ring_p1_2+1 "b"
 374  0001              #pragma debug variable 11 9 _ktd_clockwise_ring_p1_2+2 "msDelay"
 374  0001              #pragma debug variable 8 9 _ktd_clockwise_ring_p1_2+4 "start"
 374  0001              #pragma debug variable 8 9 _ktd_clockwise_ring_p1_2+5 "end"
 374  0001              #pragma debug variable 11 9 _ktd_clockwise_ring_p1_2+7 "i"
 376  0001              #line 376 "c:\users\user\documents\htk_project\qbell_master_mb_v1_2_f10\hal_ktd.c"
 376  0001  0700     R  	mov a,_ktd_clockwise_ring_p1_2[4]
 376  0002  0080     R  	mov _ktd_clockwise_ring_p1_2[7],a
 376  0003  1F00     R  	clr _ktd_clockwise_ring_p1_2[8]
 376  0004  2800     R  	jmp _L52
 376  0005              _L66:
 378  0005              #line 378 "c:\users\user\documents\htk_project\qbell_master_mb_v1_2_f10\hal_ktd.c"
 378  0005  0700     R  	mov a,_ktd_clockwise_ring_p1_2[7]
 378  0006  0C01        	xor a,1
 378  0007  0500     R  	or a,_ktd_clockwise_ring_p1_2[8]
 378  0008  3D0A        	sz z
 378  0009  2800     R  	jmp _L54
 378  000A  0700     R  	mov a,_ktd_clockwise_ring_p1_2[7]
 378  000B  0C02        	xor a,2
 378  000C  0500     R  	or a,_ktd_clockwise_ring_p1_2[8]
 378  000D  3D0A        	sz z
 378  000E  2800     R  	jmp _L55
 378  000F  0700     R  	mov a,_ktd_clockwise_ring_p1_2[7]
 378  0010  0C03        	xor a,3
 378  0011  0500     R  	or a,_ktd_clockwise_ring_p1_2[8]
 378  0012  3D0A        	sz z
 378  0013  2800     R  	jmp _L56
 378  0014  0700     R  	mov a,_ktd_clockwise_ring_p1_2[7]
 378  0015  0C04        	xor a,4
 378  0016  0500     R  	or a,_ktd_clockwise_ring_p1_2[8]
 378  0017  3D0A        	sz z
 378  0018  2800     R  	jmp _L57
 378  0019  0700     R  	mov a,_ktd_clockwise_ring_p1_2[7]
 378  001A  0C05        	xor a,5
 378  001B  0500     R  	or a,_ktd_clockwise_ring_p1_2[8]
 378  001C  3D0A        	sz z
 378  001D  2800     R  	jmp _L58
 378  001E  0700     R  	mov a,_ktd_clockwise_ring_p1_2[7]
 378  001F  0C06        	xor a,6
 378  0020  0500     R  	or a,_ktd_clockwise_ring_p1_2[8]
 378  0021  3D0A        	sz z
"File: hal_ktd.c     Assembler  Version HGASM0202      Page 19

 378  0022  2800     R  	jmp _L59
 378  0023  0700     R  	mov a,_ktd_clockwise_ring_p1_2[7]
 378  0024  0C07        	xor a,7
 378  0025  0500     R  	or a,_ktd_clockwise_ring_p1_2[8]
 378  0026  3D0A        	sz z
 378  0027  2800     R  	jmp _L60
 378  0028  0700     R  	mov a,_ktd_clockwise_ring_p1_2[7]
 378  0029  0C08        	xor a,8
 378  002A  0500     R  	or a,_ktd_clockwise_ring_p1_2[8]
 378  002B  3D0A        	sz z
 378  002C  2800     R  	jmp _L61
 378  002D  0700     R  	mov a,_ktd_clockwise_ring_p1_2[7]
 378  002E  0C09        	xor a,9
 378  002F  0500     R  	or a,_ktd_clockwise_ring_p1_2[8]
 378  0030  3D0A        	sz z
 378  0031  2800     R  	jmp _L62
 378  0032  0700     R  	mov a,_ktd_clockwise_ring_p1_2[7]
 378  0033  0C0A        	xor a,10
 378  0034  0500     R  	or a,_ktd_clockwise_ring_p1_2[8]
 378  0035  3D0A        	sz z
 378  0036  2800     R  	jmp _L63
 378  0037  0700     R  	mov a,_ktd_clockwise_ring_p1_2[7]
 378  0038  0C0B        	xor a,11
 378  0039  0500     R  	or a,_ktd_clockwise_ring_p1_2[8]
 378  003A  3D0A        	sz z
 378  003B  2800     R  	jmp _L64
 378  003C  0700     R  	mov a,_ktd_clockwise_ring_p1_2[7]
 378  003D  0C0C        	xor a,12
 378  003E  0500     R  	or a,_ktd_clockwise_ring_p1_2[8]
 378  003F  390A        	snz z
 378  0040  2800     R  	jmp _L53
 457  0041              #line 457 "c:\users\user\documents\htk_project\qbell_master_mb_v1_2_f10\hal_ktd.c"
 457  0041  1F80     R  	set _ktd_ring_2[7]
 457  0042  2800     R  	jmp _L68
 457  0043              _L54:
 381  0043              #line 381 "c:\users\user\documents\htk_project\qbell_master_mb_v1_2_f10\hal_ktd.c"
 381  0043  1F00     R  	clr _ktd_ring_2[7]
 381  0044  1F00     R  	clr _ktd_ring_2[6]
 381  0045  1F00     R  	clr _ktd_ring_2[5]
 381  0046  1F00     R  	clr _ktd_ring_2[4]
 381  0047  1F00     R  	clr _ktd_ring_2[3]
 381  0048  0F80        	mov a,128
 381  0049  0080     R  	mov _ktd_ring_2[2],a
 381  004A  2800     R  	jmp _L67
 381  004B              _L55:
 388  004B              #line 388 "c:\users\user\documents\htk_project\qbell_master_mb_v1_2_f10\hal_ktd.c"
 388  004B  1F00     R  	clr _ktd_ring_2[7]
 388  004C  1F00     R  	clr _ktd_ring_2[6]
 388  004D  1F00     R  	clr _ktd_ring_2[5]
 388  004E  1F00     R  	clr _ktd_ring_2[4]
 388  004F  1F00     R  	clr _ktd_ring_2[3]
 388  0050  2800     R  	jmp _L72
 388  0051              _L56:
 395  0051              #line 395 "c:\users\user\documents\htk_project\qbell_master_mb_v1_2_f10\hal_ktd.c"
 395  0051  1F00     R  	clr _ktd_ring_2[7]
 395  0052  1F00     R  	clr _ktd_ring_2[6]
 395  0053  1F00     R  	clr _ktd_ring_2[5]
 395  0054  1F00     R  	clr _ktd_ring_2[4]
 395  0055  0F80        	mov a,128
 395  0056  0080     R  	mov _ktd_ring_2[3],a
"File: hal_ktd.c     Assembler  Version HGASM0202      Page 20

 395  0057  2800     R  	jmp _L72
 395  0058              _L57:
 402  0058              #line 402 "c:\users\user\documents\htk_project\qbell_master_mb_v1_2_f10\hal_ktd.c"
 402  0058  1F00     R  	clr _ktd_ring_2[7]
 402  0059  1F00     R  	clr _ktd_ring_2[6]
 402  005A  1F00     R  	clr _ktd_ring_2[5]
 402  005B  1F00     R  	clr _ktd_ring_2[4]
 402  005C  2800     R  	jmp _L71
 402  005D              _L58:
 408  005D              #line 408 "c:\users\user\documents\htk_project\qbell_master_mb_v1_2_f10\hal_ktd.c"
 408  005D  1F00     R  	clr _ktd_ring_2[7]
 408  005E  1F00     R  	clr _ktd_ring_2[6]
 408  005F  1F00     R  	clr _ktd_ring_2[5]
 408  0060  0F80        	mov a,128
 408  0061  0080     R  	mov _ktd_ring_2[4],a
 408  0062  2800     R  	jmp _L71
 408  0063              _L59:
 415  0063              #line 415 "c:\users\user\documents\htk_project\qbell_master_mb_v1_2_f10\hal_ktd.c"
 415  0063  1F00     R  	clr _ktd_ring_2[7]
 415  0064  1F00     R  	clr _ktd_ring_2[6]
 415  0065  1F00     R  	clr _ktd_ring_2[5]
 415  0066  2800     R  	jmp _L70
 415  0067              _L60:
 422  0067              #line 422 "c:\users\user\documents\htk_project\qbell_master_mb_v1_2_f10\hal_ktd.c"
 422  0067  1F00     R  	clr _ktd_ring_2[7]
 422  0068  1F00     R  	clr _ktd_ring_2[6]
 422  0069  0F80        	mov a,128
 422  006A  0080     R  	mov _ktd_ring_2[5],a
 422  006B  2800     R  	jmp _L70
 422  006C              _L61:
 429  006C              #line 429 "c:\users\user\documents\htk_project\qbell_master_mb_v1_2_f10\hal_ktd.c"
 429  006C  1F00     R  	clr _ktd_ring_2[7]
 429  006D  1F00     R  	clr _ktd_ring_2[6]
 429  006E  2800     R  	jmp _L69
 429  006F              _L62:
 436  006F              #line 436 "c:\users\user\documents\htk_project\qbell_master_mb_v1_2_f10\hal_ktd.c"
 436  006F  1F00     R  	clr _ktd_ring_2[7]
 436  0070  0F80        	mov a,128
 436  0071  0080     R  	mov _ktd_ring_2[6],a
 436  0072  2800     R  	jmp _L69
 436  0073              _L63:
 443  0073              #line 443 "c:\users\user\documents\htk_project\qbell_master_mb_v1_2_f10\hal_ktd.c"
 443  0073  1F00     R  	clr _ktd_ring_2[7]
 443  0074  2800     R  	jmp _L68
 443  0075              _L64:
 450  0075              #line 450 "c:\users\user\documents\htk_project\qbell_master_mb_v1_2_f10\hal_ktd.c"
 450  0075  0F80        	mov a,128
 450  0076  0080     R  	mov _ktd_ring_2[7],a
 450  0077              _L68:
 457  0077              #line 457 "c:\users\user\documents\htk_project\qbell_master_mb_v1_2_f10\hal_ktd.c"
 457  0077  1F80     R  	set _ktd_ring_2[6]
 457  0078              _L69:
 457  0078  1F80     R  	set _ktd_ring_2[5]
 457  0079              _L70:
 457  0079  1F80     R  	set _ktd_ring_2[4]
 457  007A              _L71:
 457  007A  1F80     R  	set _ktd_ring_2[3]
 457  007B              _L72:
 457  007B  1F80     R  	set _ktd_ring_2[2]
 457  007C              _L67:
"File: hal_ktd.c     Assembler  Version HGASM0202      Page 21

 457  007C  0700     R  	mov a,_ktd_clockwise_ring_p1_2[1]
 457  007D  0080     R  	mov _ktd_ring_2[1],a
 457  007E  0700     R  	mov a,_ktd_clockwise_ring_p1_2[6]
 457  007F  0080     R  	mov _ktd_ring_2[0],a
 457  0080  0700     R  	mov a,_ktd_clockwise_ring_p1_2[0]
 457  0081  2000     R  	call _ktd_ring
 457  0082              _L53:
 463  0082              #line 463 "c:\users\user\documents\htk_project\qbell_master_mb_v1_2_f10\hal_ktd.c"
 463  0082  0700     R  	mov a,_ktd_clockwise_ring_p1_2[2]
 463  0083  0080     E  	mov _delay_2[0],a
 463  0084  0700     R  	mov a,_ktd_clockwise_ring_p1_2[3]
 463  0085  0080     E  	mov _delay_2[1],a
 463  0086  2000     E  	call _delay
 376  0087              #line 376 "c:\users\user\documents\htk_project\qbell_master_mb_v1_2_f10\hal_ktd.c"
 376  0087  1480     R  	inc _ktd_clockwise_ring_p1_2[7]
 376  0088  3D0A        	sz z
 376  0089  1480     R  	inc _ktd_clockwise_ring_p1_2[8]
 376  008A              _L52:
 376  008A  0700     R  	mov a,_ktd_clockwise_ring_p1_2[5]
 376  008B  0080     E  	mov rb,a
 376  008C  1F00     E  	clr rc
 376  008D  0700     E  	mov a,rb
 376  008E  0200     R  	sub a,_ktd_clockwise_ring_p1_2[7]
 376  008F  0700     E  	mov a,rc
 376  0090  1200     R  	sbc a,_ktd_clockwise_ring_p1_2[8]
 376  0091  3B8A        	snz sc
 376  0092  2800     R  	jmp _L66
 376  0093  0003        	ret
 376  0094              _ktd_clockwise_ring_p1 endp
 376  0094              #line 376 "c:\users\user\documents\htk_project\qbell_master_mb_v1_2_f10\hal_ktd.c"
 376  0094              #pragma debug scope 1 1
 376  0094              public _ktd_anticlockwise_ring_p1
 376  0094              #pragma debug scope 10 1
 477  0094              #line 477 "c:\users\user\documents\htk_project\qbell_master_mb_v1_2_f10\hal_ktd.c"
 477  0000              _ktd_anticlockwise_ring_p1 .section 'code'
 477  0000              _ktd_anticlockwise_ring_p1 proc
 477  0000              public _ktd_anticlockwise_ring_p1_2
 477  0000  0009[           local _ktd_anticlockwise_ring_p1_2 db 9 dup(?)	; 6,3
            00
            ]
 477  0000  0080     R  	mov _ktd_anticlockwise_ring_p1_2[6],a
 477  0001              #pragma debug variable 8 10 _ktd_anticlockwise_ring_p1_2+6 "g"
 477  0001              #pragma debug variable 8 10 _ktd_anticlockwise_ring_p1_2+0 "r"
 477  0001              #pragma debug variable 8 10 _ktd_anticlockwise_ring_p1_2+1 "b"
 477  0001              #pragma debug variable 11 10 _ktd_anticlockwise_ring_p1_2+2 "msDelay"
 477  0001              #pragma debug variable 8 10 _ktd_anticlockwise_ring_p1_2+4 "start"
 477  0001              #pragma debug variable 8 10 _ktd_anticlockwise_ring_p1_2+5 "end"
 477  0001              #pragma debug variable 11 10 _ktd_anticlockwise_ring_p1_2+7 "i"
 479  0001              #line 479 "c:\users\user\documents\htk_project\qbell_master_mb_v1_2_f10\hal_ktd.c"
 479  0001  0700     R  	mov a,_ktd_anticlockwise_ring_p1_2[4]
 479  0002  0080     R  	mov _ktd_anticlockwise_ring_p1_2[7],a
 479  0003  1F00     R  	clr _ktd_anticlockwise_ring_p1_2[8]
 479  0004  2800     R  	jmp _L74
 479  0005              _L88:
 481  0005              #line 481 "c:\users\user\documents\htk_project\qbell_master_mb_v1_2_f10\hal_ktd.c"
 481  0005  0700     R  	mov a,_ktd_anticlockwise_ring_p1_2[7]
 481  0006  0C01        	xor a,1
 481  0007  0500     R  	or a,_ktd_anticlockwise_ring_p1_2[8]
 481  0008  3D0A        	sz z
 481  0009  2800     R  	jmp _L76
"File: hal_ktd.c     Assembler  Version HGASM0202      Page 22

 481  000A  0700     R  	mov a,_ktd_anticlockwise_ring_p1_2[7]
 481  000B  0C02        	xor a,2
 481  000C  0500     R  	or a,_ktd_anticlockwise_ring_p1_2[8]
 481  000D  3D0A        	sz z
 481  000E  2800     R  	jmp _L77
 481  000F  0700     R  	mov a,_ktd_anticlockwise_ring_p1_2[7]
 481  0010  0C03        	xor a,3
 481  0011  0500     R  	or a,_ktd_anticlockwise_ring_p1_2[8]
 481  0012  3D0A        	sz z
 481  0013  2800     R  	jmp _L78
 481  0014  0700     R  	mov a,_ktd_anticlockwise_ring_p1_2[7]
 481  0015  0C04        	xor a,4
 481  0016  0500     R  	or a,_ktd_anticlockwise_ring_p1_2[8]
 481  0017  3D0A        	sz z
 481  0018  2800     R  	jmp _L79
 481  0019  0700     R  	mov a,_ktd_anticlockwise_ring_p1_2[7]
 481  001A  0C05        	xor a,5
 481  001B  0500     R  	or a,_ktd_anticlockwise_ring_p1_2[8]
 481  001C  3D0A        	sz z
 481  001D  2800     R  	jmp _L80
 481  001E  0700     R  	mov a,_ktd_anticlockwise_ring_p1_2[7]
 481  001F  0C06        	xor a,6
 481  0020  0500     R  	or a,_ktd_anticlockwise_ring_p1_2[8]
 481  0021  3D0A        	sz z
 481  0022  2800     R  	jmp _L81
 481  0023  0700     R  	mov a,_ktd_anticlockwise_ring_p1_2[7]
 481  0024  0C07        	xor a,7
 481  0025  0500     R  	or a,_ktd_anticlockwise_ring_p1_2[8]
 481  0026  3D0A        	sz z
 481  0027  2800     R  	jmp _L82
 481  0028  0700     R  	mov a,_ktd_anticlockwise_ring_p1_2[7]
 481  0029  0C08        	xor a,8
 481  002A  0500     R  	or a,_ktd_anticlockwise_ring_p1_2[8]
 481  002B  3D0A        	sz z
 481  002C  2800     R  	jmp _L83
 481  002D  0700     R  	mov a,_ktd_anticlockwise_ring_p1_2[7]
 481  002E  0C09        	xor a,9
 481  002F  0500     R  	or a,_ktd_anticlockwise_ring_p1_2[8]
 481  0030  3D0A        	sz z
 481  0031  2800     R  	jmp _L84
 481  0032  0700     R  	mov a,_ktd_anticlockwise_ring_p1_2[7]
 481  0033  0C0A        	xor a,10
 481  0034  0500     R  	or a,_ktd_anticlockwise_ring_p1_2[8]
 481  0035  3D0A        	sz z
 481  0036  2800     R  	jmp _L85
 481  0037  0700     R  	mov a,_ktd_anticlockwise_ring_p1_2[7]
 481  0038  0C0B        	xor a,11
 481  0039  0500     R  	or a,_ktd_anticlockwise_ring_p1_2[8]
 481  003A  3D0A        	sz z
 481  003B  2800     R  	jmp _L86
 481  003C  0700     R  	mov a,_ktd_anticlockwise_ring_p1_2[7]
 481  003D  0C0C        	xor a,12
 481  003E  0500     R  	or a,_ktd_anticlockwise_ring_p1_2[8]
 481  003F  390A        	snz z
 481  0040  2800     R  	jmp _L75
 484  0041              #line 484 "c:\users\user\documents\htk_project\qbell_master_mb_v1_2_f10\hal_ktd.c"
 484  0041  1F00     R  	clr _ktd_ring_2[7]
 484  0042  1F00     R  	clr _ktd_ring_2[6]
 484  0043  1F00     R  	clr _ktd_ring_2[5]
 484  0044  1F00     R  	clr _ktd_ring_2[4]
"File: hal_ktd.c     Assembler  Version HGASM0202      Page 23

 484  0045  1F00     R  	clr _ktd_ring_2[3]
 484  0046  0F80        	mov a,128
 484  0047  0080     R  	mov _ktd_ring_2[2],a
 484  0048  2800     R  	jmp _L89
 484  0049              _L86:
 491  0049              #line 491 "c:\users\user\documents\htk_project\qbell_master_mb_v1_2_f10\hal_ktd.c"
 491  0049  1F00     R  	clr _ktd_ring_2[7]
 491  004A  1F00     R  	clr _ktd_ring_2[6]
 491  004B  1F00     R  	clr _ktd_ring_2[5]
 491  004C  1F00     R  	clr _ktd_ring_2[4]
 491  004D  1F00     R  	clr _ktd_ring_2[3]
 491  004E  2800     R  	jmp _L94
 491  004F              _L85:
 498  004F              #line 498 "c:\users\user\documents\htk_project\qbell_master_mb_v1_2_f10\hal_ktd.c"
 498  004F  1F00     R  	clr _ktd_ring_2[7]
 498  0050  1F00     R  	clr _ktd_ring_2[6]
 498  0051  1F00     R  	clr _ktd_ring_2[5]
 498  0052  1F00     R  	clr _ktd_ring_2[4]
 498  0053  0F80        	mov a,128
 498  0054  0080     R  	mov _ktd_ring_2[3],a
 498  0055  2800     R  	jmp _L94
 498  0056              _L84:
 505  0056              #line 505 "c:\users\user\documents\htk_project\qbell_master_mb_v1_2_f10\hal_ktd.c"
 505  0056  1F00     R  	clr _ktd_ring_2[7]
 505  0057  1F00     R  	clr _ktd_ring_2[6]
 505  0058  1F00     R  	clr _ktd_ring_2[5]
 505  0059  1F00     R  	clr _ktd_ring_2[4]
 505  005A  2800     R  	jmp _L93
 505  005B              _L83:
 512  005B              #line 512 "c:\users\user\documents\htk_project\qbell_master_mb_v1_2_f10\hal_ktd.c"
 512  005B  1F00     R  	clr _ktd_ring_2[7]
 512  005C  1F00     R  	clr _ktd_ring_2[6]
 512  005D  1F00     R  	clr _ktd_ring_2[5]
 512  005E  0F80        	mov a,128
 512  005F  0080     R  	mov _ktd_ring_2[4],a
 512  0060  2800     R  	jmp _L93
 512  0061              _L82:
 519  0061              #line 519 "c:\users\user\documents\htk_project\qbell_master_mb_v1_2_f10\hal_ktd.c"
 519  0061  1F00     R  	clr _ktd_ring_2[7]
 519  0062  1F00     R  	clr _ktd_ring_2[6]
 519  0063  1F00     R  	clr _ktd_ring_2[5]
 519  0064  2800     R  	jmp _L92
 519  0065              _L81:
 526  0065              #line 526 "c:\users\user\documents\htk_project\qbell_master_mb_v1_2_f10\hal_ktd.c"
 526  0065  1F00     R  	clr _ktd_ring_2[7]
 526  0066  1F00     R  	clr _ktd_ring_2[6]
 526  0067  0F80        	mov a,128
 526  0068  0080     R  	mov _ktd_ring_2[5],a
 526  0069  2800     R  	jmp _L92
 526  006A              _L80:
 533  006A              #line 533 "c:\users\user\documents\htk_project\qbell_master_mb_v1_2_f10\hal_ktd.c"
 533  006A  1F00     R  	clr _ktd_ring_2[7]
 533  006B  1F00     R  	clr _ktd_ring_2[6]
 533  006C  2800     R  	jmp _L91
 533  006D              _L79:
 540  006D              #line 540 "c:\users\user\documents\htk_project\qbell_master_mb_v1_2_f10\hal_ktd.c"
 540  006D  1F00     R  	clr _ktd_ring_2[7]
 540  006E  0F80        	mov a,128
 540  006F  0080     R  	mov _ktd_ring_2[6],a
 540  0070  2800     R  	jmp _L91
"File: hal_ktd.c     Assembler  Version HGASM0202      Page 24

 540  0071              _L78:
 547  0071              #line 547 "c:\users\user\documents\htk_project\qbell_master_mb_v1_2_f10\hal_ktd.c"
 547  0071  1F00     R  	clr _ktd_ring_2[7]
 547  0072  2800     R  	jmp _L90
 547  0073              _L77:
 554  0073              #line 554 "c:\users\user\documents\htk_project\qbell_master_mb_v1_2_f10\hal_ktd.c"
 554  0073  0F80        	mov a,128
 554  0074  0080     R  	mov _ktd_ring_2[7],a
 554  0075  2800     R  	jmp _L90
 554  0076              _L76:
 561  0076              #line 561 "c:\users\user\documents\htk_project\qbell_master_mb_v1_2_f10\hal_ktd.c"
 561  0076  1F80     R  	set _ktd_ring_2[7]
 561  0077              _L90:
 561  0077  1F80     R  	set _ktd_ring_2[6]
 561  0078              _L91:
 561  0078  1F80     R  	set _ktd_ring_2[5]
 561  0079              _L92:
 561  0079  1F80     R  	set _ktd_ring_2[4]
 561  007A              _L93:
 561  007A  1F80     R  	set _ktd_ring_2[3]
 561  007B              _L94:
 561  007B  1F80     R  	set _ktd_ring_2[2]
 561  007C              _L89:
 561  007C  0700     R  	mov a,_ktd_anticlockwise_ring_p1_2[1]
 561  007D  0080     R  	mov _ktd_ring_2[1],a
 561  007E  0700     R  	mov a,_ktd_anticlockwise_ring_p1_2[6]
 561  007F  0080     R  	mov _ktd_ring_2[0],a
 561  0080  0700     R  	mov a,_ktd_anticlockwise_ring_p1_2[0]
 561  0081  2000     R  	call _ktd_ring
 561  0082              _L75:
 567  0082              #line 567 "c:\users\user\documents\htk_project\qbell_master_mb_v1_2_f10\hal_ktd.c"
 567  0082  0700     R  	mov a,_ktd_anticlockwise_ring_p1_2[2]
 567  0083  0080     E  	mov _delay_2[0],a
 567  0084  0700     R  	mov a,_ktd_anticlockwise_ring_p1_2[3]
 567  0085  0080     E  	mov _delay_2[1],a
 567  0086  2000     E  	call _delay
 479  0087              #line 479 "c:\users\user\documents\htk_project\qbell_master_mb_v1_2_f10\hal_ktd.c"
 479  0087  1480     R  	inc _ktd_anticlockwise_ring_p1_2[7]
 479  0088  3D0A        	sz z
 479  0089  1480     R  	inc _ktd_anticlockwise_ring_p1_2[8]
 479  008A              _L74:
 479  008A  0700     R  	mov a,_ktd_anticlockwise_ring_p1_2[5]
 479  008B  0080     E  	mov rb,a
 479  008C  1F00     E  	clr rc
 479  008D  0700     E  	mov a,rb
 479  008E  0200     R  	sub a,_ktd_anticlockwise_ring_p1_2[7]
 479  008F  0700     E  	mov a,rc
 479  0090  1200     R  	sbc a,_ktd_anticlockwise_ring_p1_2[8]
 479  0091  3B8A        	snz sc
 479  0092  2800     R  	jmp _L88
 479  0093  0003        	ret
 479  0094              _ktd_anticlockwise_ring_p1 endp
 479  0094              #line 479 "c:\users\user\documents\htk_project\qbell_master_mb_v1_2_f10\hal_ktd.c"
 479  0094              #pragma debug scope 1 1
 479  0094              public _ktd_breath
 479  0094              #pragma debug scope 11 1
 574  0094              #line 574 "c:\users\user\documents\htk_project\qbell_master_mb_v1_2_f10\hal_ktd.c"
 574  0000              _ktd_breath .section 'code'
 574  0000              _ktd_breath proc
 574  0000  00              local _ktd_breath_2 db 1 dup(?)	; 0,1
"File: hal_ktd.c     Assembler  Version HGASM0202      Page 25

 574  0000  0080     E  	mov ra,a
 574  0001              #pragma debug variable 8 11 _ktd_breath_2+0 "delayMs"
 576  0001              #line 576 "c:\users\user\documents\htk_project\qbell_master_mb_v1_2_f10\hal_ktd.c"
 576  0001  0700     E  	mov a,ra
 576  0002  0080     R  	mov _ktd_ctrl_2[0],a
 576  0003  0F80        	mov a,128
 576  0004  2000     R  	call _ktd_ctrl
 577  0005              #line 577 "c:\users\user\documents\htk_project\qbell_master_mb_v1_2_f10\hal_ktd.c"
 577  0005  0F01        	mov a,1
 577  0006  0080     E  	mov _delay_2[0],a
 577  0007  1F00     E  	clr _delay_2[1]
 577  0008  2000     E  	call _delay
 578  0009              #line 578 "c:\users\user\documents\htk_project\qbell_master_mb_v1_2_f10\hal_ktd.c"
 578  0009  0F80        	mov a,128
 578  000A  0080     R  	mov _ktd_ring_2[7],a
 578  000B  1F00     R  	clr _ktd_ring_2[6]
 578  000C  1F80     R  	set _ktd_ring_2[5]
 578  000D  1F80     R  	set _ktd_ring_2[4]
 578  000E  1F80     R  	set _ktd_ring_2[3]
 578  000F  1F80     R  	set _ktd_ring_2[2]
 578  0010  1F00     R  	clr _ktd_ring_2[1]
 578  0011  1F80     R  	set _ktd_ring_2[0]
 578  0012  0F00        	mov a,0
 578  0013  2000     R  	call _ktd_ring
 578  0014  0003        	ret
 578  0015              _ktd_breath endp
 578  0015              #line 578 "c:\users\user\documents\htk_project\qbell_master_mb_v1_2_f10\hal_ktd.c"
 578  0015              #pragma debug scope 1 1
 578  0015              public _ktd_breath_battery
 578  0015              #pragma debug scope 12 1
 584  0015              #line 584 "c:\users\user\documents\htk_project\qbell_master_mb_v1_2_f10\hal_ktd.c"
 584  0000              _ktd_breath_battery .section 'code'
 584  0000              _ktd_breath_battery proc
 584  0000              public _ktd_breath_battery_2
 584  0000  0002[           local _ktd_breath_battery_2 db 2 dup(?)	; 1,1
            00
            ]
 584  0000  0080     E  	mov ra,a
 584  0001              #pragma debug variable 8 12 _ktd_breath_battery_2+1 "battValue"
 584  0001              #pragma debug variable 8 12 _ktd_breath_battery_2+0 "delayMs"
 585  0001              #line 585 "c:\users\user\documents\htk_project\qbell_master_mb_v1_2_f10\hal_ktd.c"
 585  0001  0700     E  	mov a,ra
 585  0002  0A08        	sub a,8
 585  0003  3D0A        	sz z
 585  0004  2800     R  	jmp _L98
 585  0005  0A01        	sub a,(9)-(8)
 585  0006  3D0A        	sz z
 585  0007  2800     R  	jmp _L103
 585  0008              #line 585 "c:\users\user\documents\htk_project\qbell_master_mb_v1_2_f10\hal_ktd.c"
 585  0008  0700     E  	mov a,ra
 585  0009  0A10        	sub a,16
 585  000A  3D0A        	sz z
 585  000B  2800     R  	jmp _L103
 585  000C  0700     E  	mov a,ra
 585  000D  0A11        	sub a,17
 585  000E  390A        	snz z
 585  000F  2800     R  	jmp _L103
 613  0010              #line 613 "c:\users\user\documents\htk_project\qbell_master_mb_v1_2_f10\hal_ktd.c"
 613  0010  0F80        	mov a,128
 613  0011  0080     R  	mov _ktd_ring_2[7],a
"File: hal_ktd.c     Assembler  Version HGASM0202      Page 26

 613  0012  1F80     R  	set _ktd_ring_2[6]
 613  0013  1F00     R  	clr _ktd_ring_2[5]
 613  0014  1F00     R  	clr _ktd_ring_2[4]
 613  0015  1F00     R  	clr _ktd_ring_2[3]
 613  0016  1F00     R  	clr _ktd_ring_2[2]
 613  0017  1F00     R  	clr _ktd_ring_2[1]
 613  0018  1F00     R  	clr _ktd_ring_2[0]
 613  0019  0FFF        	mov a,255
 613  001A  2800     R  	jmp _L104
 613  001B              _L98:
 588  001B              #line 588 "c:\users\user\documents\htk_project\qbell_master_mb_v1_2_f10\hal_ktd.c"
 588  001B  0F08        	mov a,8
 588  001C  0080     R  	mov _ktd_ring_2[7],a
 588  001D  1F80     R  	set _ktd_ring_2[6]
 588  001E  1F00     R  	clr _ktd_ring_2[5]
 588  001F  1F00     R  	clr _ktd_ring_2[4]
 588  0020  1F00     R  	clr _ktd_ring_2[3]
 588  0021  1F00     R  	clr _ktd_ring_2[2]
 588  0022  1F00     R  	clr _ktd_ring_2[1]
 588  0023  1F80     R  	set _ktd_ring_2[0]
 588  0024  2800     R  	jmp _L105
 588  0025              _L103:
 620  0025              #line 620 "c:\users\user\documents\htk_project\qbell_master_mb_v1_2_f10\hal_ktd.c"
 620  0025  1F80     R  	set _ktd_ring_2[7]
 620  0026  0F80        	mov a,128
 620  0027  0080     R  	mov _ktd_ring_2[6],a
 620  0028  1F00     R  	clr _ktd_ring_2[5]
 620  0029  1F00     R  	clr _ktd_ring_2[4]
 620  002A  1F00     R  	clr _ktd_ring_2[3]
 620  002B  1F00     R  	clr _ktd_ring_2[2]
 620  002C  1F80     R  	set _ktd_ring_2[1]
 620  002D  1F00     R  	clr _ktd_ring_2[0]
 620  002E              _L105:
 620  002E  0F00        	mov a,0
 620  002F              _L104:
 620  002F  2000     R  	call _ktd_ring
 620  0030  0003        	ret
 620  0031              _ktd_breath_battery endp
 620  0031              #line 620 "c:\users\user\documents\htk_project\qbell_master_mb_v1_2_f10\hal_ktd.c"
 620  0031              #pragma debug scope 1 1
 620  0031              extern _WriteI2C_Int_2:byte
 620  0031              extern _WriteI2C_Int:near
 620  0031              extern _delay_2:byte
 620  0031              extern _delay:near
 620  0031              
 620  0031              ; 
 620  0031              ; Generated by holtek-gcc v3.19, Tue Oct 18 18:45:18 2022
 620  0031              ; Rebuild 718
 620  0031              ; end of file


        0 Errors, 0