"File: hal_adc.c     Assembler  Version HGASM0202      Page 1


   1  0000              ; Generated by holtek-gcc v3.19, Mon Oct 17 12:39:57 2022
   2  0000              ; 
   3  0000              ; Configuration:
   4  0000              ;       with long instruction
   5  0000              ;       Single ROM, Multi-RAM
   6  0000              ;       bits_per_rom_unit:16
   7  0000              ;       with mp1
   8  0000              ;       with tbhp, address(0x9)
   9  0000              ;          Use tabrd-const
  10  0000              ;       
  11  0000              ; SFR address of long-instruction arch:
  12  0000              ;    mp0 = -1,1,0
  13  0000              ;    mp1 = 4,3,2
  14  0000              ;    mp2 = 14,13,12
  15  0000              ;    tbp = 9,7,8
  16  0000              ;    acc = 5
  17  0000              ;    pcl = 6
  18  0000              ;    status = 10
  19  0000              ;    bp = 11
  20  0000              ;    intc = 17
  21  0000              ;       
  22  0000              ;       
  23  0000              ; use 'tabrdc' instead of 'tabrd'
  24  0000              ;       
  25  0000              
  26  0000              #pragma translator "holtek-gcc 4.6.4" "3.19" "build 20130711"
  27  0000              ; Rebuild 718
  28  0000              
  29  0000              ir equ [2]
  30  0000              mp equ [3]
  31  0000              sbp equ [4]
  32  0000              acc equ [5]
  33  0000              bp equ [11]
  34  0000              tblp equ [7]
  35  0000              tbhp equ [9]
  36  0000              status equ [10]
  37  0000              c equ [10].0
  38  0000              ac equ [10].1
  39  0000              z equ [10].2
  40  0000              ov equ [10].3
  41  0000              cz equ [10].6
  42  0000              sc equ [10].7
  43  0000              intc equ [17]
  44  0000              
  45  0000              extern ra:byte
  46  0000              extern rb:byte
  47  0000              extern rc:byte
  48  0000              extern rd:byte
  49  0000              extern re:byte
  50  0000              extern rf:byte
  51  0000              extern rg:byte
  52  0000              extern rh:byte
  53  0000              extern _Crom2Prom:near
  54  0000              extern _Crom2PromNext:near
  55  0000              
  56  0000              RAMBANK 0 @BITDATASEC, @BITDATASEC1
  57  0000              @HCCINIT	.section 'data'
  58  0000              @HCCINIT0	.section 'data'
  59  0000              @BITDATASEC	 .section 'data'
"File: hal_adc.ASM   Assembler  Version HGASM0202      Page 2

  60  0000              @BITDATASEC1	 .section 'data'
  61  0000              
  62  0000              #pragma debug scope 1 1
  63  0000              	extern __DELAY3:near
  64  0000              	extern __DELAYX3:near
  65  0000              	extern __DELAYX6:near
  66  0000              	extern __DELAYY5:near
  67  0000              	extern __DELAYY3:near
  68  0000              	extern _builtin_holtek_delay_2:byte
  69  0000              ___sadc1 equ [35]
  70  0000              ___sadc0 equ [34]
  71  0000              ___pbs0 equ [93]
  72  0000              ___pas1 equ [92]
  73  0000              ___pbs1 equ [94]
  74  0000              ___pds0 equ [97]
  75  0000              public _adc_selectChannel
  76  0000              #pragma debug scope 2 1

  50  0000              #line 50 "c:\users\user\documents\htk_project\qbell_master_mb_v1_2_f10\hal_adc.c"
  50  0000              _adc_selectChannel .section 'code'
  50  0000              _adc_selectChannel proc
  50  0000  00              local _adc_selectChannel_2 db 1 dup(?)	; 0,1
  50  0000  0080     R  	mov _adc_selectChannel_2[0],a
  50  0001              #pragma debug variable 8 2 _adc_selectChannel_2+0 "ADC_Channel"
  51  0001              #line 51 "c:\users\user\documents\htk_project\qbell_master_mb_v1_2_f10\hal_adc.c"
  51  0001  0F0F        	mov a,15
  51  0002  06A3        	andm a,[35]
  53  0003              #line 53 "c:\users\user\documents\htk_project\qbell_master_mb_v1_2_f10\hal_adc.c"
  53  0003  0F0A        	mov a,10
  53  0004  0200     R  	sub a,_adc_selectChannel_2[0]
  53  0005  380A        	snz c
  53  0006  2800     R  	jmp _L2
  55  0007              #line 55 "c:\users\user\documents\htk_project\qbell_master_mb_v1_2_f10\hal_adc.c"
  55  0007  0FF0        	mov a,240
  55  0008  06A2        	andm a,[34]
  57  0009              #line 57 "c:\users\user\documents\htk_project\qbell_master_mb_v1_2_f10\hal_adc.c"
  57  0009  0700     R  	mov a,_adc_selectChannel_2[0]
  57  000A  05A2        	orm a,[34]
  59  000B              #line 59 "c:\users\user\documents\htk_project\qbell_master_mb_v1_2_f10\hal_adc.c"
  59  000B  0700     R  	mov a,_adc_selectChannel_2[0]
  59  000C  0A01        	sub a,1
  59  000D  3D0A        	sz z
  59  000E  2800     R  	jmp _L4
  59  000F  0A01        	sub a,(2)-(1)
  59  0010  3D0A        	sz z
  59  0011  2800     R  	jmp _L5
  59  0012  0700     R  	mov a,_adc_selectChannel_2[0]
  59  0013  0A03        	sub a,3
  59  0014  3D0A        	sz z
  59  0015  2800     R  	jmp _L6
  59  0016  0A01        	sub a,(4)-(3)
  59  0017  3D0A        	sz z
  59  0018  2800     R  	jmp _L7
  59  0019  0700     R  	mov a,_adc_selectChannel_2[0]
  59  001A  0A05        	sub a,5
  59  001B  3D0A        	sz z
  59  001C  2800     R  	jmp _L8
  59  001D  0A01        	sub a,(6)-(5)
  59  001E  3D0A        	sz z
  59  001F  2800     R  	jmp _L9
"File: hal_adc.c     Assembler  Version HGASM0202      Page 3

  59  0020  0700     R  	mov a,_adc_selectChannel_2[0]
  59  0021  0A07        	sub a,7
  59  0022  3D0A        	sz z
  59  0023  2800     R  	jmp _L10
  59  0024  0A01        	sub a,(8)-(7)
  59  0025  3D0A        	sz z
  59  0026  2800     R  	jmp _L11
  59  0027  0700     R  	mov a,_adc_selectChannel_2[0]
  59  0028  0A09        	sub a,9
  59  0029  3D0A        	sz z
  59  002A  2800     R  	jmp _L12
  59  002B  0A01        	sub a,(10)-(9)
  59  002C  3D0A        	sz z
  59  002D  2800     R  	jmp _L13
  62  002E              #line 62 "c:\users\user\documents\htk_project\qbell_master_mb_v1_2_f10\hal_adc.c"
  62  002E  30DD        	set [93].1
  62  002F  345D        	clr [93].0
  63  0030              #line 63 "c:\users\user\documents\htk_project\qbell_master_mb_v1_2_f10\hal_adc.c"
  63  0030  2800     R  	jmp _L1
  63  0031              _L4:
  66  0031              #line 66 "c:\users\user\documents\htk_project\qbell_master_mb_v1_2_f10\hal_adc.c"
  66  0031  31DD        	set [93].3
  66  0032  355D        	clr [93].2
  67  0033              #line 67 "c:\users\user\documents\htk_project\qbell_master_mb_v1_2_f10\hal_adc.c"
  67  0033  2800     R  	jmp _L1
  67  0034              _L5:
  70  0034              #line 70 "c:\users\user\documents\htk_project\qbell_master_mb_v1_2_f10\hal_adc.c"
  70  0034  32DD        	set [93].5
  70  0035  325D        	set [93].4
  71  0036              #line 71 "c:\users\user\documents\htk_project\qbell_master_mb_v1_2_f10\hal_adc.c"
  71  0036  2800     R  	jmp _L1
  71  0037              _L6:
  74  0037              #line 74 "c:\users\user\documents\htk_project\qbell_master_mb_v1_2_f10\hal_adc.c"
  74  0037  30DC        	set [92].1
  74  0038  305C        	set [92].0
  75  0039              #line 75 "c:\users\user\documents\htk_project\qbell_master_mb_v1_2_f10\hal_adc.c"
  75  0039  2800     R  	jmp _L1
  75  003A              _L7:
  78  003A              #line 78 "c:\users\user\documents\htk_project\qbell_master_mb_v1_2_f10\hal_adc.c"
  78  003A  31DC        	set [92].3
  78  003B  355C        	clr [92].2
  79  003C              #line 79 "c:\users\user\documents\htk_project\qbell_master_mb_v1_2_f10\hal_adc.c"
  79  003C  2800     R  	jmp _L1
  79  003D              _L8:
  82  003D              #line 82 "c:\users\user\documents\htk_project\qbell_master_mb_v1_2_f10\hal_adc.c"
  82  003D  32DC        	set [92].5
  82  003E  365C        	clr [92].4
  83  003F              #line 83 "c:\users\user\documents\htk_project\qbell_master_mb_v1_2_f10\hal_adc.c"
  83  003F  2800     R  	jmp _L1
  83  0040              _L9:
  86  0040              #line 86 "c:\users\user\documents\htk_project\qbell_master_mb_v1_2_f10\hal_adc.c"
  86  0040  33DC        	set [92].7
  86  0041  335C        	set [92].6
  87  0042              #line 87 "c:\users\user\documents\htk_project\qbell_master_mb_v1_2_f10\hal_adc.c"
  87  0042  2800     R  	jmp _L1
  87  0043              _L10:
  90  0043              #line 90 "c:\users\user\documents\htk_project\qbell_master_mb_v1_2_f10\hal_adc.c"
  90  0043  33DD        	set [93].7
  90  0044  335D        	set [93].6
  91  0045              #line 91 "c:\users\user\documents\htk_project\qbell_master_mb_v1_2_f10\hal_adc.c"
"File: hal_adc.c     Assembler  Version HGASM0202      Page 4

  91  0045  2800     R  	jmp _L1
  91  0046              _L11:
  94  0046              #line 94 "c:\users\user\documents\htk_project\qbell_master_mb_v1_2_f10\hal_adc.c"
  94  0046  30DE        	set [94].1
  94  0047  305E        	set [94].0
  95  0048              #line 95 "c:\users\user\documents\htk_project\qbell_master_mb_v1_2_f10\hal_adc.c"
  95  0048  2800     R  	jmp _L1
  95  0049              _L12:
  98  0049              #line 98 "c:\users\user\documents\htk_project\qbell_master_mb_v1_2_f10\hal_adc.c"
  98  0049  33E1        	set [97].7
  98  004A  3361        	set [97].6
  99  004B              #line 99 "c:\users\user\documents\htk_project\qbell_master_mb_v1_2_f10\hal_adc.c"
  99  004B  2800     R  	jmp _L1
  99  004C              _L13:
 102  004C              #line 102 "c:\users\user\documents\htk_project\qbell_master_mb_v1_2_f10\hal_adc.c"
 102  004C  32E1        	set [97].5
 102  004D  3261        	set [97].4
 103  004E              #line 103 "c:\users\user\documents\htk_project\qbell_master_mb_v1_2_f10\hal_adc.c"
 103  004E  2800     R  	jmp _L1
 103  004F              _L2:
 116  004F              #line 116 "c:\users\user\documents\htk_project\qbell_master_mb_v1_2_f10\hal_adc.c"
 116  004F  0700     R  	mov a,_adc_selectChannel_2[0]
 116  0050  05A3        	orm a,[35]
 116  0051              _L1:
 116  0051  0003        	ret
 116  0052              _adc_selectChannel endp
 116  0052              #line 116 "c:\users\user\documents\htk_project\qbell_master_mb_v1_2_f10\hal_adc.c"
 116  0052              #pragma debug scope 1 1
 116  0052              ___vbgrc equ [74]
 116  0052              ___sadoh equ [33]
 116  0052              ___sadol equ [32]
 116  0052              public _adc_getValue
 116  0052              #pragma debug scope 3 1
 132  0052              #line 132 "c:\users\user\documents\htk_project\qbell_master_mb_v1_2_f10\hal_adc.c"
 132  0000              _adc_getValue .section 'code'
 132  0000              _adc_getValue proc
 133  0000              #line 133 "c:\users\user\documents\htk_project\qbell_master_mb_v1_2_f10\hal_adc.c"
 133  0000  304A        	set [74].0
 135  0001              #line 135 "c:\users\user\documents\htk_project\qbell_master_mb_v1_2_f10\hal_adc.c"
 135  0001  37A2        	clr [34].7
 135  0002  33A2        	set [34].7
 135  0003  37A2        	clr [34].7
 135  0004              _L18:
 137  0004              #line 137 "c:\users\user\documents\htk_project\qbell_master_mb_v1_2_f10\hal_adc.c"
 137  0004  3F22        	sz [34].6
 137  0005  2800     R  	jmp _L18
 141  0006              #line 141 "c:\users\user\documents\htk_project\qbell_master_mb_v1_2_f10\hal_adc.c"
 141  0006  0721        	mov a,[33]
 141  0007  0080     E  	mov rd,a
 141  0008  0720        	mov a,[32]
 141  0009  0080     E  	mov ra,a
 148  000A              #line 148 "c:\users\user\documents\htk_project\qbell_master_mb_v1_2_f10\hal_adc.c"
 148  000A  344A        	clr [74].0
 141  000B              #line 141 "c:\users\user\documents\htk_project\qbell_master_mb_v1_2_f10\hal_adc.c"
 141  000B  0700     E  	mov a,rd
 141  000C  0080     E  	mov rc,a
 141  000D  1F00     E  	clr rb
 150  000E              #line 150 "c:\users\user\documents\htk_project\qbell_master_mb_v1_2_f10\hal_adc.c"
 150  000E  0700     E  	mov a,rc
 150  000F  0080     E  	mov re,a
"File: hal_adc.c     Assembler  Version HGASM0202      Page 5

 150  0010  0700     E  	mov a,ra
 150  0011  0500     E  	or a,rb
 150  0012  0080     E  	mov rd,a
 150  0013  0700     E  	mov a,rd
 150  0014  0080     E  	mov ra,a
 150  0015  0700     E  	mov a,re
 150  0016  0080     E  	mov rb,a
 150  0017  0003        	ret
 150  0018              _adc_getValue endp
 150  0018              #line 150 "c:\users\user\documents\htk_project\qbell_master_mb_v1_2_f10\hal_adc.c"
 150  0018              #pragma debug scope 1 1
 150  0018              ___mfi2 equ [78]
 150  0018              ___lvdc equ [24]
 150  0018              public _lvd_init
 150  0018              #pragma debug scope 4 1
 154  0018              #line 154 "c:\users\user\documents\htk_project\qbell_master_mb_v1_2_f10\hal_adc.c"
 154  0000              _lvd_init .section 'code'
 154  0000              _lvd_init proc
 155  0000              #line 155 "c:\users\user\documents\htk_project\qbell_master_mb_v1_2_f10\hal_adc.c"
 155  0000  304E        	set [78].0
 156  0001              #line 156 "c:\users\user\documents\htk_project\qbell_master_mb_v1_2_f10\hal_adc.c"
 156  0001  3218        	set [24].4
 157  0002              #line 157 "c:\users\user\documents\htk_project\qbell_master_mb_v1_2_f10\hal_adc.c"
 157  0002  3518        	clr [24].2
 157  0003  3098        	set [24].1
 157  0004  3418        	clr [24].0
 157  0005  0003        	ret
 157  0006              _lvd_init endp
 157  0006              #line 157 "c:\users\user\documents\htk_project\qbell_master_mb_v1_2_f10\hal_adc.c"
 157  0006              #pragma debug scope 1 1
 157  0006              ___sadc2 equ [36]
 157  0006              public _adc_init
 157  0006              #pragma debug scope 5 1
  21  0006              #line 21 "c:\users\user\documents\htk_project\qbell_master_mb_v1_2_f10\hal_adc.c"
  21  0000              _adc_init .section 'code'
  21  0000              _adc_init proc
  22  0000              #line 22 "c:\users\user\documents\htk_project\qbell_master_mb_v1_2_f10\hal_adc.c"
  22  0000  3523        	clr [35].2
  22  0001  34A3        	clr [35].1
  22  0002  3423        	clr [35].0
  23  0003              #line 23 "c:\users\user\documents\htk_project\qbell_master_mb_v1_2_f10\hal_adc.c"
  23  0003  32A2        	set [34].5
  24  0004              #line 24 "c:\users\user\documents\htk_project\qbell_master_mb_v1_2_f10\hal_adc.c"
  24  0004  37A3        	clr [35].7
  24  0005  3723        	clr [35].6
  24  0006  36A3        	clr [35].5
  24  0007  3623        	clr [35].4
  28  0008              #line 28 "c:\users\user\documents\htk_project\qbell_master_mb_v1_2_f10\hal_adc.c"
  28  0008  3222        	set [34].4
  30  0009              #line 30 "c:\users\user\documents\htk_project\qbell_master_mb_v1_2_f10\hal_adc.c"
  30  0009  35A4        	clr [36].3
  30  000A  35A4        	clr [36].3
  33  000B              #line 33 "c:\users\user\documents\htk_project\qbell_master_mb_v1_2_f10\hal_adc.c"
  33  000B  0F02        	mov a,2
  33  000C  2000     R  	call _adc_selectChannel
  34  000D              #line 34 "c:\users\user\documents\htk_project\qbell_master_mb_v1_2_f10\hal_adc.c"
  34  000D  2000     R  	call _lvd_init
  36  000E              #line 36 "c:\users\user\documents\htk_project\qbell_master_mb_v1_2_f10\hal_adc.c"
  36  000E  0F0A        	mov a,10
  36  000F  0080     E  	mov _delay_2[0],a
"File: hal_adc.c     Assembler  Version HGASM0202      Page 6

  36  0010  1F00     E  	clr _delay_2[1]
  36  0011  2000     E  	call _delay
  36  0012  0003        	ret
  36  0013              _adc_init endp
  36  0013              #line 36 "c:\users\user\documents\htk_project\qbell_master_mb_v1_2_f10\hal_adc.c"
  36  0013              #pragma debug scope 1 1
  36  0013              public _lvd_read
  36  0013              #pragma debug scope 6 1
 161  0013              #line 161 "c:\users\user\documents\htk_project\qbell_master_mb_v1_2_f10\hal_adc.c"
 161  0000              _lvd_read .section 'code'
 161  0000              _lvd_read proc
 162  0000              #line 162 "c:\users\user\documents\htk_project\qbell_master_mb_v1_2_f10\hal_adc.c"
 162  0000  3A98        	snz [24].5
 162  0001  2800     R  	jmp _L22
 163  0002              #line 163 "c:\users\user\documents\htk_project\qbell_master_mb_v1_2_f10\hal_adc.c"
 163  0002  0F01        	mov a,1
 163  0003  0080     E  	mov _intF[31],a
 163  0004  2800     R  	jmp _L23
 163  0005              _L22:
 165  0005              #line 165 "c:\users\user\documents\htk_project\qbell_master_mb_v1_2_f10\hal_adc.c"
 165  0005  1F00     E  	clr _intF[31]
 165  0006              _L23:
 168  0006              #line 168 "c:\users\user\documents\htk_project\qbell_master_mb_v1_2_f10\hal_adc.c"
 168  0006  0700     E  	mov a,_intF[31]
 168  0007  0003        	ret
 168  0008              _lvd_read endp
 168  0008              #line 168 "c:\users\user\documents\htk_project\qbell_master_mb_v1_2_f10\hal_adc.c"
 168  0008              #pragma debug scope 1 1
 168  0008              ___pd equ [82]
 168  0008              public _rgb_led_ctrl
 168  0008              #pragma debug scope 7 1
 171  0008              #line 171 "c:\users\user\documents\htk_project\qbell_master_mb_v1_2_f10\hal_adc.c"
 171  0000              _rgb_led_ctrl .section 'code'
 171  0000              _rgb_led_ctrl proc
 171  0000              public _rgb_led_ctrl_2
 171  0000  0003[           local _rgb_led_ctrl_2 db 3 dup(?)	; 2,1
            00
            ]
 171  0000  0080     E  	mov ra,a
 171  0001  0080     R  	mov _rgb_led_ctrl_2[2],a
 171  0002              #pragma debug variable 8 7 _rgb_led_ctrl_2+2 "r"
 171  0002              #pragma debug variable 8 7 _rgb_led_ctrl_2+0 "g"
 171  0002              #pragma debug variable 8 7 _rgb_led_ctrl_2+1 "b"
 172  0002              #line 172 "c:\users\user\documents\htk_project\qbell_master_mb_v1_2_f10\hal_adc.c"
 172  0002  0F01        	mov a,1
 172  0003  0680     E  	andm a,ra
 172  0004  3452        	clr [82].0
 172  0005  0700     E  	mov a,ra
 172  0006  05D2        	orm a,[82]
 172  0007  0700     R  	mov a,_rgb_led_ctrl_2[1]
 172  0008  0E01        	and a,1
 172  0009  0080     E  	mov rb,a
 172  000A  1F00     E  	clr ra
 172  000B  1080     E  	sz rb
 172  000C  3000     E  	set ra.2
 172  000D  3552        	clr [82].2
 172  000E  0700     E  	mov a,ra
 172  000F  05D2        	orm a,[82]
 172  0010  0700     R  	mov a,_rgb_led_ctrl_2[0]
 172  0011  0E01        	and a,1
"File: hal_adc.c     Assembler  Version HGASM0202      Page 7

 172  0012  0080     E  	mov ra,a
 172  0013  0700     E  	mov a,ra
 172  0014  0380     E  	addm a,ra
 172  0015  34D2        	clr [82].1
 172  0016  0700     E  	mov a,ra
 172  0017  05D2        	orm a,[82]
 172  0018  0003        	ret
 172  0019              _rgb_led_ctrl endp
 172  0019              #line 172 "c:\users\user\documents\htk_project\qbell_master_mb_v1_2_f10\hal_adc.c"
 172  0019              #pragma debug scope 1 1
 172  0019              public _rgb_mode
 172  0019              #pragma debug scope 8 1
 176  0019              #line 176 "c:\users\user\documents\htk_project\qbell_master_mb_v1_2_f10\hal_adc.c"
 176  0000              _rgb_mode .section 'code'
 176  0000              _rgb_mode proc
 176  0000  00              local _rgb_mode_2 db 1 dup(?)	; 0,1
 176  0000  0080     E  	mov ra,a
 176  0001              #pragma debug variable 8 8 _rgb_mode_2+0 "mode"
 177  0001              #line 177 "c:\users\user\documents\htk_project\qbell_master_mb_v1_2_f10\hal_adc.c"
 177  0001  0700     E  	mov a,ra
 177  0002  0A08        	sub a,8
 177  0003  3D0A        	sz z
 177  0004  2800     R  	jmp _L27
 177  0005  0A01        	sub a,(9)-(8)
 177  0006  3D0A        	sz z
 177  0007  2800     R  	jmp _L29
 177  0008              #line 177 "c:\users\user\documents\htk_project\qbell_master_mb_v1_2_f10\hal_adc.c"
 177  0008  0700     E  	mov a,ra
 177  0009  0A10        	sub a,16
 177  000A  3D0A        	sz z
 177  000B  2800     R  	jmp _L29
 177  000C  0700     E  	mov a,ra
 177  000D  0A11        	sub a,17
 177  000E  390A        	snz z
 177  000F  2800     R  	jmp _L25
 192  0010              #line 192 "c:\users\user\documents\htk_project\qbell_master_mb_v1_2_f10\hal_adc.c"
 192  0010  1F00     R  	clr _rgb_led_ctrl_2[1]
 192  0011  1F00     R  	clr _rgb_led_ctrl_2[0]
 192  0012  0F01        	mov a,1
 192  0013  2800     R  	jmp _L31
 192  0014              _L27:
 180  0014              #line 180 "c:\users\user\documents\htk_project\qbell_master_mb_v1_2_f10\hal_adc.c"
 180  0014  1F00     R  	clr _rgb_led_ctrl_2[1]
 180  0015  0F01        	mov a,1
 180  0016  0080     R  	mov _rgb_led_ctrl_2[0],a
 180  0017  2800     R  	jmp _L32
 180  0018              _L29:
 188  0018              #line 188 "c:\users\user\documents\htk_project\qbell_master_mb_v1_2_f10\hal_adc.c"
 188  0018  0F01        	mov a,1
 188  0019  0080     R  	mov _rgb_led_ctrl_2[1],a
 188  001A  1F00     R  	clr _rgb_led_ctrl_2[0]
 188  001B              _L32:
 188  001B  0F00        	mov a,0
 188  001C              _L31:
 192  001C              #line 192 "c:\users\user\documents\htk_project\qbell_master_mb_v1_2_f10\hal_adc.c"
 192  001C  2000     R  	call _rgb_led_ctrl
 192  001D              _L25:
 192  001D  0003        	ret
 192  001E              _rgb_mode endp
 192  001E              #line 192 "c:\users\user\documents\htk_project\qbell_master_mb_v1_2_f10\hal_adc.c"
"File: hal_adc.c     Assembler  Version HGASM0202      Page 8

 192  001E              #pragma debug scope 1 1
 192  001E              #pragma debug struct_end
 192  001E              #pragma debug struct_end
 192  001E              #pragma debug union_end
 192  001E              #pragma debug union_end
 192  001E              #pragma debug variable 43 1 ___lvdc "__lvdc" 1
 192  001E              #pragma debug variable 8 1 ___sadol "__sadol" 1
 192  001E              #pragma debug variable 8 1 ___sadoh "__sadoh" 1
 192  001E              #pragma debug struct_end
 192  001E              #pragma debug struct_end
 192  001E              #pragma debug union_end
 192  001E              #pragma debug union_end
 192  001E              #pragma debug variable 45 1 ___sadc0 "__sadc0" 1
 192  001E              #pragma debug struct_end
 192  001E              #pragma debug struct_end
 192  001E              #pragma debug union_end
 192  001E              #pragma debug union_end
 192  001E              #pragma debug variable 47 1 ___sadc1 "__sadc1" 1
 192  001E              #pragma debug struct_end
 192  001E              #pragma debug struct_end
 192  001E              #pragma debug union_end
 192  001E              #pragma debug union_end
 192  001E              #pragma debug variable 49 1 ___sadc2 "__sadc2" 1
 192  001E              #pragma debug struct_end
 192  001E              #pragma debug struct_end
 192  001E              #pragma debug union_end
 192  001E              #pragma debug union_end
 192  001E              #pragma debug variable 51 1 ___vbgrc "__vbgrc" 1
 192  001E              #pragma debug struct_end
 192  001E              #pragma debug struct_end
 192  001E              #pragma debug union_end
 192  001E              #pragma debug union_end
 192  001E              #pragma debug variable 53 1 ___mfi2 "__mfi2" 1
 192  001E              #pragma debug struct_end
 192  001E              #pragma debug struct_end
 192  001E              #pragma debug union_end
 192  001E              #pragma debug union_end
 192  001E              #pragma debug variable 55 1 ___pd "__pd" 1
 192  001E              #pragma debug struct_end
 192  001E              #pragma debug struct_end
 192  001E              #pragma debug union_end
 192  001E              #pragma debug union_end
 192  001E              #pragma debug variable 57 1 ___pas1 "__pas1" 1
 192  001E              #pragma debug struct_end
 192  001E              #pragma debug struct_end
 192  001E              #pragma debug union_end
 192  001E              #pragma debug union_end
 192  001E              #pragma debug variable 59 1 ___pbs0 "__pbs0" 1
 192  001E              #pragma debug struct_end
 192  001E              #pragma debug struct_end
 192  001E              #pragma debug union_end
 192  001E              #pragma debug union_end
 192  001E              #pragma debug variable 61 1 ___pbs1 "__pbs1" 1
 192  001E              #pragma debug struct_end
 192  001E              #pragma debug struct_end
 192  001E              #pragma debug union_end
 192  001E              #pragma debug union_end
 192  001E              #pragma debug variable 63 1 ___pds0 "__pds0" 1
 192  001E              
 192  001E              ; output external variables
"File: hal_adc.c     Assembler  Version HGASM0202      Page 9

 192  001E              extern _intF:byte
 192  001E              extern _delay_2:byte
 192  001E              extern _delay:near
 192  001E              
 192  001E              ; 
 192  001E              ; Generated by holtek-gcc v3.19, Mon Oct 17 12:39:57 2022
 192  001E              ; Rebuild 718
 192  001E              ; end of file


        0 Errors, 0