"File: main.c        Assembler  Version HGASM0202      Page 1


   1  0000              ; Generated by holtek-gcc v3.19, Tue Oct 18 18:45:16 2022
   2  0000              ; 
   3  0000              ; Configuration:
   4  0000              ;       with long instruction
   5  0000              ;       Single ROM, Multi-RAM
   6  0000              ;       bits_per_rom_unit:16
   7  0000              ;       with mp1
   8  0000              ;       with tbhp, address(0x9)
   9  0000              ;          Use tabrd-const
  10  0000              ;       
  11  0000              ; SFR address of long-instruction arch:
  12  0000              ;    mp0 = -1,1,0
  13  0000              ;    mp1 = 4,3,2
  14  0000              ;    mp2 = 14,13,12
  15  0000              ;    tbp = 9,7,8
  16  0000              ;    acc = 5
  17  0000              ;    pcl = 6
  18  0000              ;    status = 10
  19  0000              ;    bp = 11
  20  0000              ;    intc = 17
  21  0000              ;       
  22  0000              ;       
  23  0000              ; use 'tabrdc' instead of 'tabrd'
  24  0000              ;       
  25  0000              
  26  0000              #pragma translator "holtek-gcc 4.6.4" "3.19" "build 20130711"
  27  0000              ; Rebuild 718
  28  0000              
  29  0000              ir equ [2]
  30  0000              mp equ [3]
  31  0000              sbp equ [4]
  32  0000              acc equ [5]
  33  0000              bp equ [11]
  34  0000              tblp equ [7]
  35  0000              tbhp equ [9]
  36  0000              status equ [10]
  37  0000              c equ [10].0
  38  0000              ac equ [10].1
  39  0000              z equ [10].2
  40  0000              ov equ [10].3
  41  0000              cz equ [10].6
  42  0000              sc equ [10].7
  43  0000              intc equ [17]
  44  0000              
  45  0000              extern ra:byte
  46  0000              extern rb:byte
  47  0000              extern rc:byte
  48  0000              extern rd:byte
  49  0000              extern re:byte
  50  0000              extern rf:byte
  51  0000              extern rg:byte
  52  0000              extern rh:byte
  53  0000              extern _Crom2Prom:near
  54  0000              extern _Crom2PromNext:near
  55  0000              
  56  0000              RAMBANK 0 @BITDATASEC, @BITDATASEC1
  57  0000              @HCCINIT	.section 'data'
  58  0000              @HCCINIT0	.section 'data'
  59  0000              @BITDATASEC	 .section 'data'
"File: main.ASM      Assembler  Version HGASM0202      Page 2

  60  0000              @BITDATASEC1	 .section 'data'
  61  0000              
  62  0000              #pragma debug scope 1 1
  63  0000              	extern __DELAY3:near
  64  0000              	extern __DELAYX3:near
  65  0000              	extern __DELAYX6:near
  66  0000              	extern __DELAYY5:near
  67  0000              	extern __DELAYY3:near
  68  0000              	extern _builtin_holtek_delay_2:byte
  69  0000              public _main
  70  0000              #pragma debug scope 2 1

  33  0000              #line 33 "c:\users\user\documents\htk_project\qbell_master_mb_v1_2_f10\main.c"
  33  0000              IFDEF WITH_DEFAULT_STARTUP
  33  0000              extern _main_initial0:near
  33  0000              extern _main_startup:near
  33  0000              ENDIF
  33  0000              
  33  0000              ROMBANK 0 @start
  33  0000              @start .section com_l 'code'
  33  0000              _main_startup1:
  33  0000              @start .section com_e 'code'
  33  0000  2800     R  	jmp _main
  33  0001              
  33  0000              _main .section 'code'
  33  0000              _main proc
  34  0000              #line 34 "c:\users\user\documents\htk_project\qbell_master_mb_v1_2_f10\main.c"
  34  0000  2000     E  	call _Sys_init
  35  0001              #line 35 "c:\users\user\documents\htk_project\qbell_master_mb_v1_2_f10\main.c"
  35  0001  2000     E  	call _sysInit
  37  0002              #line 37 "c:\users\user\documents\htk_project\qbell_master_mb_v1_2_f10\main.c"
  37  0002  2000     E  	call _app_eeprom_check
  37  0003              _L2:
  40  0003              #line 40 "c:\users\user\documents\htk_project\qbell_master_mb_v1_2_f10\main.c"
  40  0003              ;# 40 "c:\users\user\documents\htk_project\qbell_master_mb_v1_2_f10\main.c" 1
  40  0003  0001        	clr wdt
  62  0004              #line 62 "c:\users\user\documents\htk_project\qbell_master_mb_v1_2_f10\main.c"
  62  0004  1080     E  	sz _intF[38]
  62  0005  2800     R  	jmp _L3
  63  0006              #line 63 "c:\users\user\documents\htk_project\qbell_master_mb_v1_2_f10\main.c"
  63  0006  2000     E  	call _app
  63  0007  2800     R  	jmp _L2
  63  0008              _L3:
  67  0008              #line 67 "c:\users\user\documents\htk_project\qbell_master_mb_v1_2_f10\main.c"
  67  0008  0F25        	mov a,37
  67  0009  0080     E  	mov _ktd_ctrl_2[0],a
  67  000A  0F80        	mov a,128
  67  000B  2000     E  	call _ktd_ctrl
  68  000C              #line 68 "c:\users\user\documents\htk_project\qbell_master_mb_v1_2_f10\main.c"
  68  000C  1F80     E  	set _ktd_rgb_ctrl_2[1]
  68  000D  1F00     E  	clr _ktd_rgb_ctrl_2[0]
  68  000E  0F00        	mov a,0
  68  000F  2000     E  	call _ktd_rgb_ctrl
  69  0010              #line 69 "c:\users\user\documents\htk_project\qbell_master_mb_v1_2_f10\main.c"
  69  0010  0FB8        	mov a,-72
  69  0011  0080     E  	mov _delay_2[0],a
  69  0012  0F0B        	mov a,11
  69  0013  0080     E  	mov _delay_2[1],a
  69  0014  2000     E  	call _delay
  70  0015              #line 70 "c:\users\user\documents\htk_project\qbell_master_mb_v1_2_f10\main.c"
"File: main.c        Assembler  Version HGASM0202      Page 3

  70  0015  2000     E  	call _ktd_clear
  71  0016              #line 71 "c:\users\user\documents\htk_project\qbell_master_mb_v1_2_f10\main.c"
  71  0016  0FB8        	mov a,-72
  71  0017  0080     E  	mov _delay_2[0],a
  71  0018  0F0B        	mov a,11
  71  0019  0080     E  	mov _delay_2[1],a
  71  001A  2000     E  	call _delay
  71  001B  2800     R  	jmp _L2
  71  001C  2800     R  	jmp $
  71  001D              _main endp
  71  001D              
  71  001D              @dummy endp
  71  001D              
  71  001D              #line 71 "c:\users\user\documents\htk_project\qbell_master_mb_v1_2_f10\main.c"
  71  001D              #pragma debug scope 1 1
  71  001D              
  71  001D              ; output external variables
  71  001D              extern _intF:byte
  33  001D              #line 33 "c:\users\user\documents\htk_project\qbell_master_mb_v1_2_f10\main.c"
  33  0000              @code .section at 0 'code'
  33  0000  2800     R  	jmp _main_startup1
  33  0001              
  33  0001              extern _Sys_init:near
  33  0001              extern _sysInit:near
  33  0001              extern _app_eeprom_check:near
  33  0001              extern _app:near
  33  0001              extern _ktd_ctrl_2:byte
  33  0001              extern _ktd_ctrl:near
  33  0001              extern _ktd_rgb_ctrl_2:byte
  33  0001              extern _ktd_rgb_ctrl:near
  33  0001              extern _delay_2:byte
  33  0001              extern _delay:near
  33  0001              extern _ktd_clear:near
  33  0001              
  33  0001              ; 
  33  0001              ; Generated by holtek-gcc v3.19, Tue Oct 18 18:45:16 2022
  33  0001              ; Rebuild 718
  33  0001              ; end of file


        0 Errors, 0